2022-08-05 11:04:53,928 - pyskl - INFO - Environment info:
------------------------------------------------------------
sys.platform: linux
Python: 3.7.11 (default, Jul 27 2021, 14:32:16) [GCC 7.5.0]
CUDA available: True
GPU 0,1: Tesla P100-SXM2-16GB
CUDA_HOME: /usr/local/cuda
NVCC: Cuda compilation tools, release 10.1, V10.1.105
GCC: gcc (GCC) 4.8.5 20150623 (Red Hat 4.8.5-4)
PyTorch: 1.7.1
PyTorch compiling details: PyTorch built with:
  - GCC 7.3
  - C++ Version: 201402
  - Intel(R) oneAPI Math Kernel Library Version 2021.4-Product Build 20210904 for Intel(R) 64 architecture applications
  - Intel(R) MKL-DNN v1.6.0 (Git Hash 5ef631a030a6f73131c77892041042805a06064f)
  - OpenMP 201511 (a.k.a. OpenMP 4.5)
  - NNPACK is enabled
  - CPU capability usage: AVX2
  - CUDA Runtime 10.1
  - NVCC architecture flags: -gencode;arch=compute_37,code=sm_37;-gencode;arch=compute_50,code=sm_50;-gencode;arch=compute_60,code=sm_60;-gencode;arch=compute_61,code=sm_61;-gencode;arch=compute_70,code=sm_70;-gencode;arch=compute_75,code=sm_75;-gencode;arch=compute_37,code=compute_37
  - CuDNN 7.6.3
  - Magma 2.5.2
  - Build settings: BLAS=MKL, BUILD_TYPE=Release, CXX_FLAGS= -Wno-deprecated -fvisibility-inlines-hidden -DUSE_PTHREADPOOL -fopenmp -DNDEBUG -DUSE_FBGEMM -DUSE_QNNPACK -DUSE_PYTORCH_QNNPACK -DUSE_XNNPACK -DUSE_VULKAN_WRAPPER -O2 -fPIC -Wno-narrowing -Wall -Wextra -Werror=return-type -Wno-missing-field-initializers -Wno-type-limits -Wno-array-bounds -Wno-unknown-pragmas -Wno-sign-compare -Wno-unused-parameter -Wno-unused-variable -Wno-unused-function -Wno-unused-result -Wno-unused-local-typedefs -Wno-strict-overflow -Wno-strict-aliasing -Wno-error=deprecated-declarations -Wno-stringop-overflow -Wno-psabi -Wno-error=pedantic -Wno-error=redundant-decls -Wno-error=old-style-cast -fdiagnostics-color=always -faligned-new -Wno-unused-but-set-variable -Wno-maybe-uninitialized -fno-math-errno -fno-trapping-math -Werror=format -Wno-stringop-overflow, PERF_WITH_AVX=1, PERF_WITH_AVX2=1, PERF_WITH_AVX512=1, USE_CUDA=ON, USE_EXCEPTION_PTR=1, USE_GFLAGS=OFF, USE_GLOG=OFF, USE_MKL=ON, USE_MKLDNN=ON, USE_MPI=OFF, USE_NCCL=ON, USE_NNPACK=ON, USE_OPENMP=ON, 

TorchVision: 0.8.2
OpenCV: 4.5.5
MMCV: 1.4.5
MMCV Compiler: GCC 7.3
MMCV CUDA Compiler: 10.1
pyskl: 0.1.0+
------------------------------------------------------------

2022-08-05 11:04:54,056 - pyskl - INFO - Config: model = dict(
    type='RecognizerGCN',
    backbone=dict(
        type='STGCNSkip',
        gcn_adaptive='init',
        gcn_with_res=True,
        tcn_type='mstcn',
        graph_cfg=dict(layout='cocolr', mode='spatial_lr3a')),
    cls_head=dict(type='GCNHead', num_classes=60, in_channels=256))
dataset_type = 'PoseDataset'
ann_file = 'data/nturgbd/ntu60_hrnet.pkl'
train_pipeline = [
    dict(type='PreNormalize2D'),
    dict(type='GenSkeFeat', dataset='coco', feats=['j']),
    dict(type='UniformSample', clip_len=100),
    dict(type='PoseDecode'),
    dict(type='FormatGCNInput', num_person=2),
    dict(type='Collect', keys=['keypoint', 'label'], meta_keys=[]),
    dict(type='ToTensor', keys=['keypoint'])
]
val_pipeline = [
    dict(type='PreNormalize2D'),
    dict(type='GenSkeFeat', dataset='coco', feats=['j']),
    dict(type='UniformSample', clip_len=100, num_clips=1, test_mode=True),
    dict(type='PoseDecode'),
    dict(type='FormatGCNInput', num_person=2),
    dict(type='Collect', keys=['keypoint', 'label'], meta_keys=[]),
    dict(type='ToTensor', keys=['keypoint'])
]
test_pipeline = [
    dict(type='PreNormalize2D'),
    dict(type='GenSkeFeat', dataset='coco', feats=['j']),
    dict(type='UniformSample', clip_len=100, num_clips=10, test_mode=True),
    dict(type='PoseDecode'),
    dict(type='FormatGCNInput', num_person=2),
    dict(type='Collect', keys=['keypoint', 'label'], meta_keys=[]),
    dict(type='ToTensor', keys=['keypoint'])
]
data = dict(
    videos_per_gpu=64,
    workers_per_gpu=2,
    test_dataloader=dict(videos_per_gpu=1),
    train=dict(
        type='RepeatDataset',
        times=5,
        dataset=dict(
            type='PoseDataset',
            ann_file='data/nturgbd/ntu60_hrnet.pkl',
            pipeline=[
                dict(type='PreNormalize2D'),
                dict(type='GenSkeFeat', dataset='coco', feats=['j']),
                dict(type='UniformSample', clip_len=100),
                dict(type='PoseDecode'),
                dict(type='FormatGCNInput', num_person=2),
                dict(type='Collect', keys=['keypoint', 'label'], meta_keys=[]),
                dict(type='ToTensor', keys=['keypoint'])
            ],
            split='xsub_train')),
    val=dict(
        type='PoseDataset',
        ann_file='data/nturgbd/ntu60_hrnet.pkl',
        pipeline=[
            dict(type='PreNormalize2D'),
            dict(type='GenSkeFeat', dataset='coco', feats=['j']),
            dict(
                type='UniformSample',
                clip_len=100,
                num_clips=1,
                test_mode=True),
            dict(type='PoseDecode'),
            dict(type='FormatGCNInput', num_person=2),
            dict(type='Collect', keys=['keypoint', 'label'], meta_keys=[]),
            dict(type='ToTensor', keys=['keypoint'])
        ],
        split='xsub_val'),
    test=dict(
        type='PoseDataset',
        ann_file='data/nturgbd/ntu60_hrnet.pkl',
        pipeline=[
            dict(type='PreNormalize2D'),
            dict(type='GenSkeFeat', dataset='coco', feats=['j']),
            dict(
                type='UniformSample',
                clip_len=100,
                num_clips=10,
                test_mode=True),
            dict(type='PoseDecode'),
            dict(type='FormatGCNInput', num_person=2),
            dict(type='Collect', keys=['keypoint', 'label'], meta_keys=[]),
            dict(type='ToTensor', keys=['keypoint'])
        ],
        split='xsub_val'))
optimizer = dict(
    type='SGD', lr=0.1, momentum=0.9, weight_decay=0.0005, nesterov=True)
optimizer_config = dict(grad_clip=None)
lr_config = dict(policy='CosineAnnealing', min_lr=0, by_epoch=False)
total_epochs = 120
checkpoint_config = dict(interval=120)
evaluation = dict(interval=1, metrics=['top_k_accuracy'], topk=(1, 2))
log_config = dict(interval=100, hooks=[dict(type='TextLoggerHook')])
log_level = 'INFO'
work_dir = './work_dirs/stgcn++/stgcn++_ntu60_xsub_hrnet/j-hrnet-cliplen100-gpu2-time5-bs64-lr01-2gcntcn'
dist_params = dict(backend='nccl')
gpu_ids = range(0, 2)

2022-08-05 11:04:54,056 - pyskl - INFO - Set random seed to 1337, deterministic: False
2022-08-05 11:05:08,093 - pyskl - INFO - 40091 videos remain after valid thresholding
2022-08-05 11:05:19,721 - pyskl - INFO - 16487 videos remain after valid thresholding
2022-08-05 11:05:19,734 - pyskl - INFO - Start running, host: chaixiujuan@gpu04, work_dir: /lustre/chaixiujuan/gzb/mmlab/debugpyskl/work_dirs/stgcn++/stgcn++_ntu60_xsub_hrnet/j-hrnet-cliplen100-gpu2-time5-bs64-lr01-2gcntcn
2022-08-05 11:05:19,734 - pyskl - INFO - Hooks will be executed in the following order:
before_run:
(VERY_HIGH   ) CosineAnnealingLrUpdaterHook       
(NORMAL      ) CheckpointHook                     
(NORMAL      ) DistEvalHook                       
(VERY_LOW    ) TextLoggerHook                     
 -------------------- 
before_train_epoch:
(VERY_HIGH   ) CosineAnnealingLrUpdaterHook       
(NORMAL      ) DistSamplerSeedHook                
(NORMAL      ) DistEvalHook                       
(LOW         ) IterTimerHook                      
(VERY_LOW    ) TextLoggerHook                     
 -------------------- 
before_train_iter:
(VERY_HIGH   ) CosineAnnealingLrUpdaterHook       
(NORMAL      ) DistEvalHook                       
(LOW         ) IterTimerHook                      
 -------------------- 
after_train_iter:
(ABOVE_NORMAL) OptimizerHook                      
(NORMAL      ) CheckpointHook                     
(NORMAL      ) DistEvalHook                       
(LOW         ) IterTimerHook                      
(VERY_LOW    ) TextLoggerHook                     
 -------------------- 
after_train_epoch:
(NORMAL      ) CheckpointHook                     
(NORMAL      ) DistEvalHook                       
(VERY_LOW    ) TextLoggerHook                     
 -------------------- 
before_val_epoch:
(NORMAL      ) DistSamplerSeedHook                
(LOW         ) IterTimerHook                      
(VERY_LOW    ) TextLoggerHook                     
 -------------------- 
before_val_iter:
(LOW         ) IterTimerHook                      
 -------------------- 
after_val_iter:
(LOW         ) IterTimerHook                      
 -------------------- 
after_val_epoch:
(VERY_LOW    ) TextLoggerHook                     
 -------------------- 
after_run:
(VERY_LOW    ) TextLoggerHook                     
 -------------------- 
2022-08-05 11:05:19,735 - pyskl - INFO - workflow: [('train', 1)], max: 120 epochs
2022-08-05 11:05:19,735 - pyskl - INFO - Checkpoints will be saved to /lustre/chaixiujuan/gzb/mmlab/debugpyskl/work_dirs/stgcn++/stgcn++_ntu60_xsub_hrnet/j-hrnet-cliplen100-gpu2-time5-bs64-lr01-2gcntcn by HardDiskBackend.
2022-08-05 11:06:48,393 - pyskl - INFO - Epoch [1][100/1567]	lr: 1.000e-01, eta: 1 day, 22:16:55, time: 0.887, data_time: 0.389, memory: 7099, top1_acc: 0.0855, top5_acc: 0.3035, loss_cls: 3.4430, loss: 3.4430
2022-08-05 11:07:33,726 - pyskl - INFO - Epoch [1][200/1567]	lr: 1.000e-01, eta: 1 day, 10:57:15, time: 0.453, data_time: 0.000, memory: 7099, top1_acc: 0.2762, top5_acc: 0.6825, loss_cls: 2.3755, loss: 2.3755
2022-08-05 11:08:19,010 - pyskl - INFO - Epoch [1][300/1567]	lr: 1.000e-01, eta: 1 day, 7:09:43, time: 0.453, data_time: 0.000, memory: 7099, top1_acc: 0.4609, top5_acc: 0.8649, loss_cls: 1.6642, loss: 1.6642
2022-08-05 11:09:03,795 - pyskl - INFO - Epoch [1][400/1567]	lr: 1.000e-01, eta: 1 day, 5:11:42, time: 0.448, data_time: 0.000, memory: 7099, top1_acc: 0.5493, top5_acc: 0.9120, loss_cls: 1.3680, loss: 1.3680
2022-08-05 11:09:48,546 - pyskl - INFO - Epoch [1][500/1567]	lr: 1.000e-01, eta: 1 day, 4:00:22, time: 0.448, data_time: 0.000, memory: 7099, top1_acc: 0.6062, top5_acc: 0.9327, loss_cls: 1.1853, loss: 1.1853
2022-08-05 11:10:33,388 - pyskl - INFO - Epoch [1][600/1567]	lr: 1.000e-01, eta: 1 day, 3:13:02, time: 0.448, data_time: 0.000, memory: 7099, top1_acc: 0.6477, top5_acc: 0.9508, loss_cls: 1.0512, loss: 1.0512
2022-08-05 11:11:18,142 - pyskl - INFO - Epoch [1][700/1567]	lr: 1.000e-01, eta: 1 day, 2:38:37, time: 0.448, data_time: 0.000, memory: 7099, top1_acc: 0.6913, top5_acc: 0.9636, loss_cls: 0.9239, loss: 0.9239
2022-08-05 11:12:02,903 - pyskl - INFO - Epoch [1][800/1567]	lr: 1.000e-01, eta: 1 day, 2:12:39, time: 0.448, data_time: 0.000, memory: 7099, top1_acc: 0.7151, top5_acc: 0.9681, loss_cls: 0.8484, loss: 0.8484
2022-08-05 11:12:47,635 - pyskl - INFO - Epoch [1][900/1567]	lr: 9.999e-02, eta: 1 day, 1:52:11, time: 0.447, data_time: 0.000, memory: 7099, top1_acc: 0.7361, top5_acc: 0.9758, loss_cls: 0.7766, loss: 0.7766
2022-08-05 11:13:32,389 - pyskl - INFO - Epoch [1][1000/1567]	lr: 9.999e-02, eta: 1 day, 1:35:43, time: 0.448, data_time: 0.000, memory: 7099, top1_acc: 0.7528, top5_acc: 0.9780, loss_cls: 0.7257, loss: 0.7257
2022-08-05 11:14:17,121 - pyskl - INFO - Epoch [1][1100/1567]	lr: 9.999e-02, eta: 1 day, 1:22:04, time: 0.447, data_time: 0.000, memory: 7099, top1_acc: 0.7629, top5_acc: 0.9819, loss_cls: 0.6922, loss: 0.6922
2022-08-05 11:15:01,835 - pyskl - INFO - Epoch [1][1200/1567]	lr: 9.999e-02, eta: 1 day, 1:10:31, time: 0.447, data_time: 0.000, memory: 7099, top1_acc: 0.7815, top5_acc: 0.9825, loss_cls: 0.6458, loss: 0.6458
2022-08-05 11:15:46,614 - pyskl - INFO - Epoch [1][1300/1567]	lr: 9.999e-02, eta: 1 day, 1:00:46, time: 0.448, data_time: 0.000, memory: 7099, top1_acc: 0.7941, top5_acc: 0.9858, loss_cls: 0.6118, loss: 0.6118
2022-08-05 11:16:31,380 - pyskl - INFO - Epoch [1][1400/1567]	lr: 9.999e-02, eta: 1 day, 0:52:18, time: 0.448, data_time: 0.000, memory: 7099, top1_acc: 0.8006, top5_acc: 0.9852, loss_cls: 0.5879, loss: 0.5879
2022-08-05 11:17:16,147 - pyskl - INFO - Epoch [1][1500/1567]	lr: 9.998e-02, eta: 1 day, 0:44:50, time: 0.448, data_time: 0.000, memory: 7099, top1_acc: 0.8140, top5_acc: 0.9882, loss_cls: 0.5520, loss: 0.5520
2022-08-05 11:18:35,495 - pyskl - INFO - Evaluating top_k_accuracy ...
2022-08-05 11:18:35,562 - pyskl - INFO - 
top1_acc	0.4077
top2_acc	0.5692
2022-08-05 11:18:35,636 - pyskl - INFO - Now best checkpoint is saved as best_top1_acc_epoch_1.pth.
2022-08-05 11:18:35,637 - pyskl - INFO - Best top1_acc is 0.4077 at 1 epoch.
2022-08-05 11:18:35,641 - pyskl - INFO - Epoch(val) [1][129]	top1_acc: 0.4077, top2_acc: 0.5692
2022-08-05 11:20:05,928 - pyskl - INFO - Epoch [2][100/1567]	lr: 9.998e-02, eta: 1 day, 1:03:07, time: 0.903, data_time: 0.455, memory: 7099, top1_acc: 0.8074, top5_acc: 0.9877, loss_cls: 0.5652, loss: 0.5652
2022-08-05 11:20:51,735 - pyskl - INFO - Epoch [2][200/1567]	lr: 9.998e-02, eta: 1 day, 0:57:46, time: 0.458, data_time: 0.000, memory: 7099, top1_acc: 0.8292, top5_acc: 0.9890, loss_cls: 0.5062, loss: 0.5062
2022-08-05 11:21:38,367 - pyskl - INFO - Epoch [2][300/1567]	lr: 9.998e-02, eta: 1 day, 0:54:17, time: 0.466, data_time: 0.000, memory: 7099, top1_acc: 0.8307, top5_acc: 0.9894, loss_cls: 0.5079, loss: 0.5079
2022-08-05 11:22:24,375 - pyskl - INFO - Epoch [2][400/1567]	lr: 9.997e-02, eta: 1 day, 0:50:06, time: 0.460, data_time: 0.000, memory: 7099, top1_acc: 0.8380, top5_acc: 0.9914, loss_cls: 0.4742, loss: 0.4742
2022-08-05 11:23:09,734 - pyskl - INFO - Epoch [2][500/1567]	lr: 9.997e-02, eta: 1 day, 0:45:15, time: 0.454, data_time: 0.000, memory: 7099, top1_acc: 0.8412, top5_acc: 0.9896, loss_cls: 0.4799, loss: 0.4799
2022-08-05 11:23:54,452 - pyskl - INFO - Epoch [2][600/1567]	lr: 9.997e-02, eta: 1 day, 0:39:53, time: 0.447, data_time: 0.000, memory: 7099, top1_acc: 0.8439, top5_acc: 0.9910, loss_cls: 0.4638, loss: 0.4638
2022-08-05 11:24:39,182 - pyskl - INFO - Epoch [2][700/1567]	lr: 9.996e-02, eta: 1 day, 0:34:56, time: 0.447, data_time: 0.000, memory: 7099, top1_acc: 0.8539, top5_acc: 0.9920, loss_cls: 0.4439, loss: 0.4439
2022-08-05 11:25:23,947 - pyskl - INFO - Epoch [2][800/1567]	lr: 9.996e-02, eta: 1 day, 0:30:23, time: 0.448, data_time: 0.000, memory: 7099, top1_acc: 0.8552, top5_acc: 0.9919, loss_cls: 0.4341, loss: 0.4341
2022-08-05 11:26:08,665 - pyskl - INFO - Epoch [2][900/1567]	lr: 9.996e-02, eta: 1 day, 0:26:05, time: 0.447, data_time: 0.000, memory: 7099, top1_acc: 0.8560, top5_acc: 0.9931, loss_cls: 0.4302, loss: 0.4302
2022-08-05 11:26:53,403 - pyskl - INFO - Epoch [2][1000/1567]	lr: 9.995e-02, eta: 1 day, 0:22:05, time: 0.447, data_time: 0.000, memory: 7099, top1_acc: 0.8512, top5_acc: 0.9930, loss_cls: 0.4376, loss: 0.4376
2022-08-05 11:27:38,519 - pyskl - INFO - Epoch [2][1100/1567]	lr: 9.995e-02, eta: 1 day, 0:18:46, time: 0.451, data_time: 0.000, memory: 7099, top1_acc: 0.8563, top5_acc: 0.9936, loss_cls: 0.4308, loss: 0.4308
2022-08-05 11:28:23,823 - pyskl - INFO - Epoch [2][1200/1567]	lr: 9.995e-02, eta: 1 day, 0:15:51, time: 0.453, data_time: 0.000, memory: 7099, top1_acc: 0.8628, top5_acc: 0.9930, loss_cls: 0.4115, loss: 0.4115
2022-08-05 11:29:08,594 - pyskl - INFO - Epoch [2][1300/1567]	lr: 9.994e-02, eta: 1 day, 0:12:30, time: 0.448, data_time: 0.000, memory: 7099, top1_acc: 0.8605, top5_acc: 0.9935, loss_cls: 0.4110, loss: 0.4110
2022-08-05 11:29:53,348 - pyskl - INFO - Epoch [2][1400/1567]	lr: 9.994e-02, eta: 1 day, 0:09:19, time: 0.448, data_time: 0.000, memory: 7099, top1_acc: 0.8670, top5_acc: 0.9945, loss_cls: 0.3974, loss: 0.3974
2022-08-05 11:30:38,070 - pyskl - INFO - Epoch [2][1500/1567]	lr: 9.993e-02, eta: 1 day, 0:06:15, time: 0.447, data_time: 0.000, memory: 7099, top1_acc: 0.8705, top5_acc: 0.9943, loss_cls: 0.3853, loss: 0.3853
2022-08-05 11:31:44,352 - pyskl - INFO - Evaluating top_k_accuracy ...
2022-08-05 11:31:44,419 - pyskl - INFO - 
top1_acc	0.5910
top2_acc	0.7442
2022-08-05 11:31:44,420 - pyskl - INFO - The previous best checkpoint /lustre/chaixiujuan/gzb/mmlab/debugpyskl/work_dirs/stgcn++/stgcn++_ntu60_xsub_hrnet/j-hrnet-cliplen100-gpu2-time5-bs64-lr01-2gcntcn/best_top1_acc_epoch_1.pth was removed
2022-08-05 11:31:44,488 - pyskl - INFO - Now best checkpoint is saved as best_top1_acc_epoch_2.pth.
2022-08-05 11:31:44,489 - pyskl - INFO - Best top1_acc is 0.5910 at 2 epoch.
2022-08-05 11:31:44,493 - pyskl - INFO - Epoch(val) [2][129]	top1_acc: 0.5910, top2_acc: 0.7442
2022-08-05 11:33:17,321 - pyskl - INFO - Epoch [3][100/1567]	lr: 9.993e-02, eta: 1 day, 0:18:44, time: 0.928, data_time: 0.438, memory: 7099, top1_acc: 0.8651, top5_acc: 0.9940, loss_cls: 0.4014, loss: 0.4014
2022-08-05 11:34:02,079 - pyskl - INFO - Epoch [3][200/1567]	lr: 9.992e-02, eta: 1 day, 0:15:33, time: 0.448, data_time: 0.000, memory: 7099, top1_acc: 0.8724, top5_acc: 0.9929, loss_cls: 0.3832, loss: 0.3832
2022-08-05 11:34:47,110 - pyskl - INFO - Epoch [3][300/1567]	lr: 9.992e-02, eta: 1 day, 0:12:44, time: 0.450, data_time: 0.000, memory: 7099, top1_acc: 0.8800, top5_acc: 0.9943, loss_cls: 0.3667, loss: 0.3667
2022-08-05 11:35:32,403 - pyskl - INFO - Epoch [3][400/1567]	lr: 9.991e-02, eta: 1 day, 0:10:16, time: 0.453, data_time: 0.000, memory: 7099, top1_acc: 0.8717, top5_acc: 0.9957, loss_cls: 0.3752, loss: 0.3752
2022-08-05 11:36:17,767 - pyskl - INFO - Epoch [3][500/1567]	lr: 9.991e-02, eta: 1 day, 0:07:58, time: 0.454, data_time: 0.000, memory: 7099, top1_acc: 0.8824, top5_acc: 0.9956, loss_cls: 0.3598, loss: 0.3598
2022-08-05 11:37:03,155 - pyskl - INFO - Epoch [3][600/1567]	lr: 9.990e-02, eta: 1 day, 0:05:46, time: 0.454, data_time: 0.000, memory: 7099, top1_acc: 0.8862, top5_acc: 0.9957, loss_cls: 0.3414, loss: 0.3414
2022-08-05 11:37:48,474 - pyskl - INFO - Epoch [3][700/1567]	lr: 9.990e-02, eta: 1 day, 0:03:35, time: 0.453, data_time: 0.000, memory: 7099, top1_acc: 0.8824, top5_acc: 0.9963, loss_cls: 0.3545, loss: 0.3545
2022-08-05 11:38:33,293 - pyskl - INFO - Epoch [3][800/1567]	lr: 9.989e-02, eta: 1 day, 0:01:05, time: 0.448, data_time: 0.000, memory: 7099, top1_acc: 0.8880, top5_acc: 0.9957, loss_cls: 0.3415, loss: 0.3415
2022-08-05 11:39:18,038 - pyskl - INFO - Epoch [3][900/1567]	lr: 9.989e-02, eta: 23:58:36, time: 0.447, data_time: 0.000, memory: 7099, top1_acc: 0.8844, top5_acc: 0.9955, loss_cls: 0.3533, loss: 0.3533
2022-08-05 11:40:02,772 - pyskl - INFO - Epoch [3][1000/1567]	lr: 9.988e-02, eta: 23:56:13, time: 0.447, data_time: 0.000, memory: 7099, top1_acc: 0.8893, top5_acc: 0.9959, loss_cls: 0.3357, loss: 0.3357
2022-08-05 11:40:47,522 - pyskl - INFO - Epoch [3][1100/1567]	lr: 9.988e-02, eta: 23:53:54, time: 0.447, data_time: 0.000, memory: 7099, top1_acc: 0.8927, top5_acc: 0.9950, loss_cls: 0.3295, loss: 0.3295
2022-08-05 11:41:32,281 - pyskl - INFO - Epoch [3][1200/1567]	lr: 9.987e-02, eta: 23:51:41, time: 0.448, data_time: 0.000, memory: 7099, top1_acc: 0.8916, top5_acc: 0.9961, loss_cls: 0.3249, loss: 0.3249
2022-08-05 11:42:17,047 - pyskl - INFO - Epoch [3][1300/1567]	lr: 9.986e-02, eta: 23:49:31, time: 0.448, data_time: 0.000, memory: 7099, top1_acc: 0.8926, top5_acc: 0.9967, loss_cls: 0.3228, loss: 0.3228
2022-08-05 11:43:02,289 - pyskl - INFO - Epoch [3][1400/1567]	lr: 9.986e-02, eta: 23:47:45, time: 0.452, data_time: 0.000, memory: 7099, top1_acc: 0.8984, top5_acc: 0.9959, loss_cls: 0.3124, loss: 0.3124
2022-08-05 11:43:47,492 - pyskl - INFO - Epoch [3][1500/1567]	lr: 9.985e-02, eta: 23:46:00, time: 0.452, data_time: 0.000, memory: 7099, top1_acc: 0.8938, top5_acc: 0.9957, loss_cls: 0.3186, loss: 0.3186
2022-08-05 11:45:00,632 - pyskl - INFO - Evaluating top_k_accuracy ...
2022-08-05 11:45:00,698 - pyskl - INFO - 
top1_acc	0.2082
top2_acc	0.2944
2022-08-05 11:45:00,701 - pyskl - INFO - Epoch(val) [3][129]	top1_acc: 0.2082, top2_acc: 0.2944
2022-08-05 11:46:41,579 - pyskl - INFO - Epoch [4][100/1567]	lr: 9.984e-02, eta: 23:59:18, time: 1.009, data_time: 0.418, memory: 7099, top1_acc: 0.8753, top5_acc: 0.9923, loss_cls: 0.3908, loss: 0.3908
2022-08-05 11:47:26,442 - pyskl - INFO - Epoch [4][200/1567]	lr: 9.983e-02, eta: 23:57:07, time: 0.449, data_time: 0.000, memory: 7099, top1_acc: 0.9022, top5_acc: 0.9967, loss_cls: 0.2997, loss: 0.2997
2022-08-05 11:48:11,528 - pyskl - INFO - Epoch [4][300/1567]	lr: 9.983e-02, eta: 23:55:06, time: 0.451, data_time: 0.000, memory: 7099, top1_acc: 0.8994, top5_acc: 0.9964, loss_cls: 0.3041, loss: 0.3041
2022-08-05 11:48:56,763 - pyskl - INFO - Epoch [4][400/1567]	lr: 9.982e-02, eta: 23:53:14, time: 0.452, data_time: 0.000, memory: 7099, top1_acc: 0.9026, top5_acc: 0.9965, loss_cls: 0.2977, loss: 0.2977
2022-08-05 11:49:41,999 - pyskl - INFO - Epoch [4][500/1567]	lr: 9.981e-02, eta: 23:51:25, time: 0.452, data_time: 0.000, memory: 7099, top1_acc: 0.9073, top5_acc: 0.9963, loss_cls: 0.2877, loss: 0.2877
2022-08-05 11:50:27,007 - pyskl - INFO - Epoch [4][600/1567]	lr: 9.980e-02, eta: 23:49:30, time: 0.450, data_time: 0.000, memory: 7099, top1_acc: 0.9046, top5_acc: 0.9979, loss_cls: 0.2888, loss: 0.2888
2022-08-05 11:51:11,798 - pyskl - INFO - Epoch [4][700/1567]	lr: 9.980e-02, eta: 23:47:31, time: 0.448, data_time: 0.000, memory: 7099, top1_acc: 0.9079, top5_acc: 0.9973, loss_cls: 0.2803, loss: 0.2803
2022-08-05 11:51:56,580 - pyskl - INFO - Epoch [4][800/1567]	lr: 9.979e-02, eta: 23:45:34, time: 0.448, data_time: 0.000, memory: 7099, top1_acc: 0.9041, top5_acc: 0.9966, loss_cls: 0.2879, loss: 0.2879
2022-08-05 11:52:41,380 - pyskl - INFO - Epoch [4][900/1567]	lr: 9.978e-02, eta: 23:43:40, time: 0.448, data_time: 0.000, memory: 7099, top1_acc: 0.9077, top5_acc: 0.9968, loss_cls: 0.2884, loss: 0.2884
2022-08-05 11:53:26,232 - pyskl - INFO - Epoch [4][1000/1567]	lr: 9.977e-02, eta: 23:41:50, time: 0.449, data_time: 0.000, memory: 7099, top1_acc: 0.9040, top5_acc: 0.9963, loss_cls: 0.3030, loss: 0.3030
2022-08-05 11:54:11,322 - pyskl - INFO - Epoch [4][1100/1567]	lr: 9.977e-02, eta: 23:40:10, time: 0.451, data_time: 0.000, memory: 7099, top1_acc: 0.9070, top5_acc: 0.9966, loss_cls: 0.2853, loss: 0.2853
2022-08-05 11:54:56,639 - pyskl - INFO - Epoch [4][1200/1567]	lr: 9.976e-02, eta: 23:38:39, time: 0.453, data_time: 0.000, memory: 7099, top1_acc: 0.9019, top5_acc: 0.9970, loss_cls: 0.2963, loss: 0.2963
2022-08-05 11:55:41,938 - pyskl - INFO - Epoch [4][1300/1567]	lr: 9.975e-02, eta: 23:37:08, time: 0.453, data_time: 0.000, memory: 7099, top1_acc: 0.9088, top5_acc: 0.9968, loss_cls: 0.2783, loss: 0.2783
2022-08-05 11:56:27,256 - pyskl - INFO - Epoch [4][1400/1567]	lr: 9.974e-02, eta: 23:35:40, time: 0.453, data_time: 0.000, memory: 7099, top1_acc: 0.9074, top5_acc: 0.9966, loss_cls: 0.2869, loss: 0.2869
2022-08-05 11:57:12,534 - pyskl - INFO - Epoch [4][1500/1567]	lr: 9.973e-02, eta: 23:34:12, time: 0.453, data_time: 0.000, memory: 7099, top1_acc: 0.9132, top5_acc: 0.9971, loss_cls: 0.2709, loss: 0.2709
2022-08-05 11:58:21,179 - pyskl - INFO - Evaluating top_k_accuracy ...
2022-08-05 11:58:21,310 - pyskl - INFO - 
top1_acc	0.0343
top2_acc	0.0821
2022-08-05 11:58:21,313 - pyskl - INFO - Epoch(val) [4][129]	top1_acc: 0.0343, top2_acc: 0.0821
2022-08-05 11:59:46,185 - pyskl - INFO - Epoch [5][100/1567]	lr: 9.972e-02, eta: 23:36:12, time: 0.849, data_time: 0.398, memory: 7099, top1_acc: 0.8951, top5_acc: 0.9955, loss_cls: 0.3344, loss: 0.3344
2022-08-05 12:00:31,442 - pyskl - INFO - Epoch [5][200/1567]	lr: 9.971e-02, eta: 23:34:43, time: 0.453, data_time: 0.000, memory: 7099, top1_acc: 0.9199, top5_acc: 0.9979, loss_cls: 0.2531, loss: 0.2531
2022-08-05 12:01:16,266 - pyskl - INFO - Epoch [5][300/1567]	lr: 9.970e-02, eta: 23:33:03, time: 0.448, data_time: 0.000, memory: 7099, top1_acc: 0.9239, top5_acc: 0.9979, loss_cls: 0.2491, loss: 0.2491
2022-08-05 12:02:01,071 - pyskl - INFO - Epoch [5][400/1567]	lr: 9.969e-02, eta: 23:31:24, time: 0.448, data_time: 0.000, memory: 7099, top1_acc: 0.9182, top5_acc: 0.9974, loss_cls: 0.2516, loss: 0.2516
2022-08-05 12:02:45,806 - pyskl - INFO - Epoch [5][500/1567]	lr: 9.968e-02, eta: 23:29:45, time: 0.447, data_time: 0.000, memory: 7099, top1_acc: 0.9177, top5_acc: 0.9978, loss_cls: 0.2549, loss: 0.2549
2022-08-05 12:03:30,685 - pyskl - INFO - Epoch [5][600/1567]	lr: 9.967e-02, eta: 23:28:11, time: 0.449, data_time: 0.000, memory: 7099, top1_acc: 0.9265, top5_acc: 0.9977, loss_cls: 0.2359, loss: 0.2359
2022-08-05 12:04:15,453 - pyskl - INFO - Epoch [5][700/1567]	lr: 9.966e-02, eta: 23:26:36, time: 0.448, data_time: 0.000, memory: 7099, top1_acc: 0.9177, top5_acc: 0.9976, loss_cls: 0.2576, loss: 0.2576
2022-08-05 12:05:00,210 - pyskl - INFO - Epoch [5][800/1567]	lr: 9.965e-02, eta: 23:25:02, time: 0.448, data_time: 0.000, memory: 7099, top1_acc: 0.9181, top5_acc: 0.9982, loss_cls: 0.2501, loss: 0.2501
2022-08-05 12:05:44,974 - pyskl - INFO - Epoch [5][900/1567]	lr: 9.964e-02, eta: 23:23:29, time: 0.448, data_time: 0.000, memory: 7099, top1_acc: 0.9216, top5_acc: 0.9974, loss_cls: 0.2447, loss: 0.2447
2022-08-05 12:06:29,735 - pyskl - INFO - Epoch [5][1000/1567]	lr: 9.963e-02, eta: 23:21:58, time: 0.448, data_time: 0.000, memory: 7099, top1_acc: 0.9228, top5_acc: 0.9980, loss_cls: 0.2401, loss: 0.2401
2022-08-05 12:07:14,508 - pyskl - INFO - Epoch [5][1100/1567]	lr: 9.962e-02, eta: 23:20:28, time: 0.448, data_time: 0.000, memory: 7099, top1_acc: 0.9280, top5_acc: 0.9983, loss_cls: 0.2284, loss: 0.2284
2022-08-05 12:07:59,498 - pyskl - INFO - Epoch [5][1200/1567]	lr: 9.961e-02, eta: 23:19:05, time: 0.450, data_time: 0.000, memory: 7099, top1_acc: 0.9182, top5_acc: 0.9982, loss_cls: 0.2577, loss: 0.2577
2022-08-05 12:08:44,748 - pyskl - INFO - Epoch [5][1300/1567]	lr: 9.960e-02, eta: 23:17:49, time: 0.452, data_time: 0.000, memory: 7099, top1_acc: 0.9172, top5_acc: 0.9976, loss_cls: 0.2565, loss: 0.2565
2022-08-05 12:09:29,568 - pyskl - INFO - Epoch [5][1400/1567]	lr: 9.959e-02, eta: 23:16:24, time: 0.448, data_time: 0.000, memory: 7099, top1_acc: 0.9223, top5_acc: 0.9979, loss_cls: 0.2458, loss: 0.2458
2022-08-05 12:10:14,330 - pyskl - INFO - Epoch [5][1500/1567]	lr: 9.958e-02, eta: 23:14:58, time: 0.448, data_time: 0.000, memory: 7099, top1_acc: 0.9219, top5_acc: 0.9980, loss_cls: 0.2395, loss: 0.2395
2022-08-05 12:11:28,159 - pyskl - INFO - Evaluating top_k_accuracy ...
2022-08-05 12:11:28,226 - pyskl - INFO - 
top1_acc	0.2529
top2_acc	0.3878
2022-08-05 12:11:28,229 - pyskl - INFO - Epoch(val) [5][129]	top1_acc: 0.2529, top2_acc: 0.3878
2022-08-05 12:12:49,489 - pyskl - INFO - Epoch [6][100/1567]	lr: 9.956e-02, eta: 23:15:05, time: 0.813, data_time: 0.365, memory: 7099, top1_acc: 0.9017, top5_acc: 0.9963, loss_cls: 0.3057, loss: 0.3057
2022-08-05 12:13:34,246 - pyskl - INFO - Epoch [6][200/1567]	lr: 9.955e-02, eta: 23:13:40, time: 0.448, data_time: 0.000, memory: 7099, top1_acc: 0.9257, top5_acc: 0.9980, loss_cls: 0.2345, loss: 0.2345
2022-08-05 12:14:19,147 - pyskl - INFO - Epoch [6][300/1567]	lr: 9.954e-02, eta: 23:12:19, time: 0.449, data_time: 0.000, memory: 7099, top1_acc: 0.9291, top5_acc: 0.9983, loss_cls: 0.2238, loss: 0.2238
2022-08-05 12:15:03,943 - pyskl - INFO - Epoch [6][400/1567]	lr: 9.953e-02, eta: 23:10:57, time: 0.448, data_time: 0.000, memory: 7099, top1_acc: 0.9297, top5_acc: 0.9980, loss_cls: 0.2252, loss: 0.2252
2022-08-05 12:15:48,750 - pyskl - INFO - Epoch [6][500/1567]	lr: 9.952e-02, eta: 23:09:36, time: 0.448, data_time: 0.000, memory: 7099, top1_acc: 0.9242, top5_acc: 0.9980, loss_cls: 0.2423, loss: 0.2423
2022-08-05 12:16:33,488 - pyskl - INFO - Epoch [6][600/1567]	lr: 9.950e-02, eta: 23:08:14, time: 0.447, data_time: 0.000, memory: 7099, top1_acc: 0.9280, top5_acc: 0.9979, loss_cls: 0.2295, loss: 0.2295
2022-08-05 12:17:18,222 - pyskl - INFO - Epoch [6][700/1567]	lr: 9.949e-02, eta: 23:06:53, time: 0.447, data_time: 0.000, memory: 7099, top1_acc: 0.9249, top5_acc: 0.9981, loss_cls: 0.2334, loss: 0.2334
2022-08-05 12:18:02,961 - pyskl - INFO - Epoch [6][800/1567]	lr: 9.948e-02, eta: 23:05:33, time: 0.447, data_time: 0.000, memory: 7099, top1_acc: 0.9289, top5_acc: 0.9983, loss_cls: 0.2268, loss: 0.2268
2022-08-05 12:18:47,680 - pyskl - INFO - Epoch [6][900/1567]	lr: 9.947e-02, eta: 23:04:14, time: 0.447, data_time: 0.000, memory: 7099, top1_acc: 0.9230, top5_acc: 0.9975, loss_cls: 0.2471, loss: 0.2471
2022-08-05 12:19:32,417 - pyskl - INFO - Epoch [6][1000/1567]	lr: 9.946e-02, eta: 23:02:55, time: 0.447, data_time: 0.000, memory: 7099, top1_acc: 0.9284, top5_acc: 0.9983, loss_cls: 0.2255, loss: 0.2255
2022-08-05 12:20:17,187 - pyskl - INFO - Epoch [6][1100/1567]	lr: 9.944e-02, eta: 23:01:38, time: 0.448, data_time: 0.000, memory: 7099, top1_acc: 0.9350, top5_acc: 0.9982, loss_cls: 0.2186, loss: 0.2186
2022-08-05 12:21:01,937 - pyskl - INFO - Epoch [6][1200/1567]	lr: 9.943e-02, eta: 23:00:21, time: 0.447, data_time: 0.000, memory: 7099, top1_acc: 0.9277, top5_acc: 0.9980, loss_cls: 0.2276, loss: 0.2276
2022-08-05 12:21:46,697 - pyskl - INFO - Epoch [6][1300/1567]	lr: 9.942e-02, eta: 22:59:06, time: 0.448, data_time: 0.000, memory: 7099, top1_acc: 0.9334, top5_acc: 0.9983, loss_cls: 0.2185, loss: 0.2185
2022-08-05 12:22:31,412 - pyskl - INFO - Epoch [6][1400/1567]	lr: 9.941e-02, eta: 22:57:50, time: 0.447, data_time: 0.000, memory: 7099, top1_acc: 0.9237, top5_acc: 0.9985, loss_cls: 0.2434, loss: 0.2434
2022-08-05 12:23:16,133 - pyskl - INFO - Epoch [6][1500/1567]	lr: 9.939e-02, eta: 22:56:34, time: 0.447, data_time: 0.000, memory: 7099, top1_acc: 0.9275, top5_acc: 0.9987, loss_cls: 0.2291, loss: 0.2291
2022-08-05 12:24:27,775 - pyskl - INFO - Evaluating top_k_accuracy ...
2022-08-05 12:24:27,839 - pyskl - INFO - 
top1_acc	0.0437
top2_acc	0.0727
2022-08-05 12:24:27,841 - pyskl - INFO - Epoch(val) [6][129]	top1_acc: 0.0437, top2_acc: 0.0727
2022-08-05 12:25:53,285 - pyskl - INFO - Epoch [7][100/1567]	lr: 9.937e-02, eta: 22:57:52, time: 0.854, data_time: 0.407, memory: 7099, top1_acc: 0.9000, top5_acc: 0.9951, loss_cls: 0.3153, loss: 0.3153
2022-08-05 12:26:38,083 - pyskl - INFO - Epoch [7][200/1567]	lr: 9.936e-02, eta: 22:56:38, time: 0.448, data_time: 0.000, memory: 7099, top1_acc: 0.9278, top5_acc: 0.9980, loss_cls: 0.2239, loss: 0.2239
2022-08-05 12:27:22,888 - pyskl - INFO - Epoch [7][300/1567]	lr: 9.934e-02, eta: 22:55:24, time: 0.448, data_time: 0.000, memory: 7099, top1_acc: 0.9313, top5_acc: 0.9984, loss_cls: 0.2136, loss: 0.2136
2022-08-05 12:28:07,634 - pyskl - INFO - Epoch [7][400/1567]	lr: 9.933e-02, eta: 22:54:10, time: 0.447, data_time: 0.000, memory: 7099, top1_acc: 0.9322, top5_acc: 0.9991, loss_cls: 0.2137, loss: 0.2137
2022-08-05 12:28:52,402 - pyskl - INFO - Epoch [7][500/1567]	lr: 9.932e-02, eta: 22:52:57, time: 0.448, data_time: 0.000, memory: 7099, top1_acc: 0.9326, top5_acc: 0.9989, loss_cls: 0.2128, loss: 0.2128
2022-08-05 12:29:37,313 - pyskl - INFO - Epoch [7][600/1567]	lr: 9.930e-02, eta: 22:51:47, time: 0.449, data_time: 0.000, memory: 7099, top1_acc: 0.9313, top5_acc: 0.9987, loss_cls: 0.2113, loss: 0.2113
2022-08-05 12:30:22,629 - pyskl - INFO - Epoch [7][700/1567]	lr: 9.929e-02, eta: 22:50:45, time: 0.453, data_time: 0.000, memory: 7099, top1_acc: 0.9363, top5_acc: 0.9979, loss_cls: 0.2050, loss: 0.2050
2022-08-05 12:31:07,914 - pyskl - INFO - Epoch [7][800/1567]	lr: 9.928e-02, eta: 22:49:42, time: 0.453, data_time: 0.000, memory: 7099, top1_acc: 0.9282, top5_acc: 0.9987, loss_cls: 0.2190, loss: 0.2190
2022-08-05 12:31:52,780 - pyskl - INFO - Epoch [7][900/1567]	lr: 9.926e-02, eta: 22:48:33, time: 0.449, data_time: 0.000, memory: 7099, top1_acc: 0.9354, top5_acc: 0.9989, loss_cls: 0.2072, loss: 0.2072
2022-08-05 12:32:37,554 - pyskl - INFO - Epoch [7][1000/1567]	lr: 9.925e-02, eta: 22:47:22, time: 0.448, data_time: 0.000, memory: 7099, top1_acc: 0.9303, top5_acc: 0.9981, loss_cls: 0.2184, loss: 0.2184
2022-08-05 12:33:22,461 - pyskl - INFO - Epoch [7][1100/1567]	lr: 9.923e-02, eta: 22:46:14, time: 0.449, data_time: 0.000, memory: 7099, top1_acc: 0.9350, top5_acc: 0.9984, loss_cls: 0.2092, loss: 0.2092
2022-08-05 12:34:07,361 - pyskl - INFO - Epoch [7][1200/1567]	lr: 9.922e-02, eta: 22:45:07, time: 0.449, data_time: 0.000, memory: 7099, top1_acc: 0.9320, top5_acc: 0.9990, loss_cls: 0.2167, loss: 0.2167
2022-08-05 12:34:52,126 - pyskl - INFO - Epoch [7][1300/1567]	lr: 9.920e-02, eta: 22:43:58, time: 0.448, data_time: 0.000, memory: 7099, top1_acc: 0.9316, top5_acc: 0.9979, loss_cls: 0.2171, loss: 0.2171
2022-08-05 12:35:36,899 - pyskl - INFO - Epoch [7][1400/1567]	lr: 9.919e-02, eta: 22:42:49, time: 0.448, data_time: 0.000, memory: 7099, top1_acc: 0.9329, top5_acc: 0.9982, loss_cls: 0.2219, loss: 0.2219
2022-08-05 12:36:21,812 - pyskl - INFO - Epoch [7][1500/1567]	lr: 9.917e-02, eta: 22:41:43, time: 0.449, data_time: 0.000, memory: 7099, top1_acc: 0.9348, top5_acc: 0.9984, loss_cls: 0.2077, loss: 0.2077
2022-08-05 12:37:31,131 - pyskl - INFO - Evaluating top_k_accuracy ...
2022-08-05 12:37:31,197 - pyskl - INFO - 
top1_acc	0.2524
top2_acc	0.4635
2022-08-05 12:37:31,200 - pyskl - INFO - Epoch(val) [7][129]	top1_acc: 0.2524, top2_acc: 0.4635
2022-08-05 12:38:57,058 - pyskl - INFO - Epoch [8][100/1567]	lr: 9.915e-02, eta: 22:42:47, time: 0.859, data_time: 0.394, memory: 7099, top1_acc: 0.9202, top5_acc: 0.9964, loss_cls: 0.2618, loss: 0.2618
2022-08-05 12:39:41,772 - pyskl - INFO - Epoch [8][200/1567]	lr: 9.913e-02, eta: 22:41:37, time: 0.447, data_time: 0.000, memory: 7099, top1_acc: 0.9311, top5_acc: 0.9980, loss_cls: 0.2178, loss: 0.2178
2022-08-05 12:40:26,592 - pyskl - INFO - Epoch [8][300/1567]	lr: 9.912e-02, eta: 22:40:29, time: 0.448, data_time: 0.000, memory: 7099, top1_acc: 0.9327, top5_acc: 0.9983, loss_cls: 0.2132, loss: 0.2132
2022-08-05 12:41:11,310 - pyskl - INFO - Epoch [8][400/1567]	lr: 9.910e-02, eta: 22:39:21, time: 0.447, data_time: 0.000, memory: 7099, top1_acc: 0.9326, top5_acc: 0.9980, loss_cls: 0.2112, loss: 0.2112
2022-08-05 12:41:56,127 - pyskl - INFO - Epoch [8][500/1567]	lr: 9.909e-02, eta: 22:38:14, time: 0.448, data_time: 0.000, memory: 7099, top1_acc: 0.9355, top5_acc: 0.9987, loss_cls: 0.2039, loss: 0.2039
2022-08-05 12:42:40,866 - pyskl - INFO - Epoch [8][600/1567]	lr: 9.907e-02, eta: 22:37:06, time: 0.447, data_time: 0.000, memory: 7099, top1_acc: 0.9411, top5_acc: 0.9985, loss_cls: 0.1957, loss: 0.1957
2022-08-05 12:43:25,617 - pyskl - INFO - Epoch [8][700/1567]	lr: 9.905e-02, eta: 22:35:59, time: 0.448, data_time: 0.000, memory: 7099, top1_acc: 0.9353, top5_acc: 0.9987, loss_cls: 0.2079, loss: 0.2079
2022-08-05 12:44:10,376 - pyskl - INFO - Epoch [8][800/1567]	lr: 9.904e-02, eta: 22:34:52, time: 0.448, data_time: 0.000, memory: 7099, top1_acc: 0.9360, top5_acc: 0.9990, loss_cls: 0.2093, loss: 0.2093
2022-08-05 12:44:55,134 - pyskl - INFO - Epoch [8][900/1567]	lr: 9.902e-02, eta: 22:33:46, time: 0.448, data_time: 0.000, memory: 7099, top1_acc: 0.9335, top5_acc: 0.9987, loss_cls: 0.2084, loss: 0.2084
2022-08-05 12:45:40,138 - pyskl - INFO - Epoch [8][1000/1567]	lr: 9.900e-02, eta: 22:32:43, time: 0.450, data_time: 0.000, memory: 7099, top1_acc: 0.9387, top5_acc: 0.9987, loss_cls: 0.1965, loss: 0.1965
2022-08-05 12:46:26,554 - pyskl - INFO - Epoch [8][1100/1567]	lr: 9.899e-02, eta: 22:32:02, time: 0.464, data_time: 0.000, memory: 7099, top1_acc: 0.9291, top5_acc: 0.9981, loss_cls: 0.2230, loss: 0.2230
2022-08-05 12:47:12,510 - pyskl - INFO - Epoch [8][1200/1567]	lr: 9.897e-02, eta: 22:31:14, time: 0.460, data_time: 0.000, memory: 7099, top1_acc: 0.9335, top5_acc: 0.9979, loss_cls: 0.2097, loss: 0.2097
2022-08-05 12:47:58,461 - pyskl - INFO - Epoch [8][1300/1567]	lr: 9.895e-02, eta: 22:30:25, time: 0.459, data_time: 0.000, memory: 7099, top1_acc: 0.9391, top5_acc: 0.9982, loss_cls: 0.1998, loss: 0.1998
2022-08-05 12:48:44,025 - pyskl - INFO - Epoch [8][1400/1567]	lr: 9.894e-02, eta: 22:29:32, time: 0.456, data_time: 0.000, memory: 7099, top1_acc: 0.9330, top5_acc: 0.9986, loss_cls: 0.2151, loss: 0.2151
2022-08-05 12:49:29,362 - pyskl - INFO - Epoch [8][1500/1567]	lr: 9.892e-02, eta: 22:28:35, time: 0.453, data_time: 0.000, memory: 7099, top1_acc: 0.9402, top5_acc: 0.9984, loss_cls: 0.2007, loss: 0.2007
2022-08-05 12:50:38,939 - pyskl - INFO - Evaluating top_k_accuracy ...
2022-08-05 12:50:39,006 - pyskl - INFO - 
top1_acc	0.3855
top2_acc	0.6494
2022-08-05 12:50:39,009 - pyskl - INFO - Epoch(val) [8][129]	top1_acc: 0.3855, top2_acc: 0.6494
2022-08-05 12:52:02,886 - pyskl - INFO - Epoch [9][100/1567]	lr: 9.889e-02, eta: 22:28:54, time: 0.839, data_time: 0.390, memory: 7099, top1_acc: 0.9277, top5_acc: 0.9986, loss_cls: 0.2264, loss: 0.2264
2022-08-05 12:52:47,883 - pyskl - INFO - Epoch [9][200/1567]	lr: 9.887e-02, eta: 22:27:52, time: 0.450, data_time: 0.000, memory: 7099, top1_acc: 0.9344, top5_acc: 0.9986, loss_cls: 0.2110, loss: 0.2110
2022-08-05 12:53:33,069 - pyskl - INFO - Epoch [9][300/1567]	lr: 9.885e-02, eta: 22:26:53, time: 0.452, data_time: 0.000, memory: 7099, top1_acc: 0.9396, top5_acc: 0.9987, loss_cls: 0.1978, loss: 0.1978
2022-08-05 12:54:18,198 - pyskl - INFO - Epoch [9][400/1567]	lr: 9.884e-02, eta: 22:25:53, time: 0.451, data_time: 0.000, memory: 7099, top1_acc: 0.9414, top5_acc: 0.9988, loss_cls: 0.1893, loss: 0.1893
2022-08-05 12:55:02,956 - pyskl - INFO - Epoch [9][500/1567]	lr: 9.882e-02, eta: 22:24:49, time: 0.448, data_time: 0.000, memory: 7099, top1_acc: 0.9386, top5_acc: 0.9992, loss_cls: 0.1906, loss: 0.1906
2022-08-05 12:55:47,689 - pyskl - INFO - Epoch [9][600/1567]	lr: 9.880e-02, eta: 22:23:45, time: 0.447, data_time: 0.000, memory: 7099, top1_acc: 0.9390, top5_acc: 0.9989, loss_cls: 0.1979, loss: 0.1979
2022-08-05 12:56:32,464 - pyskl - INFO - Epoch [9][700/1567]	lr: 9.878e-02, eta: 22:22:41, time: 0.448, data_time: 0.000, memory: 7099, top1_acc: 0.9386, top5_acc: 0.9988, loss_cls: 0.1935, loss: 0.1935
2022-08-05 12:57:17,192 - pyskl - INFO - Epoch [9][800/1567]	lr: 9.876e-02, eta: 22:21:37, time: 0.447, data_time: 0.000, memory: 7099, top1_acc: 0.9399, top5_acc: 0.9990, loss_cls: 0.1994, loss: 0.1994
2022-08-05 12:58:01,924 - pyskl - INFO - Epoch [9][900/1567]	lr: 9.875e-02, eta: 22:20:34, time: 0.447, data_time: 0.000, memory: 7099, top1_acc: 0.9380, top5_acc: 0.9980, loss_cls: 0.2024, loss: 0.2024
2022-08-05 12:58:46,622 - pyskl - INFO - Epoch [9][1000/1567]	lr: 9.873e-02, eta: 22:19:30, time: 0.447, data_time: 0.000, memory: 7099, top1_acc: 0.9398, top5_acc: 0.9984, loss_cls: 0.2000, loss: 0.2000
2022-08-05 12:59:31,320 - pyskl - INFO - Epoch [9][1100/1567]	lr: 9.871e-02, eta: 22:18:26, time: 0.447, data_time: 0.000, memory: 7099, top1_acc: 0.9334, top5_acc: 0.9991, loss_cls: 0.2103, loss: 0.2103
2022-08-05 13:00:16,082 - pyskl - INFO - Epoch [9][1200/1567]	lr: 9.869e-02, eta: 22:17:24, time: 0.448, data_time: 0.000, memory: 7099, top1_acc: 0.9331, top5_acc: 0.9990, loss_cls: 0.2096, loss: 0.2096
2022-08-05 13:01:00,800 - pyskl - INFO - Epoch [9][1300/1567]	lr: 9.867e-02, eta: 22:16:21, time: 0.447, data_time: 0.000, memory: 7099, top1_acc: 0.9347, top5_acc: 0.9987, loss_cls: 0.2054, loss: 0.2054
2022-08-05 13:01:45,547 - pyskl - INFO - Epoch [9][1400/1567]	lr: 9.865e-02, eta: 22:15:19, time: 0.447, data_time: 0.000, memory: 7099, top1_acc: 0.9377, top5_acc: 0.9980, loss_cls: 0.2047, loss: 0.2047
2022-08-05 13:02:30,275 - pyskl - INFO - Epoch [9][1500/1567]	lr: 9.863e-02, eta: 22:14:17, time: 0.447, data_time: 0.000, memory: 7099, top1_acc: 0.9391, top5_acc: 0.9995, loss_cls: 0.2010, loss: 0.2010
2022-08-05 13:03:32,182 - pyskl - INFO - Evaluating top_k_accuracy ...
2022-08-05 13:03:32,318 - pyskl - INFO - 
top1_acc	0.5037
top2_acc	0.6859
2022-08-05 13:03:32,322 - pyskl - INFO - Epoch(val) [9][129]	top1_acc: 0.5037, top2_acc: 0.6859
2022-08-05 13:04:45,596 - pyskl - INFO - Epoch [10][100/1567]	lr: 9.860e-02, eta: 22:12:17, time: 0.733, data_time: 0.282, memory: 7099, top1_acc: 0.9295, top5_acc: 0.9982, loss_cls: 0.2326, loss: 0.2326
2022-08-05 13:05:30,812 - pyskl - INFO - Epoch [10][200/1567]	lr: 9.858e-02, eta: 22:11:21, time: 0.452, data_time: 0.000, memory: 7099, top1_acc: 0.9401, top5_acc: 0.9993, loss_cls: 0.1953, loss: 0.1953
2022-08-05 13:06:15,597 - pyskl - INFO - Epoch [10][300/1567]	lr: 9.856e-02, eta: 22:10:21, time: 0.448, data_time: 0.000, memory: 7099, top1_acc: 0.9384, top5_acc: 0.9984, loss_cls: 0.2000, loss: 0.2000
2022-08-05 13:07:00,360 - pyskl - INFO - Epoch [10][400/1567]	lr: 9.854e-02, eta: 22:09:21, time: 0.448, data_time: 0.000, memory: 7099, top1_acc: 0.9413, top5_acc: 0.9985, loss_cls: 0.1930, loss: 0.1930
2022-08-05 13:07:45,111 - pyskl - INFO - Epoch [10][500/1567]	lr: 9.852e-02, eta: 22:08:20, time: 0.447, data_time: 0.000, memory: 7099, top1_acc: 0.9409, top5_acc: 0.9987, loss_cls: 0.1926, loss: 0.1926
2022-08-05 13:08:29,856 - pyskl - INFO - Epoch [10][600/1567]	lr: 9.850e-02, eta: 22:07:20, time: 0.447, data_time: 0.000, memory: 7099, top1_acc: 0.9463, top5_acc: 0.9982, loss_cls: 0.1762, loss: 0.1762
2022-08-05 13:09:14,571 - pyskl - INFO - Epoch [10][700/1567]	lr: 9.848e-02, eta: 22:06:20, time: 0.447, data_time: 0.000, memory: 7099, top1_acc: 0.9392, top5_acc: 0.9987, loss_cls: 0.1935, loss: 0.1935
2022-08-05 13:09:59,301 - pyskl - INFO - Epoch [10][800/1567]	lr: 9.846e-02, eta: 22:05:20, time: 0.447, data_time: 0.000, memory: 7099, top1_acc: 0.9380, top5_acc: 0.9988, loss_cls: 0.1938, loss: 0.1938
2022-08-05 13:10:44,034 - pyskl - INFO - Epoch [10][900/1567]	lr: 9.844e-02, eta: 22:04:20, time: 0.447, data_time: 0.000, memory: 7099, top1_acc: 0.9386, top5_acc: 0.9986, loss_cls: 0.1967, loss: 0.1967
2022-08-05 13:11:28,777 - pyskl - INFO - Epoch [10][1000/1567]	lr: 9.842e-02, eta: 22:03:21, time: 0.447, data_time: 0.000, memory: 7099, top1_acc: 0.9418, top5_acc: 0.9992, loss_cls: 0.1900, loss: 0.1900
2022-08-05 13:12:13,477 - pyskl - INFO - Epoch [10][1100/1567]	lr: 9.840e-02, eta: 22:02:21, time: 0.447, data_time: 0.000, memory: 7099, top1_acc: 0.9383, top5_acc: 0.9984, loss_cls: 0.1986, loss: 0.1986
2022-08-05 13:12:58,198 - pyskl - INFO - Epoch [10][1200/1567]	lr: 9.837e-02, eta: 22:01:22, time: 0.447, data_time: 0.000, memory: 7099, top1_acc: 0.9381, top5_acc: 0.9984, loss_cls: 0.2051, loss: 0.2051
2022-08-05 13:13:42,929 - pyskl - INFO - Epoch [10][1300/1567]	lr: 9.835e-02, eta: 22:00:23, time: 0.447, data_time: 0.000, memory: 7099, top1_acc: 0.9390, top5_acc: 0.9986, loss_cls: 0.1968, loss: 0.1968
2022-08-05 13:14:27,700 - pyskl - INFO - Epoch [10][1400/1567]	lr: 9.833e-02, eta: 21:59:24, time: 0.448, data_time: 0.000, memory: 7099, top1_acc: 0.9417, top5_acc: 0.9984, loss_cls: 0.1891, loss: 0.1891
2022-08-05 13:15:12,556 - pyskl - INFO - Epoch [10][1500/1567]	lr: 9.831e-02, eta: 21:58:27, time: 0.449, data_time: 0.000, memory: 7099, top1_acc: 0.9409, top5_acc: 0.9986, loss_cls: 0.1955, loss: 0.1955
2022-08-05 13:16:24,291 - pyskl - INFO - Evaluating top_k_accuracy ...
2022-08-05 13:16:24,358 - pyskl - INFO - 
top1_acc	0.7302
top2_acc	0.8720
2022-08-05 13:16:24,360 - pyskl - INFO - The previous best checkpoint /lustre/chaixiujuan/gzb/mmlab/debugpyskl/work_dirs/stgcn++/stgcn++_ntu60_xsub_hrnet/j-hrnet-cliplen100-gpu2-time5-bs64-lr01-2gcntcn/best_top1_acc_epoch_2.pth was removed
2022-08-05 13:16:24,428 - pyskl - INFO - Now best checkpoint is saved as best_top1_acc_epoch_10.pth.
2022-08-05 13:16:24,428 - pyskl - INFO - Best top1_acc is 0.7302 at 10 epoch.
2022-08-05 13:16:24,433 - pyskl - INFO - Epoch(val) [10][129]	top1_acc: 0.7302, top2_acc: 0.8720
2022-08-05 13:17:53,876 - pyskl - INFO - Epoch [11][100/1567]	lr: 9.827e-02, eta: 21:59:31, time: 0.894, data_time: 0.442, memory: 7099, top1_acc: 0.9273, top5_acc: 0.9972, loss_cls: 0.2401, loss: 0.2401
2022-08-05 13:18:39,358 - pyskl - INFO - Epoch [11][200/1567]	lr: 9.825e-02, eta: 21:58:39, time: 0.455, data_time: 0.000, memory: 7099, top1_acc: 0.9403, top5_acc: 0.9984, loss_cls: 0.1876, loss: 0.1876
2022-08-05 13:19:24,662 - pyskl - INFO - Epoch [11][300/1567]	lr: 9.823e-02, eta: 21:57:46, time: 0.453, data_time: 0.000, memory: 7099, top1_acc: 0.9459, top5_acc: 0.9987, loss_cls: 0.1872, loss: 0.1872
2022-08-05 13:20:09,985 - pyskl - INFO - Epoch [11][400/1567]	lr: 9.821e-02, eta: 21:56:54, time: 0.453, data_time: 0.000, memory: 7099, top1_acc: 0.9436, top5_acc: 0.9987, loss_cls: 0.1826, loss: 0.1826
2022-08-05 13:20:55,105 - pyskl - INFO - Epoch [11][500/1567]	lr: 9.819e-02, eta: 21:55:59, time: 0.451, data_time: 0.000, memory: 7099, top1_acc: 0.9437, top5_acc: 0.9987, loss_cls: 0.1789, loss: 0.1789
2022-08-05 13:21:39,863 - pyskl - INFO - Epoch [11][600/1567]	lr: 9.816e-02, eta: 21:55:01, time: 0.448, data_time: 0.000, memory: 7099, top1_acc: 0.9405, top5_acc: 0.9991, loss_cls: 0.1940, loss: 0.1940
2022-08-05 13:22:24,622 - pyskl - INFO - Epoch [11][700/1567]	lr: 9.814e-02, eta: 21:54:02, time: 0.448, data_time: 0.000, memory: 7099, top1_acc: 0.9420, top5_acc: 0.9988, loss_cls: 0.1903, loss: 0.1903
2022-08-05 13:23:09,427 - pyskl - INFO - Epoch [11][800/1567]	lr: 9.812e-02, eta: 21:53:05, time: 0.448, data_time: 0.000, memory: 7099, top1_acc: 0.9416, top5_acc: 0.9984, loss_cls: 0.1887, loss: 0.1887
2022-08-05 13:23:54,176 - pyskl - INFO - Epoch [11][900/1567]	lr: 9.810e-02, eta: 21:52:07, time: 0.447, data_time: 0.000, memory: 7099, top1_acc: 0.9428, top5_acc: 0.9981, loss_cls: 0.1887, loss: 0.1887
2022-08-05 13:24:39,000 - pyskl - INFO - Epoch [11][1000/1567]	lr: 9.807e-02, eta: 21:51:10, time: 0.448, data_time: 0.000, memory: 7099, top1_acc: 0.9434, top5_acc: 0.9996, loss_cls: 0.1772, loss: 0.1772
2022-08-05 13:25:23,835 - pyskl - INFO - Epoch [11][1100/1567]	lr: 9.805e-02, eta: 21:50:13, time: 0.448, data_time: 0.000, memory: 7099, top1_acc: 0.9430, top5_acc: 0.9991, loss_cls: 0.1828, loss: 0.1828
2022-08-05 13:26:09,100 - pyskl - INFO - Epoch [11][1200/1567]	lr: 9.803e-02, eta: 21:49:20, time: 0.453, data_time: 0.000, memory: 7099, top1_acc: 0.9396, top5_acc: 0.9982, loss_cls: 0.1960, loss: 0.1960
2022-08-05 13:26:53,885 - pyskl - INFO - Epoch [11][1300/1567]	lr: 9.800e-02, eta: 21:48:23, time: 0.448, data_time: 0.000, memory: 7099, top1_acc: 0.9424, top5_acc: 0.9986, loss_cls: 0.1852, loss: 0.1852
2022-08-05 13:27:38,634 - pyskl - INFO - Epoch [11][1400/1567]	lr: 9.798e-02, eta: 21:47:26, time: 0.447, data_time: 0.000, memory: 7099, top1_acc: 0.9394, top5_acc: 0.9991, loss_cls: 0.1966, loss: 0.1966
2022-08-05 13:28:23,401 - pyskl - INFO - Epoch [11][1500/1567]	lr: 9.796e-02, eta: 21:46:29, time: 0.448, data_time: 0.000, memory: 7099, top1_acc: 0.9423, top5_acc: 0.9993, loss_cls: 0.1881, loss: 0.1881
2022-08-05 13:29:35,892 - pyskl - INFO - Evaluating top_k_accuracy ...
2022-08-05 13:29:36,032 - pyskl - INFO - 
top1_acc	0.0738
top2_acc	0.2713
2022-08-05 13:29:36,037 - pyskl - INFO - Epoch(val) [11][129]	top1_acc: 0.0738, top2_acc: 0.2713
2022-08-05 13:30:59,859 - pyskl - INFO - Epoch [12][100/1567]	lr: 9.792e-02, eta: 21:46:23, time: 0.838, data_time: 0.390, memory: 7099, top1_acc: 0.9261, top5_acc: 0.9976, loss_cls: 0.2307, loss: 0.2307
2022-08-05 13:31:44,552 - pyskl - INFO - Epoch [12][200/1567]	lr: 9.789e-02, eta: 21:45:25, time: 0.447, data_time: 0.000, memory: 7099, top1_acc: 0.9449, top5_acc: 0.9990, loss_cls: 0.1789, loss: 0.1789
2022-08-05 13:32:29,249 - pyskl - INFO - Epoch [12][300/1567]	lr: 9.787e-02, eta: 21:44:28, time: 0.447, data_time: 0.000, memory: 7099, top1_acc: 0.9453, top5_acc: 0.9992, loss_cls: 0.1781, loss: 0.1781
2022-08-05 13:33:13,976 - pyskl - INFO - Epoch [12][400/1567]	lr: 9.785e-02, eta: 21:43:30, time: 0.447, data_time: 0.000, memory: 7099, top1_acc: 0.9459, top5_acc: 0.9988, loss_cls: 0.1777, loss: 0.1777
2022-08-05 13:33:58,735 - pyskl - INFO - Epoch [12][500/1567]	lr: 9.782e-02, eta: 21:42:33, time: 0.448, data_time: 0.000, memory: 7099, top1_acc: 0.9443, top5_acc: 0.9989, loss_cls: 0.1789, loss: 0.1789
2022-08-05 13:34:43,476 - pyskl - INFO - Epoch [12][600/1567]	lr: 9.780e-02, eta: 21:41:37, time: 0.447, data_time: 0.000, memory: 7099, top1_acc: 0.9403, top5_acc: 0.9986, loss_cls: 0.1888, loss: 0.1888
2022-08-05 13:35:28,287 - pyskl - INFO - Epoch [12][700/1567]	lr: 9.777e-02, eta: 21:40:41, time: 0.448, data_time: 0.000, memory: 7099, top1_acc: 0.9370, top5_acc: 0.9985, loss_cls: 0.2042, loss: 0.2042
2022-08-05 13:36:13,212 - pyskl - INFO - Epoch [12][800/1567]	lr: 9.775e-02, eta: 21:39:46, time: 0.449, data_time: 0.000, memory: 7099, top1_acc: 0.9416, top5_acc: 0.9984, loss_cls: 0.1876, loss: 0.1876
2022-08-05 13:36:58,465 - pyskl - INFO - Epoch [12][900/1567]	lr: 9.772e-02, eta: 21:38:54, time: 0.453, data_time: 0.000, memory: 7099, top1_acc: 0.9436, top5_acc: 0.9985, loss_cls: 0.1819, loss: 0.1819
2022-08-05 13:37:43,765 - pyskl - INFO - Epoch [12][1000/1567]	lr: 9.770e-02, eta: 21:38:03, time: 0.453, data_time: 0.000, memory: 7099, top1_acc: 0.9466, top5_acc: 0.9991, loss_cls: 0.1702, loss: 0.1702
2022-08-05 13:38:28,787 - pyskl - INFO - Epoch [12][1100/1567]	lr: 9.767e-02, eta: 21:37:09, time: 0.450, data_time: 0.000, memory: 7099, top1_acc: 0.9466, top5_acc: 0.9988, loss_cls: 0.1763, loss: 0.1763
2022-08-05 13:39:13,927 - pyskl - INFO - Epoch [12][1200/1567]	lr: 9.765e-02, eta: 21:36:17, time: 0.451, data_time: 0.000, memory: 7099, top1_acc: 0.9373, top5_acc: 0.9989, loss_cls: 0.1883, loss: 0.1883
2022-08-05 13:39:58,959 - pyskl - INFO - Epoch [12][1300/1567]	lr: 9.762e-02, eta: 21:35:23, time: 0.450, data_time: 0.000, memory: 7099, top1_acc: 0.9396, top5_acc: 0.9985, loss_cls: 0.1920, loss: 0.1920
2022-08-05 13:40:43,981 - pyskl - INFO - Epoch [12][1400/1567]	lr: 9.760e-02, eta: 21:34:30, time: 0.450, data_time: 0.000, memory: 7099, top1_acc: 0.9403, top5_acc: 0.9991, loss_cls: 0.1935, loss: 0.1935
2022-08-05 13:41:28,954 - pyskl - INFO - Epoch [12][1500/1567]	lr: 9.757e-02, eta: 21:33:36, time: 0.450, data_time: 0.000, memory: 7099, top1_acc: 0.9505, top5_acc: 0.9995, loss_cls: 0.1612, loss: 0.1612
2022-08-05 13:42:36,737 - pyskl - INFO - Evaluating top_k_accuracy ...
2022-08-05 13:42:36,802 - pyskl - INFO - 
top1_acc	0.1093
top2_acc	0.1718
2022-08-05 13:42:36,805 - pyskl - INFO - Epoch(val) [12][129]	top1_acc: 0.1093, top2_acc: 0.1718
2022-08-05 13:43:55,066 - pyskl - INFO - Epoch [13][100/1567]	lr: 9.753e-02, eta: 21:32:35, time: 0.783, data_time: 0.334, memory: 7099, top1_acc: 0.9113, top5_acc: 0.9966, loss_cls: 0.2862, loss: 0.2862
2022-08-05 13:44:39,958 - pyskl - INFO - Epoch [13][200/1567]	lr: 9.750e-02, eta: 21:31:40, time: 0.449, data_time: 0.000, memory: 7099, top1_acc: 0.9394, top5_acc: 0.9989, loss_cls: 0.1931, loss: 0.1931
2022-08-05 13:45:25,171 - pyskl - INFO - Epoch [13][300/1567]	lr: 9.748e-02, eta: 21:30:49, time: 0.452, data_time: 0.000, memory: 7099, top1_acc: 0.9445, top5_acc: 0.9985, loss_cls: 0.1869, loss: 0.1869
2022-08-05 13:46:10,371 - pyskl - INFO - Epoch [13][400/1567]	lr: 9.745e-02, eta: 21:29:57, time: 0.452, data_time: 0.000, memory: 7099, top1_acc: 0.9443, top5_acc: 0.9987, loss_cls: 0.1793, loss: 0.1793
2022-08-05 13:46:55,444 - pyskl - INFO - Epoch [13][500/1567]	lr: 9.742e-02, eta: 21:29:05, time: 0.451, data_time: 0.000, memory: 7099, top1_acc: 0.9490, top5_acc: 0.9989, loss_cls: 0.1680, loss: 0.1680
2022-08-05 13:47:40,259 - pyskl - INFO - Epoch [13][600/1567]	lr: 9.740e-02, eta: 21:28:10, time: 0.448, data_time: 0.000, memory: 7099, top1_acc: 0.9470, top5_acc: 0.9992, loss_cls: 0.1715, loss: 0.1715
2022-08-05 13:48:25,007 - pyskl - INFO - Epoch [13][700/1567]	lr: 9.737e-02, eta: 21:27:15, time: 0.447, data_time: 0.000, memory: 7099, top1_acc: 0.9487, top5_acc: 0.9991, loss_cls: 0.1624, loss: 0.1624
2022-08-05 13:49:09,872 - pyskl - INFO - Epoch [13][800/1567]	lr: 9.734e-02, eta: 21:26:21, time: 0.449, data_time: 0.000, memory: 7099, top1_acc: 0.9455, top5_acc: 0.9987, loss_cls: 0.1810, loss: 0.1810
2022-08-05 13:49:54,668 - pyskl - INFO - Epoch [13][900/1567]	lr: 9.732e-02, eta: 21:25:26, time: 0.448, data_time: 0.000, memory: 7099, top1_acc: 0.9448, top5_acc: 0.9991, loss_cls: 0.1769, loss: 0.1769
2022-08-05 13:50:39,468 - pyskl - INFO - Epoch [13][1000/1567]	lr: 9.729e-02, eta: 21:24:31, time: 0.448, data_time: 0.000, memory: 7099, top1_acc: 0.9491, top5_acc: 0.9991, loss_cls: 0.1687, loss: 0.1687
2022-08-05 13:51:24,312 - pyskl - INFO - Epoch [13][1100/1567]	lr: 9.726e-02, eta: 21:23:37, time: 0.448, data_time: 0.000, memory: 7099, top1_acc: 0.9442, top5_acc: 0.9986, loss_cls: 0.1819, loss: 0.1819
2022-08-05 13:52:09,142 - pyskl - INFO - Epoch [13][1200/1567]	lr: 9.723e-02, eta: 21:22:43, time: 0.448, data_time: 0.000, memory: 7099, top1_acc: 0.9437, top5_acc: 0.9990, loss_cls: 0.1817, loss: 0.1817
2022-08-05 13:52:53,941 - pyskl - INFO - Epoch [13][1300/1567]	lr: 9.721e-02, eta: 21:21:49, time: 0.448, data_time: 0.000, memory: 7099, top1_acc: 0.9422, top5_acc: 0.9989, loss_cls: 0.1864, loss: 0.1864
2022-08-05 13:53:38,657 - pyskl - INFO - Epoch [13][1400/1567]	lr: 9.718e-02, eta: 21:20:54, time: 0.447, data_time: 0.000, memory: 7099, top1_acc: 0.9455, top5_acc: 0.9983, loss_cls: 0.1838, loss: 0.1838
2022-08-05 13:54:23,379 - pyskl - INFO - Epoch [13][1500/1567]	lr: 9.715e-02, eta: 21:20:00, time: 0.447, data_time: 0.000, memory: 7099, top1_acc: 0.9460, top5_acc: 0.9988, loss_cls: 0.1731, loss: 0.1731
2022-08-05 13:55:31,943 - pyskl - INFO - Evaluating top_k_accuracy ...
2022-08-05 13:55:32,026 - pyskl - INFO - 
top1_acc	0.5215
top2_acc	0.6384
2022-08-05 13:55:32,028 - pyskl - INFO - Epoch(val) [13][129]	top1_acc: 0.5215, top2_acc: 0.6384
2022-08-05 13:57:03,498 - pyskl - INFO - Epoch [14][100/1567]	lr: 9.710e-02, eta: 21:20:46, time: 0.915, data_time: 0.466, memory: 7099, top1_acc: 0.9398, top5_acc: 0.9992, loss_cls: 0.1949, loss: 0.1949
2022-08-05 13:57:48,287 - pyskl - INFO - Epoch [14][200/1567]	lr: 9.708e-02, eta: 21:19:52, time: 0.448, data_time: 0.000, memory: 7099, top1_acc: 0.9428, top5_acc: 0.9988, loss_cls: 0.1836, loss: 0.1836
