2022-07-15 15:21:40,189 - pyskl - INFO - Environment info:
------------------------------------------------------------
sys.platform: linux
Python: 3.7.11 (default, Jul 27 2021, 14:32:16) [GCC 7.5.0]
CUDA available: True
GPU 0: Tesla P100-SXM2-16GB
CUDA_HOME: /usr/local/cuda
NVCC: Cuda compilation tools, release 10.1, V10.1.105
GCC: gcc (GCC) 4.8.5 20150623 (Red Hat 4.8.5-4)
PyTorch: 1.7.1
PyTorch compiling details: PyTorch built with:
  - GCC 7.3
  - C++ Version: 201402
  - Intel(R) oneAPI Math Kernel Library Version 2021.4-Product Build 20210904 for Intel(R) 64 architecture applications
  - Intel(R) MKL-DNN v1.6.0 (Git Hash 5ef631a030a6f73131c77892041042805a06064f)
  - OpenMP 201511 (a.k.a. OpenMP 4.5)
  - NNPACK is enabled
  - CPU capability usage: AVX2
  - CUDA Runtime 10.1
  - NVCC architecture flags: -gencode;arch=compute_37,code=sm_37;-gencode;arch=compute_50,code=sm_50;-gencode;arch=compute_60,code=sm_60;-gencode;arch=compute_61,code=sm_61;-gencode;arch=compute_70,code=sm_70;-gencode;arch=compute_75,code=sm_75;-gencode;arch=compute_37,code=compute_37
  - CuDNN 7.6.3
  - Magma 2.5.2
  - Build settings: BLAS=MKL, BUILD_TYPE=Release, CXX_FLAGS= -Wno-deprecated -fvisibility-inlines-hidden -DUSE_PTHREADPOOL -fopenmp -DNDEBUG -DUSE_FBGEMM -DUSE_QNNPACK -DUSE_PYTORCH_QNNPACK -DUSE_XNNPACK -DUSE_VULKAN_WRAPPER -O2 -fPIC -Wno-narrowing -Wall -Wextra -Werror=return-type -Wno-missing-field-initializers -Wno-type-limits -Wno-array-bounds -Wno-unknown-pragmas -Wno-sign-compare -Wno-unused-parameter -Wno-unused-variable -Wno-unused-function -Wno-unused-result -Wno-unused-local-typedefs -Wno-strict-overflow -Wno-strict-aliasing -Wno-error=deprecated-declarations -Wno-stringop-overflow -Wno-psabi -Wno-error=pedantic -Wno-error=redundant-decls -Wno-error=old-style-cast -fdiagnostics-color=always -faligned-new -Wno-unused-but-set-variable -Wno-maybe-uninitialized -fno-math-errno -fno-trapping-math -Werror=format -Wno-stringop-overflow, PERF_WITH_AVX=1, PERF_WITH_AVX2=1, PERF_WITH_AVX512=1, USE_CUDA=ON, USE_EXCEPTION_PTR=1, USE_GFLAGS=OFF, USE_GLOG=OFF, USE_MKL=ON, USE_MKLDNN=ON, USE_MPI=OFF, USE_NCCL=ON, USE_NNPACK=ON, USE_OPENMP=ON, 

TorchVision: 0.8.2
OpenCV: 4.5.5
MMCV: 1.4.5
MMCV Compiler: GCC 7.3
MMCV CUDA Compiler: 10.1
pyskl: 0.1.0+
------------------------------------------------------------

2022-07-15 15:21:40,352 - pyskl - INFO - Config: model = dict(
    type='RecognizerGCN',
    backbone=dict(
        type='STGCN',
        gcn_adaptive='init',
        gcn_with_res=True,
        tcn_type='mstcn',
        graph_cfg=dict(layout='nturgb+d', mode='spatial')),
    cls_head=dict(type='GCNHead', num_classes=60, in_channels=256))
dataset_type = 'PoseDataset'
ann_file = 'data/nturgbd/ntu60_3danno.pkl'
train_pipeline = [
    dict(type='PreNormalize3D'),
    dict(type='GenSkeFeat', dataset='nturgb+d', feats=['j']),
    dict(type='UniformSample', clip_len=20),
    dict(type='PoseDecode'),
    dict(type='FormatGCNInput', num_person=2),
    dict(type='Collect', keys=['keypoint', 'label'], meta_keys=[]),
    dict(type='ToTensor', keys=['keypoint'])
]
val_pipeline = [
    dict(type='PreNormalize3D'),
    dict(type='GenSkeFeat', dataset='nturgb+d', feats=['j']),
    dict(type='UniformSample', clip_len=20, num_clips=1, test_mode=True),
    dict(type='PoseDecode'),
    dict(type='FormatGCNInput', num_person=2),
    dict(type='Collect', keys=['keypoint', 'label'], meta_keys=[]),
    dict(type='ToTensor', keys=['keypoint'])
]
test_pipeline = [
    dict(type='PreNormalize3D'),
    dict(type='GenSkeFeat', dataset='nturgb+d', feats=['j']),
    dict(type='UniformSample', clip_len=20, num_clips=10, test_mode=True),
    dict(type='PoseDecode'),
    dict(type='FormatGCNInput', num_person=2),
    dict(type='Collect', keys=['keypoint', 'label'], meta_keys=[]),
    dict(type='ToTensor', keys=['keypoint'])
]
data = dict(
    videos_per_gpu=32,
    workers_per_gpu=1,
    test_dataloader=dict(videos_per_gpu=1),
    train=dict(
        type='RepeatDataset',
        times=1,
        dataset=dict(
            type='PoseDataset',
            ann_file='data/nturgbd/ntu60_3danno.pkl',
            pipeline=[
                dict(type='PreNormalize3D'),
                dict(type='GenSkeFeat', dataset='nturgb+d', feats=['j']),
                dict(type='UniformSample', clip_len=20),
                dict(type='PoseDecode'),
                dict(type='FormatGCNInput', num_person=2),
                dict(type='Collect', keys=['keypoint', 'label'], meta_keys=[]),
                dict(type='ToTensor', keys=['keypoint'])
            ],
            split='xsub_train')),
    val=dict(
        type='PoseDataset',
        ann_file='data/nturgbd/ntu60_3danno.pkl',
        pipeline=[
            dict(type='PreNormalize3D'),
            dict(type='GenSkeFeat', dataset='nturgb+d', feats=['j']),
            dict(
                type='UniformSample', clip_len=20, num_clips=1,
                test_mode=True),
            dict(type='PoseDecode'),
            dict(type='FormatGCNInput', num_person=2),
            dict(type='Collect', keys=['keypoint', 'label'], meta_keys=[]),
            dict(type='ToTensor', keys=['keypoint'])
        ],
        split='xsub_val'),
    test=dict(
        type='PoseDataset',
        ann_file='data/nturgbd/ntu60_3danno.pkl',
        pipeline=[
            dict(type='PreNormalize3D'),
            dict(type='GenSkeFeat', dataset='nturgb+d', feats=['j']),
            dict(
                type='UniformSample',
                clip_len=20,
                num_clips=10,
                test_mode=True),
            dict(type='PoseDecode'),
            dict(type='FormatGCNInput', num_person=2),
            dict(type='Collect', keys=['keypoint', 'label'], meta_keys=[]),
            dict(type='ToTensor', keys=['keypoint'])
        ],
        split='xsub_val'))
optimizer = dict(
    type='SGD', lr=0.1, momentum=0.9, weight_decay=0.0005, nesterov=True)
optimizer_config = dict(grad_clip=None)
lr_config = dict(policy='CosineAnnealing', min_lr=0, by_epoch=False)
total_epochs = 16
checkpoint_config = dict(interval=16)
evaluation = dict(
    interval=1, metrics=['top_k_accuracy'], metric_options=dict(topk=(1, 2)))
log_config = dict(interval=100, hooks=[dict(type='TextLoggerHook')])
log_level = 'INFO'
work_dir = './work_dirs/stgcn++/stgcn++_ntu60_xsub_3dkp/j-gpu1-cliplen20'
dist_params = dict(backend='nccl')
gpu_ids = range(0, 1)

2022-07-15 15:21:40,354 - pyskl - INFO - Set random seed to 966470019, deterministic: False
2022-07-15 15:21:45,751 - pyskl - INFO - 40091 videos remain after valid thresholding
2022-07-15 15:21:51,341 - pyskl - INFO - 16487 videos remain after valid thresholding
2022-07-15 15:21:51,369 - pyskl - INFO - Start running, host: chaixiujuan@gpu07, work_dir: /lustre/chaixiujuan/gzb/mmlab/debugpyskl/work_dirs/stgcn++/stgcn++_ntu60_xsub_3dkp/j-gpu1-cliplen20
2022-07-15 15:21:51,369 - pyskl - INFO - Hooks will be executed in the following order:
before_run:
(VERY_HIGH   ) CosineAnnealingLrUpdaterHook       
(NORMAL      ) CheckpointHook                     
(NORMAL      ) DistEvalHook                       
(VERY_LOW    ) TextLoggerHook                     
 -------------------- 
before_train_epoch:
(VERY_HIGH   ) CosineAnnealingLrUpdaterHook       
(NORMAL      ) DistSamplerSeedHook                
(NORMAL      ) DistEvalHook                       
(LOW         ) IterTimerHook                      
(VERY_LOW    ) TextLoggerHook                     
 -------------------- 
before_train_iter:
(VERY_HIGH   ) CosineAnnealingLrUpdaterHook       
(NORMAL      ) DistEvalHook                       
(LOW         ) IterTimerHook                      
 -------------------- 
after_train_iter:
(ABOVE_NORMAL) OptimizerHook                      
(NORMAL      ) CheckpointHook                     
(NORMAL      ) DistEvalHook                       
(LOW         ) IterTimerHook                      
(VERY_LOW    ) TextLoggerHook                     
 -------------------- 
after_train_epoch:
(NORMAL      ) CheckpointHook                     
(NORMAL      ) DistEvalHook                       
(VERY_LOW    ) TextLoggerHook                     
 -------------------- 
before_val_epoch:
(NORMAL      ) DistSamplerSeedHook                
(LOW         ) IterTimerHook                      
(VERY_LOW    ) TextLoggerHook                     
 -------------------- 
before_val_iter:
(LOW         ) IterTimerHook                      
 -------------------- 
after_val_iter:
(LOW         ) IterTimerHook                      
 -------------------- 
after_val_epoch:
(VERY_LOW    ) TextLoggerHook                     
 -------------------- 
after_run:
(VERY_LOW    ) TextLoggerHook                     
 -------------------- 
2022-07-15 15:21:51,370 - pyskl - INFO - workflow: [('train', 1)], max: 16 epochs
2022-07-15 15:21:51,370 - pyskl - INFO - Checkpoints will be saved to /lustre/chaixiujuan/gzb/mmlab/debugpyskl/work_dirs/stgcn++/stgcn++_ntu60_xsub_3dkp/j-gpu1-cliplen20 by HardDiskBackend.
2022-07-15 15:22:19,671 - pyskl - INFO - Epoch [1][100/1253]	lr: 9.999e-02, eta: 1:34:04, time: 0.283, data_time: 0.111, memory: 1406, top1_acc: 0.0475, top5_acc: 0.1994, loss_cls: 3.8429, loss: 3.8429
2022-07-15 15:22:36,077 - pyskl - INFO - Epoch [1][200/1253]	lr: 9.998e-02, eta: 1:13:56, time: 0.164, data_time: 0.000, memory: 1406, top1_acc: 0.1147, top5_acc: 0.3616, loss_cls: 3.3188, loss: 3.3188
2022-07-15 15:22:52,388 - pyskl - INFO - Epoch [1][300/1253]	lr: 9.995e-02, eta: 1:06:56, time: 0.163, data_time: 0.001, memory: 1406, top1_acc: 0.1756, top5_acc: 0.5172, loss_cls: 2.8805, loss: 2.8805
2022-07-15 15:23:08,665 - pyskl - INFO - Epoch [1][400/1253]	lr: 9.990e-02, eta: 1:03:16, time: 0.163, data_time: 0.001, memory: 1406, top1_acc: 0.2341, top5_acc: 0.6081, loss_cls: 2.6356, loss: 2.6356
2022-07-15 15:23:25,800 - pyskl - INFO - Epoch [1][500/1253]	lr: 9.985e-02, eta: 1:01:31, time: 0.171, data_time: 0.000, memory: 1406, top1_acc: 0.2891, top5_acc: 0.6781, loss_cls: 2.3999, loss: 2.3999
2022-07-15 15:23:42,372 - pyskl - INFO - Epoch [1][600/1253]	lr: 9.978e-02, eta: 0:59:57, time: 0.166, data_time: 0.000, memory: 1406, top1_acc: 0.3409, top5_acc: 0.7347, loss_cls: 2.1861, loss: 2.1861
2022-07-15 15:23:58,668 - pyskl - INFO - Epoch [1][700/1253]	lr: 9.970e-02, eta: 0:58:38, time: 0.163, data_time: 0.000, memory: 1406, top1_acc: 0.3884, top5_acc: 0.7703, loss_cls: 2.0363, loss: 2.0363
2022-07-15 15:24:14,902 - pyskl - INFO - Epoch [1][800/1253]	lr: 9.961e-02, eta: 0:57:33, time: 0.162, data_time: 0.000, memory: 1406, top1_acc: 0.4169, top5_acc: 0.7959, loss_cls: 1.9291, loss: 1.9291
2022-07-15 15:24:31,346 - pyskl - INFO - Epoch [1][900/1253]	lr: 9.950e-02, eta: 0:56:43, time: 0.164, data_time: 0.000, memory: 1406, top1_acc: 0.4381, top5_acc: 0.8200, loss_cls: 1.8452, loss: 1.8452
2022-07-15 15:24:47,697 - pyskl - INFO - Epoch [1][1000/1253]	lr: 9.939e-02, eta: 0:55:58, time: 0.164, data_time: 0.000, memory: 1406, top1_acc: 0.4691, top5_acc: 0.8316, loss_cls: 1.7541, loss: 1.7541
2022-07-15 15:25:04,110 - pyskl - INFO - Epoch [1][1100/1253]	lr: 9.926e-02, eta: 0:55:19, time: 0.164, data_time: 0.000, memory: 1406, top1_acc: 0.4991, top5_acc: 0.8522, loss_cls: 1.6604, loss: 1.6604
2022-07-15 15:25:20,611 - pyskl - INFO - Epoch [1][1200/1253]	lr: 9.912e-02, eta: 0:54:46, time: 0.165, data_time: 0.000, memory: 1406, top1_acc: 0.5238, top5_acc: 0.8591, loss_cls: 1.6034, loss: 1.6034
2022-07-15 15:27:04,821 - pyskl - INFO - Evaluating top_k_accuracy ...
2022-07-15 15:27:04,888 - pyskl - INFO - 
top1_acc	0.5157
top5_acc	0.8664
2022-07-15 15:27:04,988 - pyskl - INFO - Now best checkpoint is saved as best_top1_acc_epoch_1.pth.
2022-07-15 15:27:04,990 - pyskl - INFO - Best top1_acc is 0.5157 at 1 epoch.
2022-07-15 15:27:04,993 - pyskl - INFO - Epoch(val) [1][516]	top1_acc: 0.5157, top5_acc: 0.8664
2022-07-15 15:27:31,632 - pyskl - INFO - Epoch [2][100/1253]	lr: 9.888e-02, eta: 0:54:19, time: 0.266, data_time: 0.103, memory: 1406, top1_acc: 0.5356, top5_acc: 0.8766, loss_cls: 1.5162, loss: 1.5162
2022-07-15 15:27:47,945 - pyskl - INFO - Epoch [2][200/1253]	lr: 9.871e-02, eta: 0:53:47, time: 0.163, data_time: 0.000, memory: 1406, top1_acc: 0.5516, top5_acc: 0.8794, loss_cls: 1.4720, loss: 1.4720
2022-07-15 15:28:04,225 - pyskl - INFO - Epoch [2][300/1253]	lr: 9.853e-02, eta: 0:53:17, time: 0.163, data_time: 0.000, memory: 1406, top1_acc: 0.5719, top5_acc: 0.8988, loss_cls: 1.3997, loss: 1.3997
2022-07-15 15:28:20,505 - pyskl - INFO - Epoch [2][400/1253]	lr: 9.833e-02, eta: 0:52:48, time: 0.163, data_time: 0.000, memory: 1406, top1_acc: 0.5641, top5_acc: 0.8859, loss_cls: 1.4079, loss: 1.4079
2022-07-15 15:28:36,825 - pyskl - INFO - Epoch [2][500/1253]	lr: 9.813e-02, eta: 0:52:21, time: 0.163, data_time: 0.000, memory: 1406, top1_acc: 0.5713, top5_acc: 0.8944, loss_cls: 1.3867, loss: 1.3867
2022-07-15 15:28:53,129 - pyskl - INFO - Epoch [2][600/1253]	lr: 9.791e-02, eta: 0:51:56, time: 0.163, data_time: 0.000, memory: 1406, top1_acc: 0.5916, top5_acc: 0.8950, loss_cls: 1.3431, loss: 1.3431
2022-07-15 15:29:09,400 - pyskl - INFO - Epoch [2][700/1253]	lr: 9.768e-02, eta: 0:51:31, time: 0.163, data_time: 0.000, memory: 1406, top1_acc: 0.6081, top5_acc: 0.8984, loss_cls: 1.2963, loss: 1.2963
2022-07-15 15:29:25,791 - pyskl - INFO - Epoch [2][800/1253]	lr: 9.744e-02, eta: 0:51:07, time: 0.164, data_time: 0.000, memory: 1406, top1_acc: 0.6216, top5_acc: 0.9078, loss_cls: 1.2466, loss: 1.2466
2022-07-15 15:29:42,237 - pyskl - INFO - Epoch [2][900/1253]	lr: 9.718e-02, eta: 0:50:45, time: 0.164, data_time: 0.000, memory: 1406, top1_acc: 0.6234, top5_acc: 0.9081, loss_cls: 1.2398, loss: 1.2398
2022-07-15 15:29:58,690 - pyskl - INFO - Epoch [2][1000/1253]	lr: 9.692e-02, eta: 0:50:24, time: 0.165, data_time: 0.000, memory: 1406, top1_acc: 0.6328, top5_acc: 0.9078, loss_cls: 1.2118, loss: 1.2118
2022-07-15 15:30:14,996 - pyskl - INFO - Epoch [2][1100/1253]	lr: 9.664e-02, eta: 0:50:02, time: 0.163, data_time: 0.000, memory: 1406, top1_acc: 0.6278, top5_acc: 0.9209, loss_cls: 1.1949, loss: 1.1949
2022-07-15 15:30:31,375 - pyskl - INFO - Epoch [2][1200/1253]	lr: 9.635e-02, eta: 0:49:41, time: 0.164, data_time: 0.000, memory: 1406, top1_acc: 0.6266, top5_acc: 0.9134, loss_cls: 1.2117, loss: 1.2117
2022-07-15 15:32:19,229 - pyskl - INFO - Evaluating top_k_accuracy ...
2022-07-15 15:32:19,310 - pyskl - INFO - 
top1_acc	0.6159
top5_acc	0.9061
2022-07-15 15:32:19,311 - pyskl - INFO - The previous best checkpoint /lustre/chaixiujuan/gzb/mmlab/debugpyskl/work_dirs/stgcn++/stgcn++_ntu60_xsub_3dkp/j-gpu1-cliplen20/best_top1_acc_epoch_1.pth was removed
2022-07-15 15:32:19,420 - pyskl - INFO - Now best checkpoint is saved as best_top1_acc_epoch_2.pth.
2022-07-15 15:32:19,421 - pyskl - INFO - Best top1_acc is 0.6159 at 2 epoch.
2022-07-15 15:32:19,424 - pyskl - INFO - Epoch(val) [2][516]	top1_acc: 0.6159, top5_acc: 0.9061
2022-07-15 15:32:46,028 - pyskl - INFO - Epoch [3][100/1253]	lr: 9.589e-02, eta: 0:49:19, time: 0.266, data_time: 0.103, memory: 1406, top1_acc: 0.6384, top5_acc: 0.9247, loss_cls: 1.1362, loss: 1.1362
2022-07-15 15:33:02,338 - pyskl - INFO - Epoch [3][200/1253]	lr: 9.557e-02, eta: 0:48:58, time: 0.163, data_time: 0.000, memory: 1406, top1_acc: 0.6422, top5_acc: 0.9166, loss_cls: 1.1865, loss: 1.1865
2022-07-15 15:33:18,628 - pyskl - INFO - Epoch [3][300/1253]	lr: 9.525e-02, eta: 0:48:37, time: 0.163, data_time: 0.000, memory: 1406, top1_acc: 0.6553, top5_acc: 0.9287, loss_cls: 1.1218, loss: 1.1218
2022-07-15 15:33:34,950 - pyskl - INFO - Epoch [3][400/1253]	lr: 9.491e-02, eta: 0:48:17, time: 0.163, data_time: 0.000, memory: 1406, top1_acc: 0.6581, top5_acc: 0.9216, loss_cls: 1.1242, loss: 1.1242
2022-07-15 15:33:51,273 - pyskl - INFO - Epoch [3][500/1253]	lr: 9.456e-02, eta: 0:47:56, time: 0.163, data_time: 0.000, memory: 1406, top1_acc: 0.6466, top5_acc: 0.9269, loss_cls: 1.1415, loss: 1.1415
2022-07-15 15:34:07,580 - pyskl - INFO - Epoch [3][600/1253]	lr: 9.420e-02, eta: 0:47:36, time: 0.163, data_time: 0.000, memory: 1406, top1_acc: 0.6519, top5_acc: 0.9269, loss_cls: 1.1185, loss: 1.1185
2022-07-15 15:34:23,892 - pyskl - INFO - Epoch [3][700/1253]	lr: 9.383e-02, eta: 0:47:17, time: 0.163, data_time: 0.000, memory: 1406, top1_acc: 0.6622, top5_acc: 0.9319, loss_cls: 1.0712, loss: 1.0712
2022-07-15 15:34:40,189 - pyskl - INFO - Epoch [3][800/1253]	lr: 9.344e-02, eta: 0:46:57, time: 0.163, data_time: 0.000, memory: 1406, top1_acc: 0.6559, top5_acc: 0.9219, loss_cls: 1.1408, loss: 1.1408
2022-07-15 15:34:56,495 - pyskl - INFO - Epoch [3][900/1253]	lr: 9.305e-02, eta: 0:46:38, time: 0.163, data_time: 0.000, memory: 1406, top1_acc: 0.6609, top5_acc: 0.9306, loss_cls: 1.0869, loss: 1.0869
2022-07-15 15:35:12,870 - pyskl - INFO - Epoch [3][1000/1253]	lr: 9.265e-02, eta: 0:46:19, time: 0.164, data_time: 0.000, memory: 1406, top1_acc: 0.6700, top5_acc: 0.9219, loss_cls: 1.1033, loss: 1.1033
2022-07-15 15:35:29,182 - pyskl - INFO - Epoch [3][1100/1253]	lr: 9.223e-02, eta: 0:46:00, time: 0.163, data_time: 0.000, memory: 1406, top1_acc: 0.6819, top5_acc: 0.9319, loss_cls: 1.0551, loss: 1.0551
2022-07-15 15:35:45,486 - pyskl - INFO - Epoch [3][1200/1253]	lr: 9.181e-02, eta: 0:45:41, time: 0.163, data_time: 0.000, memory: 1406, top1_acc: 0.6587, top5_acc: 0.9225, loss_cls: 1.1264, loss: 1.1264
2022-07-15 15:37:27,829 - pyskl - INFO - Evaluating top_k_accuracy ...
2022-07-15 15:37:27,910 - pyskl - INFO - 
top1_acc	0.6230
top5_acc	0.8995
2022-07-15 15:37:27,911 - pyskl - INFO - The previous best checkpoint /lustre/chaixiujuan/gzb/mmlab/debugpyskl/work_dirs/stgcn++/stgcn++_ntu60_xsub_3dkp/j-gpu1-cliplen20/best_top1_acc_epoch_2.pth was removed
2022-07-15 15:37:28,015 - pyskl - INFO - Now best checkpoint is saved as best_top1_acc_epoch_3.pth.
2022-07-15 15:37:28,016 - pyskl - INFO - Best top1_acc is 0.6230 at 3 epoch.
2022-07-15 15:37:28,019 - pyskl - INFO - Epoch(val) [3][516]	top1_acc: 0.6230, top5_acc: 0.8995
2022-07-15 15:37:54,788 - pyskl - INFO - Epoch [4][100/1253]	lr: 9.114e-02, eta: 0:45:20, time: 0.268, data_time: 0.104, memory: 1406, top1_acc: 0.6906, top5_acc: 0.9322, loss_cls: 1.0086, loss: 1.0086
2022-07-15 15:38:11,114 - pyskl - INFO - Epoch [4][200/1253]	lr: 9.069e-02, eta: 0:45:01, time: 0.163, data_time: 0.000, memory: 1406, top1_acc: 0.6769, top5_acc: 0.9378, loss_cls: 1.0277, loss: 1.0277
2022-07-15 15:38:27,401 - pyskl - INFO - Epoch [4][300/1253]	lr: 9.023e-02, eta: 0:44:42, time: 0.163, data_time: 0.000, memory: 1406, top1_acc: 0.6872, top5_acc: 0.9366, loss_cls: 1.0317, loss: 1.0317
2022-07-15 15:38:43,700 - pyskl - INFO - Epoch [4][400/1253]	lr: 8.976e-02, eta: 0:44:24, time: 0.163, data_time: 0.000, memory: 1406, top1_acc: 0.6900, top5_acc: 0.9309, loss_cls: 1.0337, loss: 1.0337
2022-07-15 15:39:00,016 - pyskl - INFO - Epoch [4][500/1253]	lr: 8.928e-02, eta: 0:44:05, time: 0.163, data_time: 0.000, memory: 1406, top1_acc: 0.6881, top5_acc: 0.9313, loss_cls: 1.0252, loss: 1.0252
2022-07-15 15:39:16,333 - pyskl - INFO - Epoch [4][600/1253]	lr: 8.879e-02, eta: 0:43:47, time: 0.163, data_time: 0.000, memory: 1406, top1_acc: 0.6866, top5_acc: 0.9325, loss_cls: 1.0400, loss: 1.0400
2022-07-15 15:39:34,798 - pyskl - INFO - Epoch [4][700/1253]	lr: 8.829e-02, eta: 0:43:36, time: 0.185, data_time: 0.021, memory: 1406, top1_acc: 0.6922, top5_acc: 0.9397, loss_cls: 1.0067, loss: 1.0067
2022-07-15 15:39:53,537 - pyskl - INFO - Epoch [4][800/1253]	lr: 8.778e-02, eta: 0:43:26, time: 0.187, data_time: 0.025, memory: 1406, top1_acc: 0.6997, top5_acc: 0.9400, loss_cls: 0.9844, loss: 0.9844
2022-07-15 15:40:12,252 - pyskl - INFO - Epoch [4][900/1253]	lr: 8.726e-02, eta: 0:43:15, time: 0.187, data_time: 0.025, memory: 1406, top1_acc: 0.6872, top5_acc: 0.9394, loss_cls: 1.0105, loss: 1.0105
2022-07-15 15:40:30,688 - pyskl - INFO - Epoch [4][1000/1253]	lr: 8.673e-02, eta: 0:43:03, time: 0.184, data_time: 0.022, memory: 1406, top1_acc: 0.6903, top5_acc: 0.9319, loss_cls: 1.0086, loss: 1.0086
2022-07-15 15:40:49,382 - pyskl - INFO - Epoch [4][1100/1253]	lr: 8.620e-02, eta: 0:42:52, time: 0.187, data_time: 0.025, memory: 1406, top1_acc: 0.6747, top5_acc: 0.9313, loss_cls: 1.0319, loss: 1.0319
2022-07-15 15:41:07,918 - pyskl - INFO - Epoch [4][1200/1253]	lr: 8.565e-02, eta: 0:42:40, time: 0.185, data_time: 0.023, memory: 1406, top1_acc: 0.6781, top5_acc: 0.9384, loss_cls: 1.0340, loss: 1.0340
2022-07-15 15:42:54,458 - pyskl - INFO - Evaluating top_k_accuracy ...
2022-07-15 15:42:54,523 - pyskl - INFO - 
top1_acc	0.6992
top5_acc	0.9327
2022-07-15 15:42:54,524 - pyskl - INFO - The previous best checkpoint /lustre/chaixiujuan/gzb/mmlab/debugpyskl/work_dirs/stgcn++/stgcn++_ntu60_xsub_3dkp/j-gpu1-cliplen20/best_top1_acc_epoch_3.pth was removed
2022-07-15 15:42:54,618 - pyskl - INFO - Now best checkpoint is saved as best_top1_acc_epoch_4.pth.
2022-07-15 15:42:54,619 - pyskl - INFO - Best top1_acc is 0.6992 at 4 epoch.
2022-07-15 15:42:54,622 - pyskl - INFO - Epoch(val) [4][516]	top1_acc: 0.6992, top5_acc: 0.9327
2022-07-15 15:43:21,583 - pyskl - INFO - Epoch [5][100/1253]	lr: 8.480e-02, eta: 0:42:17, time: 0.270, data_time: 0.106, memory: 1406, top1_acc: 0.7241, top5_acc: 0.9478, loss_cls: 0.8897, loss: 0.8897
2022-07-15 15:43:37,981 - pyskl - INFO - Epoch [5][200/1253]	lr: 8.424e-02, eta: 0:41:58, time: 0.164, data_time: 0.000, memory: 1406, top1_acc: 0.7028, top5_acc: 0.9353, loss_cls: 0.9714, loss: 0.9714
2022-07-15 15:43:54,410 - pyskl - INFO - Epoch [5][300/1253]	lr: 8.366e-02, eta: 0:41:40, time: 0.164, data_time: 0.001, memory: 1406, top1_acc: 0.6978, top5_acc: 0.9387, loss_cls: 0.9665, loss: 0.9665
2022-07-15 15:44:10,700 - pyskl - INFO - Epoch [5][400/1253]	lr: 8.308e-02, eta: 0:41:21, time: 0.163, data_time: 0.000, memory: 1406, top1_acc: 0.6987, top5_acc: 0.9406, loss_cls: 0.9773, loss: 0.9773
2022-07-15 15:44:27,072 - pyskl - INFO - Epoch [5][500/1253]	lr: 8.249e-02, eta: 0:41:03, time: 0.164, data_time: 0.000, memory: 1406, top1_acc: 0.7031, top5_acc: 0.9409, loss_cls: 0.9526, loss: 0.9526
2022-07-15 15:44:43,484 - pyskl - INFO - Epoch [5][600/1253]	lr: 8.189e-02, eta: 0:40:44, time: 0.164, data_time: 0.001, memory: 1406, top1_acc: 0.7084, top5_acc: 0.9400, loss_cls: 0.9324, loss: 0.9324
2022-07-15 15:44:59,784 - pyskl - INFO - Epoch [5][700/1253]	lr: 8.128e-02, eta: 0:40:26, time: 0.163, data_time: 0.001, memory: 1406, top1_acc: 0.7000, top5_acc: 0.9375, loss_cls: 0.9798, loss: 0.9798
2022-07-15 15:45:16,139 - pyskl - INFO - Epoch [5][800/1253]	lr: 8.066e-02, eta: 0:40:07, time: 0.164, data_time: 0.001, memory: 1406, top1_acc: 0.6991, top5_acc: 0.9359, loss_cls: 1.0010, loss: 1.0010
2022-07-15 15:45:32,439 - pyskl - INFO - Epoch [5][900/1253]	lr: 8.004e-02, eta: 0:39:49, time: 0.163, data_time: 0.000, memory: 1406, top1_acc: 0.7153, top5_acc: 0.9425, loss_cls: 0.9439, loss: 0.9439
2022-07-15 15:45:48,727 - pyskl - INFO - Epoch [5][1000/1253]	lr: 7.941e-02, eta: 0:39:31, time: 0.163, data_time: 0.000, memory: 1406, top1_acc: 0.7403, top5_acc: 0.9437, loss_cls: 0.8926, loss: 0.8926
2022-07-15 15:46:05,236 - pyskl - INFO - Epoch [5][1100/1253]	lr: 7.877e-02, eta: 0:39:13, time: 0.165, data_time: 0.002, memory: 1406, top1_acc: 0.6919, top5_acc: 0.9378, loss_cls: 0.9947, loss: 0.9947
2022-07-15 15:46:21,574 - pyskl - INFO - Epoch [5][1200/1253]	lr: 7.813e-02, eta: 0:38:55, time: 0.163, data_time: 0.001, memory: 1406, top1_acc: 0.7109, top5_acc: 0.9441, loss_cls: 0.9370, loss: 0.9370
2022-07-15 15:48:05,310 - pyskl - INFO - Evaluating top_k_accuracy ...
2022-07-15 15:48:05,394 - pyskl - INFO - 
top1_acc	0.6671
top5_acc	0.9235
2022-07-15 15:48:05,402 - pyskl - INFO - Epoch(val) [5][516]	top1_acc: 0.6671, top5_acc: 0.9235
2022-07-15 15:48:31,932 - pyskl - INFO - Epoch [6][100/1253]	lr: 7.713e-02, eta: 0:38:30, time: 0.265, data_time: 0.103, memory: 1406, top1_acc: 0.7303, top5_acc: 0.9522, loss_cls: 0.8900, loss: 0.8900
2022-07-15 15:48:48,150 - pyskl - INFO - Epoch [6][200/1253]	lr: 7.647e-02, eta: 0:38:12, time: 0.162, data_time: 0.000, memory: 1406, top1_acc: 0.7188, top5_acc: 0.9372, loss_cls: 0.9350, loss: 0.9350
2022-07-15 15:49:04,369 - pyskl - INFO - Epoch [6][300/1253]	lr: 7.580e-02, eta: 0:37:54, time: 0.162, data_time: 0.000, memory: 1406, top1_acc: 0.7178, top5_acc: 0.9450, loss_cls: 0.9127, loss: 0.9127
2022-07-15 15:49:20,662 - pyskl - INFO - Epoch [6][400/1253]	lr: 7.513e-02, eta: 0:37:36, time: 0.163, data_time: 0.000, memory: 1406, top1_acc: 0.7219, top5_acc: 0.9434, loss_cls: 0.8919, loss: 0.8919
2022-07-15 15:49:37,005 - pyskl - INFO - Epoch [6][500/1253]	lr: 7.445e-02, eta: 0:37:18, time: 0.163, data_time: 0.000, memory: 1406, top1_acc: 0.7222, top5_acc: 0.9444, loss_cls: 0.9019, loss: 0.9019
2022-07-15 15:49:53,273 - pyskl - INFO - Epoch [6][600/1253]	lr: 7.376e-02, eta: 0:37:00, time: 0.163, data_time: 0.000, memory: 1406, top1_acc: 0.7212, top5_acc: 0.9422, loss_cls: 0.8971, loss: 0.8971
2022-07-15 15:50:09,562 - pyskl - INFO - Epoch [6][700/1253]	lr: 7.307e-02, eta: 0:36:42, time: 0.163, data_time: 0.000, memory: 1406, top1_acc: 0.7253, top5_acc: 0.9447, loss_cls: 0.8963, loss: 0.8963
2022-07-15 15:50:25,865 - pyskl - INFO - Epoch [6][800/1253]	lr: 7.237e-02, eta: 0:36:24, time: 0.163, data_time: 0.000, memory: 1406, top1_acc: 0.7200, top5_acc: 0.9425, loss_cls: 0.9036, loss: 0.9036
2022-07-15 15:50:42,121 - pyskl - INFO - Epoch [6][900/1253]	lr: 7.167e-02, eta: 0:36:06, time: 0.163, data_time: 0.000, memory: 1406, top1_acc: 0.7406, top5_acc: 0.9431, loss_cls: 0.8736, loss: 0.8736
2022-07-15 15:50:58,428 - pyskl - INFO - Epoch [6][1000/1253]	lr: 7.096e-02, eta: 0:35:49, time: 0.163, data_time: 0.000, memory: 1406, top1_acc: 0.7262, top5_acc: 0.9463, loss_cls: 0.8771, loss: 0.8771
2022-07-15 15:51:14,643 - pyskl - INFO - Epoch [6][1100/1253]	lr: 7.024e-02, eta: 0:35:31, time: 0.162, data_time: 0.000, memory: 1406, top1_acc: 0.7184, top5_acc: 0.9472, loss_cls: 0.8848, loss: 0.8848
2022-07-15 15:51:30,927 - pyskl - INFO - Epoch [6][1200/1253]	lr: 6.952e-02, eta: 0:35:13, time: 0.163, data_time: 0.000, memory: 1406, top1_acc: 0.7356, top5_acc: 0.9459, loss_cls: 0.8504, loss: 0.8504
2022-07-15 15:53:16,560 - pyskl - INFO - Evaluating top_k_accuracy ...
2022-07-15 15:53:16,700 - pyskl - INFO - 
top1_acc	0.6938
top5_acc	0.9376
2022-07-15 15:53:16,703 - pyskl - INFO - Epoch(val) [6][516]	top1_acc: 0.6938, top5_acc: 0.9376
2022-07-15 15:53:43,522 - pyskl - INFO - Epoch [7][100/1253]	lr: 6.842e-02, eta: 0:34:49, time: 0.268, data_time: 0.104, memory: 1406, top1_acc: 0.7434, top5_acc: 0.9556, loss_cls: 0.8331, loss: 0.8331
2022-07-15 15:53:59,814 - pyskl - INFO - Epoch [7][200/1253]	lr: 6.768e-02, eta: 0:34:32, time: 0.163, data_time: 0.000, memory: 1406, top1_acc: 0.7338, top5_acc: 0.9513, loss_cls: 0.8413, loss: 0.8413
2022-07-15 15:54:16,109 - pyskl - INFO - Epoch [7][300/1253]	lr: 6.695e-02, eta: 0:34:14, time: 0.163, data_time: 0.000, memory: 1406, top1_acc: 0.7375, top5_acc: 0.9541, loss_cls: 0.8338, loss: 0.8338
2022-07-15 15:54:32,413 - pyskl - INFO - Epoch [7][400/1253]	lr: 6.621e-02, eta: 0:33:57, time: 0.163, data_time: 0.000, memory: 1406, top1_acc: 0.7281, top5_acc: 0.9500, loss_cls: 0.8562, loss: 0.8562
2022-07-15 15:54:48,693 - pyskl - INFO - Epoch [7][500/1253]	lr: 6.547e-02, eta: 0:33:39, time: 0.163, data_time: 0.000, memory: 1406, top1_acc: 0.7219, top5_acc: 0.9487, loss_cls: 0.8994, loss: 0.8994
2022-07-15 15:55:05,124 - pyskl - INFO - Epoch [7][600/1253]	lr: 6.472e-02, eta: 0:33:22, time: 0.164, data_time: 0.000, memory: 1406, top1_acc: 0.7541, top5_acc: 0.9481, loss_cls: 0.8150, loss: 0.8150
2022-07-15 15:55:21,590 - pyskl - INFO - Epoch [7][700/1253]	lr: 6.397e-02, eta: 0:33:04, time: 0.165, data_time: 0.000, memory: 1406, top1_acc: 0.7528, top5_acc: 0.9534, loss_cls: 0.8065, loss: 0.8065
2022-07-15 15:55:37,944 - pyskl - INFO - Epoch [7][800/1253]	lr: 6.322e-02, eta: 0:32:47, time: 0.164, data_time: 0.001, memory: 1406, top1_acc: 0.7347, top5_acc: 0.9487, loss_cls: 0.8459, loss: 0.8459
2022-07-15 15:55:54,282 - pyskl - INFO - Epoch [7][900/1253]	lr: 6.246e-02, eta: 0:32:30, time: 0.163, data_time: 0.000, memory: 1406, top1_acc: 0.7653, top5_acc: 0.9563, loss_cls: 0.7781, loss: 0.7781
2022-07-15 15:56:10,933 - pyskl - INFO - Epoch [7][1000/1253]	lr: 6.170e-02, eta: 0:32:13, time: 0.167, data_time: 0.000, memory: 1406, top1_acc: 0.7328, top5_acc: 0.9491, loss_cls: 0.8543, loss: 0.8543
2022-07-15 15:56:29,461 - pyskl - INFO - Epoch [7][1100/1253]	lr: 6.093e-02, eta: 0:31:58, time: 0.185, data_time: 0.023, memory: 1406, top1_acc: 0.7353, top5_acc: 0.9459, loss_cls: 0.8540, loss: 0.8540
2022-07-15 15:56:47,826 - pyskl - INFO - Epoch [7][1200/1253]	lr: 6.017e-02, eta: 0:31:44, time: 0.184, data_time: 0.021, memory: 1406, top1_acc: 0.7569, top5_acc: 0.9522, loss_cls: 0.8189, loss: 0.8189
2022-07-15 15:58:31,236 - pyskl - INFO - Evaluating top_k_accuracy ...
2022-07-15 15:58:31,319 - pyskl - INFO - 
top1_acc	0.6987
top5_acc	0.9278
2022-07-15 15:58:31,322 - pyskl - INFO - Epoch(val) [7][516]	top1_acc: 0.6987, top5_acc: 0.9278
2022-07-15 15:58:58,374 - pyskl - INFO - Epoch [8][100/1253]	lr: 5.899e-02, eta: 0:31:20, time: 0.270, data_time: 0.106, memory: 1406, top1_acc: 0.7588, top5_acc: 0.9553, loss_cls: 0.7771, loss: 0.7771
2022-07-15 15:59:14,667 - pyskl - INFO - Epoch [8][200/1253]	lr: 5.822e-02, eta: 0:31:02, time: 0.163, data_time: 0.000, memory: 1406, top1_acc: 0.7572, top5_acc: 0.9566, loss_cls: 0.7640, loss: 0.7640
2022-07-15 15:59:31,074 - pyskl - INFO - Epoch [8][300/1253]	lr: 5.745e-02, eta: 0:30:45, time: 0.164, data_time: 0.000, memory: 1406, top1_acc: 0.7669, top5_acc: 0.9572, loss_cls: 0.7639, loss: 0.7639
2022-07-15 15:59:47,453 - pyskl - INFO - Epoch [8][400/1253]	lr: 5.667e-02, eta: 0:30:27, time: 0.164, data_time: 0.000, memory: 1406, top1_acc: 0.7441, top5_acc: 0.9553, loss_cls: 0.8150, loss: 0.8150
2022-07-15 16:00:03,742 - pyskl - INFO - Epoch [8][500/1253]	lr: 5.589e-02, eta: 0:30:10, time: 0.163, data_time: 0.000, memory: 1406, top1_acc: 0.7497, top5_acc: 0.9500, loss_cls: 0.8090, loss: 0.8090
2022-07-15 16:00:20,026 - pyskl - INFO - Epoch [8][600/1253]	lr: 5.512e-02, eta: 0:29:53, time: 0.163, data_time: 0.000, memory: 1406, top1_acc: 0.7562, top5_acc: 0.9550, loss_cls: 0.8003, loss: 0.8003
2022-07-15 16:00:36,471 - pyskl - INFO - Epoch [8][700/1253]	lr: 5.434e-02, eta: 0:29:35, time: 0.164, data_time: 0.000, memory: 1406, top1_acc: 0.7612, top5_acc: 0.9547, loss_cls: 0.7817, loss: 0.7817
2022-07-15 16:00:52,876 - pyskl - INFO - Epoch [8][800/1253]	lr: 5.355e-02, eta: 0:29:18, time: 0.164, data_time: 0.000, memory: 1406, top1_acc: 0.7656, top5_acc: 0.9550, loss_cls: 0.7829, loss: 0.7829
2022-07-15 16:01:09,592 - pyskl - INFO - Epoch [8][900/1253]	lr: 5.277e-02, eta: 0:29:01, time: 0.167, data_time: 0.000, memory: 1406, top1_acc: 0.7603, top5_acc: 0.9575, loss_cls: 0.7794, loss: 0.7794
2022-07-15 16:01:26,500 - pyskl - INFO - Epoch [8][1000/1253]	lr: 5.199e-02, eta: 0:28:45, time: 0.169, data_time: 0.000, memory: 1406, top1_acc: 0.7609, top5_acc: 0.9581, loss_cls: 0.7639, loss: 0.7639
2022-07-15 16:01:43,337 - pyskl - INFO - Epoch [8][1100/1253]	lr: 5.121e-02, eta: 0:28:28, time: 0.168, data_time: 0.000, memory: 1406, top1_acc: 0.7625, top5_acc: 0.9613, loss_cls: 0.7692, loss: 0.7692
2022-07-15 16:01:59,735 - pyskl - INFO - Epoch [8][1200/1253]	lr: 5.042e-02, eta: 0:28:11, time: 0.164, data_time: 0.000, memory: 1406, top1_acc: 0.7644, top5_acc: 0.9587, loss_cls: 0.7430, loss: 0.7430
2022-07-15 16:03:42,568 - pyskl - INFO - Evaluating top_k_accuracy ...
2022-07-15 16:03:42,634 - pyskl - INFO - 
top1_acc	0.7157
top5_acc	0.9330
2022-07-15 16:03:42,635 - pyskl - INFO - The previous best checkpoint /lustre/chaixiujuan/gzb/mmlab/debugpyskl/work_dirs/stgcn++/stgcn++_ntu60_xsub_3dkp/j-gpu1-cliplen20/best_top1_acc_epoch_4.pth was removed
2022-07-15 16:03:42,729 - pyskl - INFO - Now best checkpoint is saved as best_top1_acc_epoch_8.pth.
2022-07-15 16:03:42,730 - pyskl - INFO - Best top1_acc is 0.7157 at 8 epoch.
2022-07-15 16:03:42,734 - pyskl - INFO - Epoch(val) [8][516]	top1_acc: 0.7157, top5_acc: 0.9330
2022-07-15 16:04:09,628 - pyskl - INFO - Epoch [9][100/1253]	lr: 4.922e-02, eta: 0:27:46, time: 0.269, data_time: 0.105, memory: 1406, top1_acc: 0.7694, top5_acc: 0.9594, loss_cls: 0.7379, loss: 0.7379
2022-07-15 16:04:25,940 - pyskl - INFO - Epoch [9][200/1253]	lr: 4.844e-02, eta: 0:27:29, time: 0.163, data_time: 0.000, memory: 1406, top1_acc: 0.7775, top5_acc: 0.9616, loss_cls: 0.7126, loss: 0.7126
2022-07-15 16:04:42,341 - pyskl - INFO - Epoch [9][300/1253]	lr: 4.766e-02, eta: 0:27:12, time: 0.164, data_time: 0.000, memory: 1406, top1_acc: 0.7581, top5_acc: 0.9587, loss_cls: 0.7698, loss: 0.7698
2022-07-15 16:04:58,710 - pyskl - INFO - Epoch [9][400/1253]	lr: 4.688e-02, eta: 0:26:55, time: 0.164, data_time: 0.000, memory: 1406, top1_acc: 0.7794, top5_acc: 0.9631, loss_cls: 0.7155, loss: 0.7155
2022-07-15 16:05:15,028 - pyskl - INFO - Epoch [9][500/1253]	lr: 4.609e-02, eta: 0:26:38, time: 0.163, data_time: 0.000, memory: 1406, top1_acc: 0.7791, top5_acc: 0.9594, loss_cls: 0.7229, loss: 0.7229
2022-07-15 16:05:31,437 - pyskl - INFO - Epoch [9][600/1253]	lr: 4.531e-02, eta: 0:26:20, time: 0.164, data_time: 0.000, memory: 1406, top1_acc: 0.7806, top5_acc: 0.9644, loss_cls: 0.6867, loss: 0.6867
2022-07-15 16:05:47,738 - pyskl - INFO - Epoch [9][700/1253]	lr: 4.453e-02, eta: 0:26:03, time: 0.163, data_time: 0.000, memory: 1406, top1_acc: 0.7762, top5_acc: 0.9625, loss_cls: 0.7164, loss: 0.7164
2022-07-15 16:06:04,169 - pyskl - INFO - Epoch [9][800/1253]	lr: 4.376e-02, eta: 0:25:46, time: 0.164, data_time: 0.000, memory: 1406, top1_acc: 0.7866, top5_acc: 0.9644, loss_cls: 0.7008, loss: 0.7008
2022-07-15 16:06:20,598 - pyskl - INFO - Epoch [9][900/1253]	lr: 4.298e-02, eta: 0:25:29, time: 0.164, data_time: 0.000, memory: 1406, top1_acc: 0.7769, top5_acc: 0.9603, loss_cls: 0.7079, loss: 0.7079
2022-07-15 16:06:36,886 - pyskl - INFO - Epoch [9][1000/1253]	lr: 4.220e-02, eta: 0:25:12, time: 0.163, data_time: 0.000, memory: 1406, top1_acc: 0.7762, top5_acc: 0.9569, loss_cls: 0.7205, loss: 0.7205
2022-07-15 16:06:53,186 - pyskl - INFO - Epoch [9][1100/1253]	lr: 4.143e-02, eta: 0:24:55, time: 0.163, data_time: 0.000, memory: 1406, top1_acc: 0.7872, top5_acc: 0.9572, loss_cls: 0.7041, loss: 0.7041
2022-07-15 16:07:09,476 - pyskl - INFO - Epoch [9][1200/1253]	lr: 4.066e-02, eta: 0:24:38, time: 0.163, data_time: 0.000, memory: 1406, top1_acc: 0.7694, top5_acc: 0.9597, loss_cls: 0.7285, loss: 0.7285
2022-07-15 16:08:54,879 - pyskl - INFO - Evaluating top_k_accuracy ...
2022-07-15 16:08:54,962 - pyskl - INFO - 
top1_acc	0.7650
top5_acc	0.9551
2022-07-15 16:08:54,963 - pyskl - INFO - The previous best checkpoint /lustre/chaixiujuan/gzb/mmlab/debugpyskl/work_dirs/stgcn++/stgcn++_ntu60_xsub_3dkp/j-gpu1-cliplen20/best_top1_acc_epoch_8.pth was removed
2022-07-15 16:08:55,074 - pyskl - INFO - Now best checkpoint is saved as best_top1_acc_epoch_9.pth.
2022-07-15 16:08:55,075 - pyskl - INFO - Best top1_acc is 0.7650 at 9 epoch.
2022-07-15 16:08:55,079 - pyskl - INFO - Epoch(val) [9][516]	top1_acc: 0.7650, top5_acc: 0.9551
2022-07-15 16:09:22,169 - pyskl - INFO - Epoch [10][100/1253]	lr: 3.949e-02, eta: 0:24:13, time: 0.271, data_time: 0.108, memory: 1406, top1_acc: 0.8131, top5_acc: 0.9678, loss_cls: 0.6150, loss: 0.6150
2022-07-15 16:09:38,573 - pyskl - INFO - Epoch [10][200/1253]	lr: 3.872e-02, eta: 0:23:56, time: 0.164, data_time: 0.001, memory: 1406, top1_acc: 0.7906, top5_acc: 0.9669, loss_cls: 0.6616, loss: 0.6616
2022-07-15 16:09:54,890 - pyskl - INFO - Epoch [10][300/1253]	lr: 3.796e-02, eta: 0:23:39, time: 0.163, data_time: 0.000, memory: 1406, top1_acc: 0.7959, top5_acc: 0.9641, loss_cls: 0.6741, loss: 0.6741
2022-07-15 16:10:11,219 - pyskl - INFO - Epoch [10][400/1253]	lr: 3.720e-02, eta: 0:23:22, time: 0.163, data_time: 0.000, memory: 1406, top1_acc: 0.8028, top5_acc: 0.9647, loss_cls: 0.6552, loss: 0.6552
2022-07-15 16:10:27,525 - pyskl - INFO - Epoch [10][500/1253]	lr: 3.644e-02, eta: 0:23:05, time: 0.163, data_time: 0.000, memory: 1406, top1_acc: 0.8003, top5_acc: 0.9672, loss_cls: 0.6462, loss: 0.6462
2022-07-15 16:10:43,786 - pyskl - INFO - Epoch [10][600/1253]	lr: 3.569e-02, eta: 0:22:48, time: 0.163, data_time: 0.000, memory: 1406, top1_acc: 0.8072, top5_acc: 0.9678, loss_cls: 0.6273, loss: 0.6273
2022-07-15 16:11:00,123 - pyskl - INFO - Epoch [10][700/1253]	lr: 3.494e-02, eta: 0:22:31, time: 0.163, data_time: 0.000, memory: 1406, top1_acc: 0.7987, top5_acc: 0.9684, loss_cls: 0.6329, loss: 0.6329
2022-07-15 16:11:16,455 - pyskl - INFO - Epoch [10][800/1253]	lr: 3.420e-02, eta: 0:22:14, time: 0.163, data_time: 0.000, memory: 1406, top1_acc: 0.8028, top5_acc: 0.9641, loss_cls: 0.6374, loss: 0.6374
2022-07-15 16:11:32,810 - pyskl - INFO - Epoch [10][900/1253]	lr: 3.346e-02, eta: 0:21:57, time: 0.164, data_time: 0.000, memory: 1406, top1_acc: 0.7931, top5_acc: 0.9656, loss_cls: 0.6576, loss: 0.6576
2022-07-15 16:11:49,366 - pyskl - INFO - Epoch [10][1000/1253]	lr: 3.272e-02, eta: 0:21:40, time: 0.166, data_time: 0.000, memory: 1406, top1_acc: 0.7966, top5_acc: 0.9688, loss_cls: 0.6386, loss: 0.6386
2022-07-15 16:12:05,675 - pyskl - INFO - Epoch [10][1100/1253]	lr: 3.199e-02, eta: 0:21:23, time: 0.163, data_time: 0.000, memory: 1406, top1_acc: 0.8203, top5_acc: 0.9666, loss_cls: 0.6061, loss: 0.6061
2022-07-15 16:12:21,958 - pyskl - INFO - Epoch [10][1200/1253]	lr: 3.126e-02, eta: 0:21:06, time: 0.163, data_time: 0.000, memory: 1406, top1_acc: 0.8087, top5_acc: 0.9619, loss_cls: 0.6407, loss: 0.6407
2022-07-15 16:14:04,524 - pyskl - INFO - Evaluating top_k_accuracy ...
2022-07-15 16:14:04,606 - pyskl - INFO - 
top1_acc	0.7605
top5_acc	0.9523
2022-07-15 16:14:04,609 - pyskl - INFO - Epoch(val) [10][516]	top1_acc: 0.7605, top5_acc: 0.9523
2022-07-15 16:14:31,681 - pyskl - INFO - Epoch [11][100/1253]	lr: 3.015e-02, eta: 0:20:41, time: 0.271, data_time: 0.108, memory: 1406, top1_acc: 0.8222, top5_acc: 0.9728, loss_cls: 0.5711, loss: 0.5711
2022-07-15 16:14:47,993 - pyskl - INFO - Epoch [11][200/1253]	lr: 2.943e-02, eta: 0:20:24, time: 0.163, data_time: 0.000, memory: 1406, top1_acc: 0.8228, top5_acc: 0.9709, loss_cls: 0.5913, loss: 0.5913
2022-07-15 16:15:04,336 - pyskl - INFO - Epoch [11][300/1253]	lr: 2.872e-02, eta: 0:20:07, time: 0.163, data_time: 0.001, memory: 1406, top1_acc: 0.8209, top5_acc: 0.9684, loss_cls: 0.6035, loss: 0.6035
2022-07-15 16:15:20,641 - pyskl - INFO - Epoch [11][400/1253]	lr: 2.802e-02, eta: 0:19:50, time: 0.163, data_time: 0.000, memory: 1406, top1_acc: 0.8097, top5_acc: 0.9625, loss_cls: 0.6260, loss: 0.6260
2022-07-15 16:15:36,956 - pyskl - INFO - Epoch [11][500/1253]	lr: 2.732e-02, eta: 0:19:33, time: 0.163, data_time: 0.000, memory: 1406, top1_acc: 0.8263, top5_acc: 0.9694, loss_cls: 0.5762, loss: 0.5762
2022-07-15 16:15:53,251 - pyskl - INFO - Epoch [11][600/1253]	lr: 2.662e-02, eta: 0:19:16, time: 0.163, data_time: 0.000, memory: 1406, top1_acc: 0.8159, top5_acc: 0.9744, loss_cls: 0.5767, loss: 0.5767
2022-07-15 16:16:09,551 - pyskl - INFO - Epoch [11][700/1253]	lr: 2.593e-02, eta: 0:18:59, time: 0.163, data_time: 0.000, memory: 1406, top1_acc: 0.8119, top5_acc: 0.9688, loss_cls: 0.5963, loss: 0.5963
2022-07-15 16:16:26,084 - pyskl - INFO - Epoch [11][800/1253]	lr: 2.525e-02, eta: 0:18:43, time: 0.165, data_time: 0.000, memory: 1406, top1_acc: 0.8222, top5_acc: 0.9700, loss_cls: 0.5804, loss: 0.5804
2022-07-15 16:16:42,590 - pyskl - INFO - Epoch [11][900/1253]	lr: 2.457e-02, eta: 0:18:26, time: 0.165, data_time: 0.000, memory: 1406, top1_acc: 0.8341, top5_acc: 0.9731, loss_cls: 0.5394, loss: 0.5394
2022-07-15 16:16:59,012 - pyskl - INFO - Epoch [11][1000/1253]	lr: 2.390e-02, eta: 0:18:09, time: 0.164, data_time: 0.000, memory: 1406, top1_acc: 0.8353, top5_acc: 0.9725, loss_cls: 0.5321, loss: 0.5321
2022-07-15 16:17:15,317 - pyskl - INFO - Epoch [11][1100/1253]	lr: 2.323e-02, eta: 0:17:52, time: 0.163, data_time: 0.000, memory: 1406, top1_acc: 0.8222, top5_acc: 0.9719, loss_cls: 0.5502, loss: 0.5502
2022-07-15 16:17:31,608 - pyskl - INFO - Epoch [11][1200/1253]	lr: 2.257e-02, eta: 0:17:35, time: 0.163, data_time: 0.000, memory: 1406, top1_acc: 0.8225, top5_acc: 0.9716, loss_cls: 0.5705, loss: 0.5705
2022-07-15 16:19:13,733 - pyskl - INFO - Evaluating top_k_accuracy ...
2022-07-15 16:19:13,798 - pyskl - INFO - 
top1_acc	0.7776
top5_acc	0.9594
2022-07-15 16:19:13,799 - pyskl - INFO - The previous best checkpoint /lustre/chaixiujuan/gzb/mmlab/debugpyskl/work_dirs/stgcn++/stgcn++_ntu60_xsub_3dkp/j-gpu1-cliplen20/best_top1_acc_epoch_9.pth was removed
2022-07-15 16:19:13,897 - pyskl - INFO - Now best checkpoint is saved as best_top1_acc_epoch_11.pth.
2022-07-15 16:19:13,898 - pyskl - INFO - Best top1_acc is 0.7776 at 11 epoch.
2022-07-15 16:19:13,901 - pyskl - INFO - Epoch(val) [11][516]	top1_acc: 0.7776, top5_acc: 0.9594
2022-07-15 16:19:40,137 - pyskl - INFO - Epoch [12][100/1253]	lr: 2.158e-02, eta: 0:17:10, time: 0.262, data_time: 0.099, memory: 1406, top1_acc: 0.8491, top5_acc: 0.9759, loss_cls: 0.4848, loss: 0.4848
2022-07-15 16:19:56,697 - pyskl - INFO - Epoch [12][200/1253]	lr: 2.094e-02, eta: 0:16:53, time: 0.166, data_time: 0.001, memory: 1406, top1_acc: 0.8525, top5_acc: 0.9791, loss_cls: 0.4829, loss: 0.4829
2022-07-15 16:20:13,202 - pyskl - INFO - Epoch [12][300/1253]	lr: 2.030e-02, eta: 0:16:36, time: 0.165, data_time: 0.000, memory: 1406, top1_acc: 0.8391, top5_acc: 0.9797, loss_cls: 0.5090, loss: 0.5090
2022-07-15 16:20:29,506 - pyskl - INFO - Epoch [12][400/1253]	lr: 1.968e-02, eta: 0:16:19, time: 0.163, data_time: 0.000, memory: 1406, top1_acc: 0.8422, top5_acc: 0.9772, loss_cls: 0.5001, loss: 0.5001
2022-07-15 16:20:45,812 - pyskl - INFO - Epoch [12][500/1253]	lr: 1.906e-02, eta: 0:16:03, time: 0.163, data_time: 0.000, memory: 1406, top1_acc: 0.8550, top5_acc: 0.9750, loss_cls: 0.4911, loss: 0.4911
2022-07-15 16:21:02,122 - pyskl - INFO - Epoch [12][600/1253]	lr: 1.845e-02, eta: 0:15:46, time: 0.163, data_time: 0.000, memory: 1406, top1_acc: 0.8419, top5_acc: 0.9769, loss_cls: 0.5005, loss: 0.5005
2022-07-15 16:21:18,416 - pyskl - INFO - Epoch [12][700/1253]	lr: 1.784e-02, eta: 0:15:29, time: 0.163, data_time: 0.000, memory: 1406, top1_acc: 0.8466, top5_acc: 0.9750, loss_cls: 0.4907, loss: 0.4907
2022-07-15 16:21:34,797 - pyskl - INFO - Epoch [12][800/1253]	lr: 1.725e-02, eta: 0:15:12, time: 0.164, data_time: 0.000, memory: 1406, top1_acc: 0.8584, top5_acc: 0.9775, loss_cls: 0.4596, loss: 0.4596
2022-07-15 16:21:51,364 - pyskl - INFO - Epoch [12][900/1253]	lr: 1.666e-02, eta: 0:14:55, time: 0.166, data_time: 0.000, memory: 1406, top1_acc: 0.8522, top5_acc: 0.9759, loss_cls: 0.4925, loss: 0.4925
2022-07-15 16:22:07,938 - pyskl - INFO - Epoch [12][1000/1253]	lr: 1.608e-02, eta: 0:14:39, time: 0.166, data_time: 0.000, memory: 1406, top1_acc: 0.8447, top5_acc: 0.9697, loss_cls: 0.5181, loss: 0.5181
2022-07-15 16:22:24,205 - pyskl - INFO - Epoch [12][1100/1253]	lr: 1.551e-02, eta: 0:14:22, time: 0.163, data_time: 0.000, memory: 1406, top1_acc: 0.8481, top5_acc: 0.9766, loss_cls: 0.4861, loss: 0.4861
2022-07-15 16:22:40,485 - pyskl - INFO - Epoch [12][1200/1253]	lr: 1.495e-02, eta: 0:14:05, time: 0.163, data_time: 0.000, memory: 1406, top1_acc: 0.8553, top5_acc: 0.9762, loss_cls: 0.4764, loss: 0.4764
2022-07-15 16:24:25,685 - pyskl - INFO - Evaluating top_k_accuracy ...
2022-07-15 16:24:25,751 - pyskl - INFO - 
top1_acc	0.8142
top5_acc	0.9668
2022-07-15 16:24:25,752 - pyskl - INFO - The previous best checkpoint /lustre/chaixiujuan/gzb/mmlab/debugpyskl/work_dirs/stgcn++/stgcn++_ntu60_xsub_3dkp/j-gpu1-cliplen20/best_top1_acc_epoch_11.pth was removed
2022-07-15 16:24:25,847 - pyskl - INFO - Now best checkpoint is saved as best_top1_acc_epoch_12.pth.
2022-07-15 16:24:25,848 - pyskl - INFO - Best top1_acc is 0.8142 at 12 epoch.
2022-07-15 16:24:25,851 - pyskl - INFO - Epoch(val) [12][516]	top1_acc: 0.8142, top5_acc: 0.9668
2022-07-15 16:24:52,293 - pyskl - INFO - Epoch [13][100/1253]	lr: 1.410e-02, eta: 0:13:40, time: 0.264, data_time: 0.102, memory: 1406, top1_acc: 0.8697, top5_acc: 0.9853, loss_cls: 0.4145, loss: 0.4145
2022-07-15 16:25:08,825 - pyskl - INFO - Epoch [13][200/1253]	lr: 1.356e-02, eta: 0:13:23, time: 0.165, data_time: 0.002, memory: 1406, top1_acc: 0.8712, top5_acc: 0.9784, loss_cls: 0.4260, loss: 0.4260
2022-07-15 16:25:25,128 - pyskl - INFO - Epoch [13][300/1253]	lr: 1.303e-02, eta: 0:13:06, time: 0.163, data_time: 0.000, memory: 1406, top1_acc: 0.8656, top5_acc: 0.9778, loss_cls: 0.4401, loss: 0.4401
2022-07-15 16:25:41,416 - pyskl - INFO - Epoch [13][400/1253]	lr: 1.250e-02, eta: 0:12:49, time: 0.163, data_time: 0.000, memory: 1406, top1_acc: 0.8784, top5_acc: 0.9812, loss_cls: 0.4117, loss: 0.4117
2022-07-15 16:25:57,668 - pyskl - INFO - Epoch [13][500/1253]	lr: 1.199e-02, eta: 0:12:32, time: 0.163, data_time: 0.000, memory: 1406, top1_acc: 0.8809, top5_acc: 0.9788, loss_cls: 0.4106, loss: 0.4106
2022-07-15 16:26:14,159 - pyskl - INFO - Epoch [13][600/1253]	lr: 1.149e-02, eta: 0:12:16, time: 0.165, data_time: 0.000, memory: 1406, top1_acc: 0.8769, top5_acc: 0.9825, loss_cls: 0.4087, loss: 0.4087
2022-07-15 16:26:30,437 - pyskl - INFO - Epoch [13][700/1253]	lr: 1.099e-02, eta: 0:11:59, time: 0.163, data_time: 0.000, memory: 1406, top1_acc: 0.8688, top5_acc: 0.9822, loss_cls: 0.4277, loss: 0.4277
2022-07-15 16:26:46,717 - pyskl - INFO - Epoch [13][800/1253]	lr: 1.051e-02, eta: 0:11:42, time: 0.163, data_time: 0.000, memory: 1406, top1_acc: 0.8725, top5_acc: 0.9825, loss_cls: 0.4103, loss: 0.4103
2022-07-15 16:27:02,999 - pyskl - INFO - Epoch [13][900/1253]	lr: 1.003e-02, eta: 0:11:25, time: 0.163, data_time: 0.000, memory: 1406, top1_acc: 0.8738, top5_acc: 0.9797, loss_cls: 0.4166, loss: 0.4166
2022-07-15 16:27:19,289 - pyskl - INFO - Epoch [13][1000/1253]	lr: 9.565e-03, eta: 0:11:09, time: 0.163, data_time: 0.000, memory: 1406, top1_acc: 0.8756, top5_acc: 0.9825, loss_cls: 0.3931, loss: 0.3931
2022-07-15 16:27:35,713 - pyskl - INFO - Epoch [13][1100/1253]	lr: 9.109e-03, eta: 0:10:52, time: 0.164, data_time: 0.000, memory: 1406, top1_acc: 0.8869, top5_acc: 0.9822, loss_cls: 0.3731, loss: 0.3731
2022-07-15 16:27:52,025 - pyskl - INFO - Epoch [13][1200/1253]	lr: 8.663e-03, eta: 0:10:35, time: 0.163, data_time: 0.000, memory: 1406, top1_acc: 0.8838, top5_acc: 0.9812, loss_cls: 0.3779, loss: 0.3779
2022-07-15 16:29:35,195 - pyskl - INFO - Evaluating top_k_accuracy ...
2022-07-15 16:29:35,279 - pyskl - INFO - 
top1_acc	0.8344
top5_acc	0.9683
2022-07-15 16:29:35,280 - pyskl - INFO - The previous best checkpoint /lustre/chaixiujuan/gzb/mmlab/debugpyskl/work_dirs/stgcn++/stgcn++_ntu60_xsub_3dkp/j-gpu1-cliplen20/best_top1_acc_epoch_12.pth was removed
2022-07-15 16:29:35,378 - pyskl - INFO - Now best checkpoint is saved as best_top1_acc_epoch_13.pth.
2022-07-15 16:29:35,379 - pyskl - INFO - Best top1_acc is 0.8344 at 13 epoch.
2022-07-15 16:29:35,382 - pyskl - INFO - Epoch(val) [13][516]	top1_acc: 0.8344, top5_acc: 0.9683
2022-07-15 16:30:02,503 - pyskl - INFO - Epoch [14][100/1253]	lr: 8.001e-03, eta: 0:10:10, time: 0.271, data_time: 0.107, memory: 1406, top1_acc: 0.8988, top5_acc: 0.9841, loss_cls: 0.3521, loss: 0.3521
2022-07-15 16:30:18,827 - pyskl - INFO - Epoch [14][200/1253]	lr: 7.581e-03, eta: 0:09:53, time: 0.163, data_time: 0.000, memory: 1406, top1_acc: 0.9012, top5_acc: 0.9872, loss_cls: 0.3248, loss: 0.3248
2022-07-15 16:30:35,103 - pyskl - INFO - Epoch [14][300/1253]	lr: 7.171e-03, eta: 0:09:36, time: 0.163, data_time: 0.000, memory: 1406, top1_acc: 0.9041, top5_acc: 0.9875, loss_cls: 0.3351, loss: 0.3351
2022-07-15 16:30:51,335 - pyskl - INFO - Epoch [14][400/1253]	lr: 6.772e-03, eta: 0:09:20, time: 0.162, data_time: 0.000, memory: 1406, top1_acc: 0.9147, top5_acc: 0.9888, loss_cls: 0.2996, loss: 0.2996
2022-07-15 16:31:07,612 - pyskl - INFO - Epoch [14][500/1253]	lr: 6.384e-03, eta: 0:09:03, time: 0.163, data_time: 0.000, memory: 1406, top1_acc: 0.9062, top5_acc: 0.9869, loss_cls: 0.3207, loss: 0.3207
2022-07-15 16:31:24,015 - pyskl - INFO - Epoch [14][600/1253]	lr: 6.006e-03, eta: 0:08:46, time: 0.164, data_time: 0.000, memory: 1406, top1_acc: 0.9016, top5_acc: 0.9825, loss_cls: 0.3314, loss: 0.3314
2022-07-15 16:31:40,517 - pyskl - INFO - Epoch [14][700/1253]	lr: 5.639e-03, eta: 0:08:29, time: 0.165, data_time: 0.000, memory: 1406, top1_acc: 0.8994, top5_acc: 0.9878, loss_cls: 0.3273, loss: 0.3273
2022-07-15 16:31:56,919 - pyskl - INFO - Epoch [14][800/1253]	lr: 5.283e-03, eta: 0:08:13, time: 0.164, data_time: 0.000, memory: 1406, top1_acc: 0.8997, top5_acc: 0.9859, loss_cls: 0.3167, loss: 0.3167
2022-07-15 16:32:13,192 - pyskl - INFO - Epoch [14][900/1253]	lr: 4.938e-03, eta: 0:07:56, time: 0.163, data_time: 0.000, memory: 1406, top1_acc: 0.8984, top5_acc: 0.9869, loss_cls: 0.3288, loss: 0.3288
2022-07-15 16:32:29,542 - pyskl - INFO - Epoch [14][1000/1253]	lr: 4.604e-03, eta: 0:07:39, time: 0.163, data_time: 0.000, memory: 1406, top1_acc: 0.9047, top5_acc: 0.9847, loss_cls: 0.3187, loss: 0.3187
2022-07-15 16:32:46,004 - pyskl - INFO - Epoch [14][1100/1253]	lr: 4.281e-03, eta: 0:07:23, time: 0.165, data_time: 0.000, memory: 1406, top1_acc: 0.9109, top5_acc: 0.9875, loss_cls: 0.3000, loss: 0.3000
2022-07-15 16:33:02,268 - pyskl - INFO - Epoch [14][1200/1253]	lr: 3.970e-03, eta: 0:07:06, time: 0.163, data_time: 0.000, memory: 1406, top1_acc: 0.9066, top5_acc: 0.9866, loss_cls: 0.3069, loss: 0.3069
2022-07-15 16:34:47,436 - pyskl - INFO - Evaluating top_k_accuracy ...
2022-07-15 16:34:47,509 - pyskl - INFO - 
top1_acc	0.8442
top5_acc	0.9711
2022-07-15 16:34:47,510 - pyskl - INFO - The previous best checkpoint /lustre/chaixiujuan/gzb/mmlab/debugpyskl/work_dirs/stgcn++/stgcn++_ntu60_xsub_3dkp/j-gpu1-cliplen20/best_top1_acc_epoch_13.pth was removed
2022-07-15 16:34:47,613 - pyskl - INFO - Now best checkpoint is saved as best_top1_acc_epoch_14.pth.
2022-07-15 16:34:47,615 - pyskl - INFO - Best top1_acc is 0.8442 at 14 epoch.
2022-07-15 16:34:47,620 - pyskl - INFO - Epoch(val) [14][516]	top1_acc: 0.8442, top5_acc: 0.9711
2022-07-15 16:35:15,139 - pyskl - INFO - Epoch [15][100/1253]	lr: 3.515e-03, eta: 0:06:41, time: 0.275, data_time: 0.109, memory: 1406, top1_acc: 0.9303, top5_acc: 0.9906, loss_cls: 0.2483, loss: 0.2483
2022-07-15 16:35:31,447 - pyskl - INFO - Epoch [15][200/1253]	lr: 3.232e-03, eta: 0:06:24, time: 0.163, data_time: 0.000, memory: 1406, top1_acc: 0.9200, top5_acc: 0.9919, loss_cls: 0.2554, loss: 0.2554
2022-07-15 16:35:47,732 - pyskl - INFO - Epoch [15][300/1253]	lr: 2.961e-03, eta: 0:06:07, time: 0.163, data_time: 0.000, memory: 1406, top1_acc: 0.9303, top5_acc: 0.9903, loss_cls: 0.2531, loss: 0.2531
2022-07-15 16:36:04,012 - pyskl - INFO - Epoch [15][400/1253]	lr: 2.701e-03, eta: 0:05:50, time: 0.163, data_time: 0.000, memory: 1406, top1_acc: 0.9219, top5_acc: 0.9891, loss_cls: 0.2672, loss: 0.2672
2022-07-15 16:36:20,250 - pyskl - INFO - Epoch [15][500/1253]	lr: 2.453e-03, eta: 0:05:34, time: 0.162, data_time: 0.000, memory: 1406, top1_acc: 0.9322, top5_acc: 0.9931, loss_cls: 0.2437, loss: 0.2437
2022-07-15 16:36:36,596 - pyskl - INFO - Epoch [15][600/1253]	lr: 2.216e-03, eta: 0:05:17, time: 0.163, data_time: 0.000, memory: 1406, top1_acc: 0.9184, top5_acc: 0.9897, loss_cls: 0.2625, loss: 0.2625
2022-07-15 16:36:53,010 - pyskl - INFO - Epoch [15][700/1253]	lr: 1.991e-03, eta: 0:05:00, time: 0.164, data_time: 0.000, memory: 1406, top1_acc: 0.9331, top5_acc: 0.9906, loss_cls: 0.2413, loss: 0.2413
2022-07-15 16:37:09,327 - pyskl - INFO - Epoch [15][800/1253]	lr: 1.778e-03, eta: 0:04:44, time: 0.163, data_time: 0.000, memory: 1406, top1_acc: 0.9153, top5_acc: 0.9834, loss_cls: 0.2840, loss: 0.2840
2022-07-15 16:37:25,700 - pyskl - INFO - Epoch [15][900/1253]	lr: 1.577e-03, eta: 0:04:27, time: 0.164, data_time: 0.000, memory: 1406, top1_acc: 0.9200, top5_acc: 0.9875, loss_cls: 0.2746, loss: 0.2746
2022-07-15 16:37:42,044 - pyskl - INFO - Epoch [15][1000/1253]	lr: 1.388e-03, eta: 0:04:10, time: 0.163, data_time: 0.000, memory: 1406, top1_acc: 0.9319, top5_acc: 0.9938, loss_cls: 0.2247, loss: 0.2247
2022-07-15 16:37:58,339 - pyskl - INFO - Epoch [15][1100/1253]	lr: 1.210e-03, eta: 0:03:54, time: 0.163, data_time: 0.000, memory: 1406, top1_acc: 0.9231, top5_acc: 0.9894, loss_cls: 0.2613, loss: 0.2613
2022-07-15 16:38:14,632 - pyskl - INFO - Epoch [15][1200/1253]	lr: 1.045e-03, eta: 0:03:37, time: 0.163, data_time: 0.000, memory: 1406, top1_acc: 0.9281, top5_acc: 0.9916, loss_cls: 0.2357, loss: 0.2357
2022-07-15 16:40:07,343 - pyskl - INFO - Evaluating top_k_accuracy ...
2022-07-15 16:40:07,411 - pyskl - INFO - 
top1_acc	0.8525
top5_acc	0.9719
2022-07-15 16:40:07,412 - pyskl - INFO - The previous best checkpoint /lustre/chaixiujuan/gzb/mmlab/debugpyskl/work_dirs/stgcn++/stgcn++_ntu60_xsub_3dkp/j-gpu1-cliplen20/best_top1_acc_epoch_14.pth was removed
2022-07-15 16:40:07,585 - pyskl - INFO - Now best checkpoint is saved as best_top1_acc_epoch_15.pth.
2022-07-15 16:40:07,586 - pyskl - INFO - Best top1_acc is 0.8525 at 15 epoch.
2022-07-15 16:40:07,591 - pyskl - INFO - Epoch(val) [15][516]	top1_acc: 0.8525, top5_acc: 0.9719
2022-07-15 16:40:34,214 - pyskl - INFO - Epoch [16][100/1253]	lr: 8.153e-04, eta: 0:03:12, time: 0.266, data_time: 0.103, memory: 1406, top1_acc: 0.9391, top5_acc: 0.9947, loss_cls: 0.2137, loss: 0.2137
2022-07-15 16:40:50,515 - pyskl - INFO - Epoch [16][200/1253]	lr: 6.804e-04, eta: 0:02:55, time: 0.163, data_time: 0.000, memory: 1406, top1_acc: 0.9347, top5_acc: 0.9919, loss_cls: 0.2271, loss: 0.2271
2022-07-15 16:41:06,815 - pyskl - INFO - Epoch [16][300/1253]	lr: 5.577e-04, eta: 0:02:38, time: 0.163, data_time: 0.000, memory: 1406, top1_acc: 0.9359, top5_acc: 0.9912, loss_cls: 0.2186, loss: 0.2186
2022-07-15 16:41:23,122 - pyskl - INFO - Epoch [16][400/1253]	lr: 4.471e-04, eta: 0:02:22, time: 0.163, data_time: 0.000, memory: 1406, top1_acc: 0.9363, top5_acc: 0.9909, loss_cls: 0.2299, loss: 0.2299
2022-07-15 16:41:39,400 - pyskl - INFO - Epoch [16][500/1253]	lr: 3.486e-04, eta: 0:02:05, time: 0.163, data_time: 0.000, memory: 1406, top1_acc: 0.9347, top5_acc: 0.9919, loss_cls: 0.2262, loss: 0.2262
2022-07-15 16:41:55,680 - pyskl - INFO - Epoch [16][600/1253]	lr: 2.623e-04, eta: 0:01:48, time: 0.163, data_time: 0.000, memory: 1406, top1_acc: 0.9437, top5_acc: 0.9938, loss_cls: 0.2107, loss: 0.2107
2022-07-15 16:42:11,957 - pyskl - INFO - Epoch [16][700/1253]	lr: 1.883e-04, eta: 0:01:32, time: 0.163, data_time: 0.000, memory: 1406, top1_acc: 0.9291, top5_acc: 0.9909, loss_cls: 0.2386, loss: 0.2386
2022-07-15 16:42:28,285 - pyskl - INFO - Epoch [16][800/1253]	lr: 1.265e-04, eta: 0:01:15, time: 0.163, data_time: 0.000, memory: 1406, top1_acc: 0.9419, top5_acc: 0.9928, loss_cls: 0.2015, loss: 0.2015
2022-07-15 16:42:44,605 - pyskl - INFO - Epoch [16][900/1253]	lr: 7.691e-05, eta: 0:00:58, time: 0.163, data_time: 0.000, memory: 1406, top1_acc: 0.9428, top5_acc: 0.9934, loss_cls: 0.2051, loss: 0.2051
2022-07-15 16:43:01,008 - pyskl - INFO - Epoch [16][1000/1253]	lr: 3.960e-05, eta: 0:00:42, time: 0.164, data_time: 0.001, memory: 1406, top1_acc: 0.9463, top5_acc: 0.9934, loss_cls: 0.1987, loss: 0.1987
2022-07-15 16:43:17,292 - pyskl - INFO - Epoch [16][1100/1253]	lr: 1.456e-05, eta: 0:00:25, time: 0.163, data_time: 0.000, memory: 1406, top1_acc: 0.9394, top5_acc: 0.9903, loss_cls: 0.2181, loss: 0.2181
2022-07-15 16:43:33,617 - pyskl - INFO - Epoch [16][1200/1253]	lr: 1.790e-06, eta: 0:00:08, time: 0.163, data_time: 0.001, memory: 1406, top1_acc: 0.9319, top5_acc: 0.9897, loss_cls: 0.2376, loss: 0.2376
2022-07-15 16:43:42,760 - pyskl - INFO - Saving checkpoint at 16 epochs
2022-07-15 16:45:15,781 - pyskl - INFO - Evaluating top_k_accuracy ...
2022-07-15 16:45:15,846 - pyskl - INFO - 
top1_acc	0.8536
top5_acc	0.9720
2022-07-15 16:45:15,847 - pyskl - INFO - The previous best checkpoint /lustre/chaixiujuan/gzb/mmlab/debugpyskl/work_dirs/stgcn++/stgcn++_ntu60_xsub_3dkp/j-gpu1-cliplen20/best_top1_acc_epoch_15.pth was removed
2022-07-15 16:45:15,942 - pyskl - INFO - Now best checkpoint is saved as best_top1_acc_epoch_16.pth.
2022-07-15 16:45:15,943 - pyskl - INFO - Best top1_acc is 0.8536 at 16 epoch.
2022-07-15 16:45:15,946 - pyskl - INFO - Epoch(val) [16][516]	top1_acc: 0.8536, top5_acc: 0.9720
