2022-07-19 08:20:35,432 - pyskl - INFO - Environment info:
------------------------------------------------------------
sys.platform: linux
Python: 3.7.11 (default, Jul 27 2021, 14:32:16) [GCC 7.5.0]
CUDA available: True
GPU 0,1: Tesla P100-SXM2-16GB
CUDA_HOME: /usr/local/cuda
NVCC: Cuda compilation tools, release 10.1, V10.1.105
GCC: gcc (GCC) 4.8.5 20150623 (Red Hat 4.8.5-4)
PyTorch: 1.7.1
PyTorch compiling details: PyTorch built with:
  - GCC 7.3
  - C++ Version: 201402
  - Intel(R) oneAPI Math Kernel Library Version 2021.4-Product Build 20210904 for Intel(R) 64 architecture applications
  - Intel(R) MKL-DNN v1.6.0 (Git Hash 5ef631a030a6f73131c77892041042805a06064f)
  - OpenMP 201511 (a.k.a. OpenMP 4.5)
  - NNPACK is enabled
  - CPU capability usage: AVX2
  - CUDA Runtime 10.1
  - NVCC architecture flags: -gencode;arch=compute_37,code=sm_37;-gencode;arch=compute_50,code=sm_50;-gencode;arch=compute_60,code=sm_60;-gencode;arch=compute_61,code=sm_61;-gencode;arch=compute_70,code=sm_70;-gencode;arch=compute_75,code=sm_75;-gencode;arch=compute_37,code=compute_37
  - CuDNN 7.6.3
  - Magma 2.5.2
  - Build settings: BLAS=MKL, BUILD_TYPE=Release, CXX_FLAGS= -Wno-deprecated -fvisibility-inlines-hidden -DUSE_PTHREADPOOL -fopenmp -DNDEBUG -DUSE_FBGEMM -DUSE_QNNPACK -DUSE_PYTORCH_QNNPACK -DUSE_XNNPACK -DUSE_VULKAN_WRAPPER -O2 -fPIC -Wno-narrowing -Wall -Wextra -Werror=return-type -Wno-missing-field-initializers -Wno-type-limits -Wno-array-bounds -Wno-unknown-pragmas -Wno-sign-compare -Wno-unused-parameter -Wno-unused-variable -Wno-unused-function -Wno-unused-result -Wno-unused-local-typedefs -Wno-strict-overflow -Wno-strict-aliasing -Wno-error=deprecated-declarations -Wno-stringop-overflow -Wno-psabi -Wno-error=pedantic -Wno-error=redundant-decls -Wno-error=old-style-cast -fdiagnostics-color=always -faligned-new -Wno-unused-but-set-variable -Wno-maybe-uninitialized -fno-math-errno -fno-trapping-math -Werror=format -Wno-stringop-overflow, PERF_WITH_AVX=1, PERF_WITH_AVX2=1, PERF_WITH_AVX512=1, USE_CUDA=ON, USE_EXCEPTION_PTR=1, USE_GFLAGS=OFF, USE_GLOG=OFF, USE_MKL=ON, USE_MKLDNN=ON, USE_MPI=OFF, USE_NCCL=ON, USE_NNPACK=ON, USE_OPENMP=ON, 

TorchVision: 0.8.2
OpenCV: 4.5.5
MMCV: 1.4.5
MMCV Compiler: GCC 7.3
MMCV CUDA Compiler: 10.1
pyskl: 0.1.0+
------------------------------------------------------------

2022-07-19 08:20:35,637 - pyskl - INFO - Config: model = dict(
    type='RecognizerGCN',
    backbone=dict(
        type='STGCN',
        gcn_adaptive='init',
        gcn_with_res=True,
        tcn_type='mstcn',
        graph_cfg=dict(layout='coco', mode='spatial')),
    cls_head=dict(type='GCNHead', num_classes=60, in_channels=256))
dataset_type = 'PoseDataset'
ann_file = 'data/nturgbd/ntu60_hrnet.pkl'
train_pipeline = [
    dict(type='PreNormalize2D'),
    dict(type='GenSkeFeat', dataset='coco', feats=['j']),
    dict(type='UniformSample', clip_len=20),
    dict(type='PoseDecode'),
    dict(type='FormatGCNInput', num_person=2),
    dict(type='Collect', keys=['keypoint', 'label'], meta_keys=[]),
    dict(type='ToTensor', keys=['keypoint'])
]
val_pipeline = [
    dict(type='PreNormalize2D'),
    dict(type='GenSkeFeat', dataset='coco', feats=['j']),
    dict(type='UniformSample', clip_len=20, num_clips=1, test_mode=True),
    dict(type='PoseDecode'),
    dict(type='FormatGCNInput', num_person=2),
    dict(type='Collect', keys=['keypoint', 'label'], meta_keys=[]),
    dict(type='ToTensor', keys=['keypoint'])
]
test_pipeline = [
    dict(type='PreNormalize2D'),
    dict(type='GenSkeFeat', dataset='coco', feats=['j']),
    dict(type='UniformSample', clip_len=20, num_clips=10, test_mode=True),
    dict(type='PoseDecode'),
    dict(type='FormatGCNInput', num_person=2),
    dict(type='Collect', keys=['keypoint', 'label'], meta_keys=[]),
    dict(type='ToTensor', keys=['keypoint'])
]
data = dict(
    videos_per_gpu=32,
    workers_per_gpu=2,
    test_dataloader=dict(videos_per_gpu=1),
    train=dict(
        type='RepeatDataset',
        times=5,
        dataset=dict(
            type='PoseDataset',
            ann_file='data/nturgbd/ntu60_hrnet.pkl',
            pipeline=[
                dict(type='PreNormalize2D'),
                dict(type='GenSkeFeat', dataset='coco', feats=['j']),
                dict(type='UniformSample', clip_len=20),
                dict(type='PoseDecode'),
                dict(type='FormatGCNInput', num_person=2),
                dict(type='Collect', keys=['keypoint', 'label'], meta_keys=[]),
                dict(type='ToTensor', keys=['keypoint'])
            ],
            split='xsub_train')),
    val=dict(
        type='PoseDataset',
        ann_file='data/nturgbd/ntu60_hrnet.pkl',
        pipeline=[
            dict(type='PreNormalize2D'),
            dict(type='GenSkeFeat', dataset='coco', feats=['j']),
            dict(
                type='UniformSample', clip_len=20, num_clips=1,
                test_mode=True),
            dict(type='PoseDecode'),
            dict(type='FormatGCNInput', num_person=2),
            dict(type='Collect', keys=['keypoint', 'label'], meta_keys=[]),
            dict(type='ToTensor', keys=['keypoint'])
        ],
        split='xsub_val'),
    test=dict(
        type='PoseDataset',
        ann_file='data/nturgbd/ntu60_hrnet.pkl',
        pipeline=[
            dict(type='PreNormalize2D'),
            dict(type='GenSkeFeat', dataset='coco', feats=['j']),
            dict(
                type='UniformSample',
                clip_len=20,
                num_clips=10,
                test_mode=True),
            dict(type='PoseDecode'),
            dict(type='FormatGCNInput', num_person=2),
            dict(type='Collect', keys=['keypoint', 'label'], meta_keys=[]),
            dict(type='ToTensor', keys=['keypoint'])
        ],
        split='xsub_val'))
optimizer = dict(
    type='SGD', lr=0.1, momentum=0.9, weight_decay=0.0005, nesterov=True)
optimizer_config = dict(grad_clip=None)
lr_config = dict(policy='CosineAnnealing', min_lr=0, by_epoch=False)
total_epochs = 120
checkpoint_config = dict(interval=120)
evaluation = dict(interval=1, metrics=['top_k_accuracy'], topk=(1, 2))
log_config = dict(interval=100, hooks=[dict(type='TextLoggerHook')])
log_level = 'INFO'
work_dir = './work_dirs/stgcn++/stgcn++_ntu60_xsub_hrnet/j-hrnet-cliplen20-gpu2-time5-bs32-lr01'
dist_params = dict(backend='nccl')
gpu_ids = range(0, 2)

2022-07-19 08:20:35,638 - pyskl - INFO - Set random seed to 1337, deterministic: False
2022-07-19 08:20:39,474 - pyskl - INFO - 40091 videos remain after valid thresholding
2022-07-19 08:20:43,954 - pyskl - INFO - 16487 videos remain after valid thresholding
2022-07-19 08:20:43,968 - pyskl - INFO - Start running, host: chaixiujuan@gpu08, work_dir: /lustre/chaixiujuan/gzb/mmlab/debugpyskl/work_dirs/stgcn++/stgcn++_ntu60_xsub_hrnet/j-hrnet-cliplen20-gpu2-time5-bs32-lr01
2022-07-19 08:20:43,968 - pyskl - INFO - Hooks will be executed in the following order:
before_run:
(VERY_HIGH   ) CosineAnnealingLrUpdaterHook       
(NORMAL      ) CheckpointHook                     
(NORMAL      ) DistEvalHook                       
(VERY_LOW    ) TextLoggerHook                     
 -------------------- 
before_train_epoch:
(VERY_HIGH   ) CosineAnnealingLrUpdaterHook       
(NORMAL      ) DistSamplerSeedHook                
(NORMAL      ) DistEvalHook                       
(LOW         ) IterTimerHook                      
(VERY_LOW    ) TextLoggerHook                     
 -------------------- 
before_train_iter:
(VERY_HIGH   ) CosineAnnealingLrUpdaterHook       
(NORMAL      ) DistEvalHook                       
(LOW         ) IterTimerHook                      
 -------------------- 
after_train_iter:
(ABOVE_NORMAL) OptimizerHook                      
(NORMAL      ) CheckpointHook                     
(NORMAL      ) DistEvalHook                       
(LOW         ) IterTimerHook                      
(VERY_LOW    ) TextLoggerHook                     
 -------------------- 
after_train_epoch:
(NORMAL      ) CheckpointHook                     
(NORMAL      ) DistEvalHook                       
(VERY_LOW    ) TextLoggerHook                     
 -------------------- 
before_val_epoch:
(NORMAL      ) DistSamplerSeedHook                
(LOW         ) IterTimerHook                      
(VERY_LOW    ) TextLoggerHook                     
 -------------------- 
before_val_iter:
(LOW         ) IterTimerHook                      
 -------------------- 
after_val_iter:
(LOW         ) IterTimerHook                      
 -------------------- 
after_val_epoch:
(VERY_LOW    ) TextLoggerHook                     
 -------------------- 
after_run:
(VERY_LOW    ) TextLoggerHook                     
 -------------------- 
2022-07-19 08:20:43,969 - pyskl - INFO - workflow: [('train', 1)], max: 120 epochs
2022-07-19 08:20:43,969 - pyskl - INFO - Checkpoints will be saved to /lustre/chaixiujuan/gzb/mmlab/debugpyskl/work_dirs/stgcn++/stgcn++_ntu60_xsub_hrnet/j-hrnet-cliplen20-gpu2-time5-bs32-lr01 by HardDiskBackend.
2022-07-19 08:21:19,041 - pyskl - INFO - Epoch [1][100/3133]	lr: 1.000e-01, eta: 1 day, 12:36:40, time: 0.351, data_time: 0.189, memory: 953, top1_acc: 0.0747, top5_acc: 0.2398, loss_cls: 3.6545, loss: 3.6545
2022-07-19 08:21:34,162 - pyskl - INFO - Epoch [1][200/3133]	lr: 1.000e-01, eta: 1 day, 2:11:30, time: 0.151, data_time: 0.000, memory: 953, top1_acc: 0.1406, top5_acc: 0.4123, loss_cls: 3.0459, loss: 3.0459
2022-07-19 08:21:49,142 - pyskl - INFO - Epoch [1][300/3133]	lr: 1.000e-01, eta: 22:40:00, time: 0.150, data_time: 0.000, memory: 953, top1_acc: 0.2422, top5_acc: 0.5848, loss_cls: 2.5992, loss: 2.5992
2022-07-19 08:22:04,757 - pyskl - INFO - Epoch [1][400/3133]	lr: 1.000e-01, eta: 21:03:58, time: 0.156, data_time: 0.000, memory: 953, top1_acc: 0.3531, top5_acc: 0.7603, loss_cls: 2.0725, loss: 2.0725
2022-07-19 08:22:20,596 - pyskl - INFO - Epoch [1][500/3133]	lr: 1.000e-01, eta: 20:09:07, time: 0.158, data_time: 0.000, memory: 953, top1_acc: 0.4541, top5_acc: 0.8383, loss_cls: 1.7479, loss: 1.7479
2022-07-19 08:22:35,636 - pyskl - INFO - Epoch [1][600/3133]	lr: 1.000e-01, eta: 19:24:13, time: 0.150, data_time: 0.000, memory: 953, top1_acc: 0.5098, top5_acc: 0.8811, loss_cls: 1.5270, loss: 1.5270
2022-07-19 08:22:50,221 - pyskl - INFO - Epoch [1][700/3133]	lr: 1.000e-01, eta: 18:47:56, time: 0.146, data_time: 0.000, memory: 953, top1_acc: 0.5678, top5_acc: 0.9134, loss_cls: 1.3339, loss: 1.3339
2022-07-19 08:23:04,979 - pyskl - INFO - Epoch [1][800/3133]	lr: 1.000e-01, eta: 18:22:01, time: 0.148, data_time: 0.000, memory: 953, top1_acc: 0.5948, top5_acc: 0.9333, loss_cls: 1.2300, loss: 1.2300
2022-07-19 08:23:19,631 - pyskl - INFO - Epoch [1][900/3133]	lr: 1.000e-01, eta: 18:01:04, time: 0.147, data_time: 0.000, memory: 953, top1_acc: 0.6192, top5_acc: 0.9369, loss_cls: 1.1509, loss: 1.1509
2022-07-19 08:23:34,482 - pyskl - INFO - Epoch [1][1000/3133]	lr: 1.000e-01, eta: 17:45:31, time: 0.149, data_time: 0.000, memory: 953, top1_acc: 0.6391, top5_acc: 0.9459, loss_cls: 1.0982, loss: 1.0982
2022-07-19 08:23:49,410 - pyskl - INFO - Epoch [1][1100/3133]	lr: 1.000e-01, eta: 17:33:10, time: 0.149, data_time: 0.000, memory: 953, top1_acc: 0.6542, top5_acc: 0.9505, loss_cls: 1.0361, loss: 1.0361
2022-07-19 08:24:04,021 - pyskl - INFO - Epoch [1][1200/3133]	lr: 1.000e-01, eta: 17:21:12, time: 0.146, data_time: 0.000, memory: 953, top1_acc: 0.6598, top5_acc: 0.9531, loss_cls: 0.9991, loss: 0.9991
2022-07-19 08:24:18,986 - pyskl - INFO - Epoch [1][1300/3133]	lr: 1.000e-01, eta: 17:12:44, time: 0.150, data_time: 0.000, memory: 953, top1_acc: 0.6895, top5_acc: 0.9561, loss_cls: 0.9462, loss: 0.9462
2022-07-19 08:24:33,746 - pyskl - INFO - Epoch [1][1400/3133]	lr: 1.000e-01, eta: 17:04:31, time: 0.148, data_time: 0.000, memory: 953, top1_acc: 0.7092, top5_acc: 0.9608, loss_cls: 0.8952, loss: 0.8952
2022-07-19 08:24:48,353 - pyskl - INFO - Epoch [1][1500/3133]	lr: 1.000e-01, eta: 16:56:44, time: 0.146, data_time: 0.000, memory: 953, top1_acc: 0.7125, top5_acc: 0.9650, loss_cls: 0.8752, loss: 0.8752
2022-07-19 08:25:03,143 - pyskl - INFO - Epoch [1][1600/3133]	lr: 1.000e-01, eta: 16:50:36, time: 0.148, data_time: 0.000, memory: 953, top1_acc: 0.7236, top5_acc: 0.9695, loss_cls: 0.8441, loss: 0.8441
2022-07-19 08:25:18,354 - pyskl - INFO - Epoch [1][1700/3133]	lr: 9.999e-02, eta: 16:46:43, time: 0.152, data_time: 0.000, memory: 953, top1_acc: 0.7394, top5_acc: 0.9716, loss_cls: 0.7971, loss: 0.7971
2022-07-19 08:25:33,473 - pyskl - INFO - Epoch [1][1800/3133]	lr: 9.999e-02, eta: 16:42:55, time: 0.151, data_time: 0.000, memory: 953, top1_acc: 0.7273, top5_acc: 0.9738, loss_cls: 0.7938, loss: 0.7938
2022-07-19 08:25:48,235 - pyskl - INFO - Epoch [1][1900/3133]	lr: 9.999e-02, eta: 16:38:18, time: 0.148, data_time: 0.000, memory: 953, top1_acc: 0.7308, top5_acc: 0.9695, loss_cls: 0.8032, loss: 0.8032
2022-07-19 08:26:03,849 - pyskl - INFO - Epoch [1][2000/3133]	lr: 9.999e-02, eta: 16:36:47, time: 0.156, data_time: 0.000, memory: 953, top1_acc: 0.7409, top5_acc: 0.9733, loss_cls: 0.7770, loss: 0.7770
2022-07-19 08:26:18,794 - pyskl - INFO - Epoch [1][2100/3133]	lr: 9.999e-02, eta: 16:33:25, time: 0.149, data_time: 0.000, memory: 953, top1_acc: 0.7297, top5_acc: 0.9711, loss_cls: 0.8058, loss: 0.8058
2022-07-19 08:26:33,561 - pyskl - INFO - Epoch [1][2200/3133]	lr: 9.999e-02, eta: 16:29:49, time: 0.148, data_time: 0.000, memory: 953, top1_acc: 0.7509, top5_acc: 0.9745, loss_cls: 0.7505, loss: 0.7505
2022-07-19 08:26:48,332 - pyskl - INFO - Epoch [1][2300/3133]	lr: 9.999e-02, eta: 16:26:31, time: 0.148, data_time: 0.000, memory: 953, top1_acc: 0.7545, top5_acc: 0.9748, loss_cls: 0.7420, loss: 0.7420
2022-07-19 08:27:03,114 - pyskl - INFO - Epoch [1][2400/3133]	lr: 9.999e-02, eta: 16:23:30, time: 0.148, data_time: 0.000, memory: 953, top1_acc: 0.7661, top5_acc: 0.9764, loss_cls: 0.7130, loss: 0.7130
2022-07-19 08:27:18,088 - pyskl - INFO - Epoch [1][2500/3133]	lr: 9.999e-02, eta: 16:21:12, time: 0.150, data_time: 0.000, memory: 953, top1_acc: 0.7623, top5_acc: 0.9778, loss_cls: 0.7175, loss: 0.7175
2022-07-19 08:27:33,013 - pyskl - INFO - Epoch [1][2600/3133]	lr: 9.999e-02, eta: 16:18:55, time: 0.149, data_time: 0.000, memory: 953, top1_acc: 0.7617, top5_acc: 0.9745, loss_cls: 0.7271, loss: 0.7271
2022-07-19 08:27:48,192 - pyskl - INFO - Epoch [1][2700/3133]	lr: 9.999e-02, eta: 16:17:22, time: 0.152, data_time: 0.000, memory: 953, top1_acc: 0.7591, top5_acc: 0.9767, loss_cls: 0.7120, loss: 0.7120
2022-07-19 08:28:03,436 - pyskl - INFO - Epoch [1][2800/3133]	lr: 9.999e-02, eta: 16:16:05, time: 0.153, data_time: 0.000, memory: 953, top1_acc: 0.7658, top5_acc: 0.9777, loss_cls: 0.7019, loss: 0.7019
2022-07-19 08:28:18,462 - pyskl - INFO - Epoch [1][2900/3133]	lr: 9.999e-02, eta: 16:14:23, time: 0.150, data_time: 0.000, memory: 953, top1_acc: 0.7689, top5_acc: 0.9752, loss_cls: 0.6977, loss: 0.6977
2022-07-19 08:28:33,254 - pyskl - INFO - Epoch [1][3000/3133]	lr: 9.998e-02, eta: 16:12:18, time: 0.148, data_time: 0.000, memory: 953, top1_acc: 0.7856, top5_acc: 0.9809, loss_cls: 0.6494, loss: 0.6494
2022-07-19 08:28:48,051 - pyskl - INFO - Epoch [1][3100/3133]	lr: 9.998e-02, eta: 16:10:21, time: 0.148, data_time: 0.000, memory: 953, top1_acc: 0.7694, top5_acc: 0.9778, loss_cls: 0.6977, loss: 0.6977
2022-07-19 08:29:15,902 - pyskl - INFO - Evaluating top_k_accuracy ...
2022-07-19 08:29:15,968 - pyskl - INFO - 
top1_acc	0.6736
top2_acc	0.8198
2022-07-19 08:29:16,067 - pyskl - INFO - Now best checkpoint is saved as best_top1_acc_epoch_1.pth.
2022-07-19 08:29:16,067 - pyskl - INFO - Best top1_acc is 0.6736 at 1 epoch.
2022-07-19 08:29:16,072 - pyskl - INFO - Epoch(val) [1][258]	top1_acc: 0.6736, top2_acc: 0.8198
2022-07-19 08:29:49,411 - pyskl - INFO - Epoch [2][100/3133]	lr: 9.998e-02, eta: 16:34:09, time: 0.333, data_time: 0.180, memory: 953, top1_acc: 0.7681, top5_acc: 0.9762, loss_cls: 0.6923, loss: 0.6923
2022-07-19 08:30:04,581 - pyskl - INFO - Epoch [2][200/3133]	lr: 9.998e-02, eta: 16:32:20, time: 0.152, data_time: 0.000, memory: 953, top1_acc: 0.7797, top5_acc: 0.9789, loss_cls: 0.6655, loss: 0.6655
2022-07-19 08:30:20,167 - pyskl - INFO - Epoch [2][300/3133]	lr: 9.998e-02, eta: 16:31:21, time: 0.156, data_time: 0.000, memory: 953, top1_acc: 0.7806, top5_acc: 0.9814, loss_cls: 0.6688, loss: 0.6688
2022-07-19 08:30:35,193 - pyskl - INFO - Epoch [2][400/3133]	lr: 9.998e-02, eta: 16:29:26, time: 0.150, data_time: 0.000, memory: 953, top1_acc: 0.7908, top5_acc: 0.9814, loss_cls: 0.6335, loss: 0.6335
2022-07-19 08:30:50,452 - pyskl - INFO - Epoch [2][500/3133]	lr: 9.998e-02, eta: 16:28:00, time: 0.153, data_time: 0.000, memory: 953, top1_acc: 0.7812, top5_acc: 0.9805, loss_cls: 0.6684, loss: 0.6684
2022-07-19 08:31:05,411 - pyskl - INFO - Epoch [2][600/3133]	lr: 9.998e-02, eta: 16:26:08, time: 0.150, data_time: 0.000, memory: 953, top1_acc: 0.7864, top5_acc: 0.9814, loss_cls: 0.6458, loss: 0.6458
2022-07-19 08:31:20,093 - pyskl - INFO - Epoch [2][700/3133]	lr: 9.997e-02, eta: 16:23:54, time: 0.147, data_time: 0.000, memory: 953, top1_acc: 0.7900, top5_acc: 0.9844, loss_cls: 0.6295, loss: 0.6295
2022-07-19 08:31:34,899 - pyskl - INFO - Epoch [2][800/3133]	lr: 9.997e-02, eta: 16:21:58, time: 0.148, data_time: 0.000, memory: 953, top1_acc: 0.7963, top5_acc: 0.9802, loss_cls: 0.6091, loss: 0.6091
2022-07-19 08:31:49,933 - pyskl - INFO - Epoch [2][900/3133]	lr: 9.997e-02, eta: 16:20:28, time: 0.150, data_time: 0.000, memory: 953, top1_acc: 0.7877, top5_acc: 0.9827, loss_cls: 0.6400, loss: 0.6400
2022-07-19 08:32:04,960 - pyskl - INFO - Epoch [2][1000/3133]	lr: 9.997e-02, eta: 16:19:01, time: 0.150, data_time: 0.000, memory: 953, top1_acc: 0.7852, top5_acc: 0.9823, loss_cls: 0.6479, loss: 0.6479
2022-07-19 08:32:19,716 - pyskl - INFO - Epoch [2][1100/3133]	lr: 9.997e-02, eta: 16:17:14, time: 0.148, data_time: 0.000, memory: 953, top1_acc: 0.7948, top5_acc: 0.9809, loss_cls: 0.6258, loss: 0.6258
2022-07-19 08:32:34,728 - pyskl - INFO - Epoch [2][1200/3133]	lr: 9.997e-02, eta: 16:15:53, time: 0.150, data_time: 0.000, memory: 953, top1_acc: 0.7892, top5_acc: 0.9836, loss_cls: 0.6202, loss: 0.6202
2022-07-19 08:32:49,469 - pyskl - INFO - Epoch [2][1300/3133]	lr: 9.997e-02, eta: 16:14:12, time: 0.147, data_time: 0.000, memory: 953, top1_acc: 0.7880, top5_acc: 0.9819, loss_cls: 0.6268, loss: 0.6268
2022-07-19 08:33:03,977 - pyskl - INFO - Epoch [2][1400/3133]	lr: 9.996e-02, eta: 16:12:16, time: 0.145, data_time: 0.000, memory: 953, top1_acc: 0.7997, top5_acc: 0.9842, loss_cls: 0.6006, loss: 0.6006
2022-07-19 08:33:18,397 - pyskl - INFO - Epoch [2][1500/3133]	lr: 9.996e-02, eta: 16:10:17, time: 0.144, data_time: 0.000, memory: 953, top1_acc: 0.7850, top5_acc: 0.9816, loss_cls: 0.6502, loss: 0.6502
2022-07-19 08:33:32,789 - pyskl - INFO - Epoch [2][1600/3133]	lr: 9.996e-02, eta: 16:08:20, time: 0.144, data_time: 0.000, memory: 953, top1_acc: 0.8037, top5_acc: 0.9841, loss_cls: 0.5913, loss: 0.5913
2022-07-19 08:33:47,328 - pyskl - INFO - Epoch [2][1700/3133]	lr: 9.996e-02, eta: 16:06:39, time: 0.145, data_time: 0.000, memory: 953, top1_acc: 0.7928, top5_acc: 0.9814, loss_cls: 0.6310, loss: 0.6310
2022-07-19 08:34:02,079 - pyskl - INFO - Epoch [2][1800/3133]	lr: 9.996e-02, eta: 16:05:18, time: 0.148, data_time: 0.000, memory: 953, top1_acc: 0.7927, top5_acc: 0.9850, loss_cls: 0.6090, loss: 0.6090
2022-07-19 08:34:16,841 - pyskl - INFO - Epoch [2][1900/3133]	lr: 9.996e-02, eta: 16:03:59, time: 0.148, data_time: 0.000, memory: 953, top1_acc: 0.7889, top5_acc: 0.9820, loss_cls: 0.6164, loss: 0.6164
2022-07-19 08:34:31,229 - pyskl - INFO - Epoch [2][2000/3133]	lr: 9.995e-02, eta: 16:02:17, time: 0.144, data_time: 0.000, memory: 953, top1_acc: 0.7850, top5_acc: 0.9836, loss_cls: 0.6363, loss: 0.6363
2022-07-19 08:34:45,619 - pyskl - INFO - Epoch [2][2100/3133]	lr: 9.995e-02, eta: 16:00:38, time: 0.144, data_time: 0.000, memory: 953, top1_acc: 0.8008, top5_acc: 0.9845, loss_cls: 0.5942, loss: 0.5942
2022-07-19 08:35:00,151 - pyskl - INFO - Epoch [2][2200/3133]	lr: 9.995e-02, eta: 15:59:11, time: 0.145, data_time: 0.000, memory: 953, top1_acc: 0.7992, top5_acc: 0.9834, loss_cls: 0.5852, loss: 0.5852
2022-07-19 08:35:14,684 - pyskl - INFO - Epoch [2][2300/3133]	lr: 9.995e-02, eta: 15:57:48, time: 0.145, data_time: 0.000, memory: 953, top1_acc: 0.7883, top5_acc: 0.9808, loss_cls: 0.6348, loss: 0.6348
2022-07-19 08:35:29,454 - pyskl - INFO - Epoch [2][2400/3133]	lr: 9.995e-02, eta: 15:56:43, time: 0.148, data_time: 0.000, memory: 953, top1_acc: 0.8114, top5_acc: 0.9855, loss_cls: 0.5865, loss: 0.5865
2022-07-19 08:35:44,406 - pyskl - INFO - Epoch [2][2500/3133]	lr: 9.994e-02, eta: 15:55:52, time: 0.150, data_time: 0.000, memory: 953, top1_acc: 0.8072, top5_acc: 0.9838, loss_cls: 0.5836, loss: 0.5836
2022-07-19 08:35:59,020 - pyskl - INFO - Epoch [2][2600/3133]	lr: 9.994e-02, eta: 15:54:40, time: 0.146, data_time: 0.000, memory: 953, top1_acc: 0.7928, top5_acc: 0.9836, loss_cls: 0.6114, loss: 0.6114
2022-07-19 08:36:13,544 - pyskl - INFO - Epoch [2][2700/3133]	lr: 9.994e-02, eta: 15:53:24, time: 0.145, data_time: 0.000, memory: 953, top1_acc: 0.8042, top5_acc: 0.9842, loss_cls: 0.5874, loss: 0.5874
2022-07-19 08:36:27,956 - pyskl - INFO - Epoch [2][2800/3133]	lr: 9.994e-02, eta: 15:52:03, time: 0.144, data_time: 0.000, memory: 953, top1_acc: 0.8036, top5_acc: 0.9844, loss_cls: 0.6016, loss: 0.6016
2022-07-19 08:36:42,377 - pyskl - INFO - Epoch [2][2900/3133]	lr: 9.994e-02, eta: 15:50:46, time: 0.144, data_time: 0.000, memory: 953, top1_acc: 0.8075, top5_acc: 0.9841, loss_cls: 0.5952, loss: 0.5952
2022-07-19 08:36:58,075 - pyskl - INFO - Epoch [2][3000/3133]	lr: 9.993e-02, eta: 15:50:46, time: 0.157, data_time: 0.000, memory: 953, top1_acc: 0.8120, top5_acc: 0.9866, loss_cls: 0.5590, loss: 0.5590
2022-07-19 08:37:14,036 - pyskl - INFO - Epoch [2][3100/3133]	lr: 9.993e-02, eta: 15:51:03, time: 0.160, data_time: 0.000, memory: 953, top1_acc: 0.8056, top5_acc: 0.9842, loss_cls: 0.5891, loss: 0.5891
2022-07-19 08:37:42,789 - pyskl - INFO - Evaluating top_k_accuracy ...
2022-07-19 08:37:42,858 - pyskl - INFO - 
top1_acc	0.6464
top2_acc	0.8003
2022-07-19 08:37:42,861 - pyskl - INFO - Epoch(val) [2][258]	top1_acc: 0.6464, top2_acc: 0.8003
2022-07-19 08:38:15,804 - pyskl - INFO - Epoch [3][100/3133]	lr: 9.993e-02, eta: 16:02:43, time: 0.329, data_time: 0.182, memory: 953, top1_acc: 0.7830, top5_acc: 0.9820, loss_cls: 0.6485, loss: 0.6485
2022-07-19 08:38:30,513 - pyskl - INFO - Epoch [3][200/3133]	lr: 9.993e-02, eta: 16:01:35, time: 0.147, data_time: 0.000, memory: 953, top1_acc: 0.8156, top5_acc: 0.9858, loss_cls: 0.5586, loss: 0.5586
2022-07-19 08:38:45,044 - pyskl - INFO - Epoch [3][300/3133]	lr: 9.992e-02, eta: 16:00:18, time: 0.145, data_time: 0.000, memory: 953, top1_acc: 0.8061, top5_acc: 0.9833, loss_cls: 0.5822, loss: 0.5822
2022-07-19 08:39:01,265 - pyskl - INFO - Epoch [3][400/3133]	lr: 9.992e-02, eta: 16:00:37, time: 0.162, data_time: 0.000, memory: 953, top1_acc: 0.8130, top5_acc: 0.9848, loss_cls: 0.5628, loss: 0.5628
2022-07-19 08:39:16,735 - pyskl - INFO - Epoch [3][500/3133]	lr: 9.992e-02, eta: 16:00:14, time: 0.155, data_time: 0.000, memory: 953, top1_acc: 0.8130, top5_acc: 0.9870, loss_cls: 0.5692, loss: 0.5692
2022-07-19 08:39:31,788 - pyskl - INFO - Epoch [3][600/3133]	lr: 9.992e-02, eta: 15:59:28, time: 0.150, data_time: 0.000, memory: 953, top1_acc: 0.8095, top5_acc: 0.9848, loss_cls: 0.5783, loss: 0.5783
2022-07-19 08:39:46,622 - pyskl - INFO - Epoch [3][700/3133]	lr: 9.992e-02, eta: 15:58:32, time: 0.148, data_time: 0.000, memory: 953, top1_acc: 0.8141, top5_acc: 0.9856, loss_cls: 0.5647, loss: 0.5647
2022-07-19 08:40:02,268 - pyskl - INFO - Epoch [3][800/3133]	lr: 9.991e-02, eta: 15:58:19, time: 0.156, data_time: 0.000, memory: 953, top1_acc: 0.8070, top5_acc: 0.9867, loss_cls: 0.5690, loss: 0.5690
2022-07-19 08:40:17,170 - pyskl - INFO - Epoch [3][900/3133]	lr: 9.991e-02, eta: 15:57:29, time: 0.149, data_time: 0.000, memory: 953, top1_acc: 0.8100, top5_acc: 0.9842, loss_cls: 0.5704, loss: 0.5704
2022-07-19 08:40:32,449 - pyskl - INFO - Epoch [3][1000/3133]	lr: 9.991e-02, eta: 15:56:58, time: 0.153, data_time: 0.000, memory: 953, top1_acc: 0.8073, top5_acc: 0.9847, loss_cls: 0.5775, loss: 0.5775
2022-07-19 08:40:47,036 - pyskl - INFO - Epoch [3][1100/3133]	lr: 9.991e-02, eta: 15:55:53, time: 0.146, data_time: 0.000, memory: 953, top1_acc: 0.8206, top5_acc: 0.9862, loss_cls: 0.5473, loss: 0.5473
2022-07-19 08:41:02,591 - pyskl - INFO - Epoch [3][1200/3133]	lr: 9.990e-02, eta: 15:55:37, time: 0.156, data_time: 0.000, memory: 953, top1_acc: 0.8061, top5_acc: 0.9869, loss_cls: 0.5620, loss: 0.5620
2022-07-19 08:41:17,458 - pyskl - INFO - Epoch [3][1300/3133]	lr: 9.990e-02, eta: 15:54:48, time: 0.149, data_time: 0.000, memory: 953, top1_acc: 0.8187, top5_acc: 0.9884, loss_cls: 0.5490, loss: 0.5490
2022-07-19 08:41:33,522 - pyskl - INFO - Epoch [3][1400/3133]	lr: 9.990e-02, eta: 15:54:57, time: 0.161, data_time: 0.000, memory: 953, top1_acc: 0.8150, top5_acc: 0.9855, loss_cls: 0.5543, loss: 0.5543
2022-07-19 08:41:49,556 - pyskl - INFO - Epoch [3][1500/3133]	lr: 9.989e-02, eta: 15:55:04, time: 0.160, data_time: 0.000, memory: 953, top1_acc: 0.8072, top5_acc: 0.9844, loss_cls: 0.5747, loss: 0.5747
2022-07-19 08:42:04,704 - pyskl - INFO - Epoch [3][1600/3133]	lr: 9.989e-02, eta: 15:54:29, time: 0.151, data_time: 0.000, memory: 953, top1_acc: 0.8077, top5_acc: 0.9853, loss_cls: 0.5780, loss: 0.5780
2022-07-19 08:42:19,444 - pyskl - INFO - Epoch [3][1700/3133]	lr: 9.989e-02, eta: 15:53:36, time: 0.147, data_time: 0.000, memory: 953, top1_acc: 0.8173, top5_acc: 0.9881, loss_cls: 0.5536, loss: 0.5536
2022-07-19 08:42:34,272 - pyskl - INFO - Epoch [3][1800/3133]	lr: 9.989e-02, eta: 15:52:47, time: 0.148, data_time: 0.000, memory: 953, top1_acc: 0.8120, top5_acc: 0.9867, loss_cls: 0.5499, loss: 0.5499
2022-07-19 08:42:50,180 - pyskl - INFO - Epoch [3][1900/3133]	lr: 9.988e-02, eta: 15:52:48, time: 0.159, data_time: 0.000, memory: 953, top1_acc: 0.8150, top5_acc: 0.9883, loss_cls: 0.5532, loss: 0.5532
2022-07-19 08:43:05,554 - pyskl - INFO - Epoch [3][2000/3133]	lr: 9.988e-02, eta: 15:52:25, time: 0.154, data_time: 0.000, memory: 953, top1_acc: 0.8194, top5_acc: 0.9861, loss_cls: 0.5426, loss: 0.5426
2022-07-19 08:43:21,411 - pyskl - INFO - Epoch [3][2100/3133]	lr: 9.988e-02, eta: 15:52:23, time: 0.159, data_time: 0.000, memory: 953, top1_acc: 0.8067, top5_acc: 0.9845, loss_cls: 0.5680, loss: 0.5680
2022-07-19 08:43:36,670 - pyskl - INFO - Epoch [3][2200/3133]	lr: 9.987e-02, eta: 15:51:55, time: 0.153, data_time: 0.000, memory: 953, top1_acc: 0.8248, top5_acc: 0.9864, loss_cls: 0.5287, loss: 0.5287
2022-07-19 08:43:51,707 - pyskl - INFO - Epoch [3][2300/3133]	lr: 9.987e-02, eta: 15:51:18, time: 0.150, data_time: 0.000, memory: 953, top1_acc: 0.8106, top5_acc: 0.9866, loss_cls: 0.5526, loss: 0.5526
2022-07-19 08:44:06,329 - pyskl - INFO - Epoch [3][2400/3133]	lr: 9.987e-02, eta: 15:50:24, time: 0.146, data_time: 0.000, memory: 953, top1_acc: 0.8202, top5_acc: 0.9884, loss_cls: 0.5447, loss: 0.5447
2022-07-19 08:44:20,944 - pyskl - INFO - Epoch [3][2500/3133]	lr: 9.987e-02, eta: 15:49:30, time: 0.146, data_time: 0.000, memory: 953, top1_acc: 0.8059, top5_acc: 0.9856, loss_cls: 0.5681, loss: 0.5681
2022-07-19 08:44:35,606 - pyskl - INFO - Epoch [3][2600/3133]	lr: 9.986e-02, eta: 15:48:39, time: 0.147, data_time: 0.000, memory: 953, top1_acc: 0.8216, top5_acc: 0.9867, loss_cls: 0.5321, loss: 0.5321
2022-07-19 08:44:50,591 - pyskl - INFO - Epoch [3][2700/3133]	lr: 9.986e-02, eta: 15:48:02, time: 0.150, data_time: 0.000, memory: 953, top1_acc: 0.8108, top5_acc: 0.9847, loss_cls: 0.5613, loss: 0.5613
2022-07-19 08:45:05,543 - pyskl - INFO - Epoch [3][2800/3133]	lr: 9.986e-02, eta: 15:47:25, time: 0.150, data_time: 0.000, memory: 953, top1_acc: 0.8145, top5_acc: 0.9858, loss_cls: 0.5569, loss: 0.5569
2022-07-19 08:45:20,827 - pyskl - INFO - Epoch [3][2900/3133]	lr: 9.985e-02, eta: 15:47:00, time: 0.153, data_time: 0.000, memory: 953, top1_acc: 0.8181, top5_acc: 0.9869, loss_cls: 0.5451, loss: 0.5451
2022-07-19 08:45:36,994 - pyskl - INFO - Epoch [3][3000/3133]	lr: 9.985e-02, eta: 15:47:12, time: 0.162, data_time: 0.000, memory: 953, top1_acc: 0.8183, top5_acc: 0.9848, loss_cls: 0.5558, loss: 0.5558
2022-07-19 08:45:51,914 - pyskl - INFO - Epoch [3][3100/3133]	lr: 9.985e-02, eta: 15:46:34, time: 0.149, data_time: 0.000, memory: 953, top1_acc: 0.8175, top5_acc: 0.9878, loss_cls: 0.5401, loss: 0.5401
2022-07-19 08:46:20,726 - pyskl - INFO - Evaluating top_k_accuracy ...
2022-07-19 08:46:20,799 - pyskl - INFO - 
top1_acc	0.7120
top2_acc	0.8365
2022-07-19 08:46:20,801 - pyskl - INFO - The previous best checkpoint /lustre/chaixiujuan/gzb/mmlab/debugpyskl/work_dirs/stgcn++/stgcn++_ntu60_xsub_hrnet/j-hrnet-cliplen20-gpu2-time5-bs32-lr01/best_top1_acc_epoch_1.pth was removed
2022-07-19 08:46:20,967 - pyskl - INFO - Now best checkpoint is saved as best_top1_acc_epoch_3.pth.
2022-07-19 08:46:20,967 - pyskl - INFO - Best top1_acc is 0.7120 at 3 epoch.
2022-07-19 08:46:20,974 - pyskl - INFO - Epoch(val) [3][258]	top1_acc: 0.7120, top2_acc: 0.8365
2022-07-19 08:46:53,690 - pyskl - INFO - Epoch [4][100/3133]	lr: 9.984e-02, eta: 15:54:00, time: 0.327, data_time: 0.178, memory: 953, top1_acc: 0.8122, top5_acc: 0.9825, loss_cls: 0.5864, loss: 0.5864
2022-07-19 08:47:08,544 - pyskl - INFO - Epoch [4][200/3133]	lr: 9.984e-02, eta: 15:53:15, time: 0.149, data_time: 0.000, memory: 953, top1_acc: 0.8119, top5_acc: 0.9864, loss_cls: 0.5608, loss: 0.5608
2022-07-19 08:47:23,333 - pyskl - INFO - Epoch [4][300/3133]	lr: 9.984e-02, eta: 15:52:29, time: 0.148, data_time: 0.000, memory: 953, top1_acc: 0.8323, top5_acc: 0.9903, loss_cls: 0.5005, loss: 0.5005
2022-07-19 08:47:38,154 - pyskl - INFO - Epoch [4][400/3133]	lr: 9.983e-02, eta: 15:51:44, time: 0.148, data_time: 0.000, memory: 953, top1_acc: 0.8264, top5_acc: 0.9878, loss_cls: 0.5271, loss: 0.5271
2022-07-19 08:47:53,259 - pyskl - INFO - Epoch [4][500/3133]	lr: 9.983e-02, eta: 15:51:10, time: 0.151, data_time: 0.000, memory: 953, top1_acc: 0.8298, top5_acc: 0.9859, loss_cls: 0.5341, loss: 0.5341
2022-07-19 08:48:07,968 - pyskl - INFO - Epoch [4][600/3133]	lr: 9.983e-02, eta: 15:50:22, time: 0.147, data_time: 0.000, memory: 953, top1_acc: 0.8228, top5_acc: 0.9889, loss_cls: 0.5331, loss: 0.5331
2022-07-19 08:48:22,895 - pyskl - INFO - Epoch [4][700/3133]	lr: 9.982e-02, eta: 15:49:43, time: 0.149, data_time: 0.000, memory: 953, top1_acc: 0.8237, top5_acc: 0.9877, loss_cls: 0.5308, loss: 0.5308
2022-07-19 08:48:37,716 - pyskl - INFO - Epoch [4][800/3133]	lr: 9.982e-02, eta: 15:49:00, time: 0.148, data_time: 0.000, memory: 953, top1_acc: 0.8316, top5_acc: 0.9888, loss_cls: 0.5176, loss: 0.5176
2022-07-19 08:48:52,684 - pyskl - INFO - Epoch [4][900/3133]	lr: 9.981e-02, eta: 15:48:23, time: 0.150, data_time: 0.000, memory: 953, top1_acc: 0.8125, top5_acc: 0.9856, loss_cls: 0.5496, loss: 0.5496
2022-07-19 08:49:07,323 - pyskl - INFO - Epoch [4][1000/3133]	lr: 9.981e-02, eta: 15:47:35, time: 0.146, data_time: 0.000, memory: 953, top1_acc: 0.8259, top5_acc: 0.9867, loss_cls: 0.5274, loss: 0.5274
