2022-08-05 11:27:28,603 - pyskl - INFO - Environment info:
------------------------------------------------------------
sys.platform: linux
Python: 3.7.11 (default, Jul 27 2021, 14:32:16) [GCC 7.5.0]
CUDA available: True
GPU 0,1: Tesla P100-SXM2-16GB
CUDA_HOME: /usr/local/cuda
NVCC: Cuda compilation tools, release 10.1, V10.1.105
GCC: gcc (GCC) 4.8.5 20150623 (Red Hat 4.8.5-4)
PyTorch: 1.7.1
PyTorch compiling details: PyTorch built with:
  - GCC 7.3
  - C++ Version: 201402
  - Intel(R) oneAPI Math Kernel Library Version 2021.4-Product Build 20210904 for Intel(R) 64 architecture applications
  - Intel(R) MKL-DNN v1.6.0 (Git Hash 5ef631a030a6f73131c77892041042805a06064f)
  - OpenMP 201511 (a.k.a. OpenMP 4.5)
  - NNPACK is enabled
  - CPU capability usage: AVX2
  - CUDA Runtime 10.1
  - NVCC architecture flags: -gencode;arch=compute_37,code=sm_37;-gencode;arch=compute_50,code=sm_50;-gencode;arch=compute_60,code=sm_60;-gencode;arch=compute_61,code=sm_61;-gencode;arch=compute_70,code=sm_70;-gencode;arch=compute_75,code=sm_75;-gencode;arch=compute_37,code=compute_37
  - CuDNN 7.6.3
  - Magma 2.5.2
  - Build settings: BLAS=MKL, BUILD_TYPE=Release, CXX_FLAGS= -Wno-deprecated -fvisibility-inlines-hidden -DUSE_PTHREADPOOL -fopenmp -DNDEBUG -DUSE_FBGEMM -DUSE_QNNPACK -DUSE_PYTORCH_QNNPACK -DUSE_XNNPACK -DUSE_VULKAN_WRAPPER -O2 -fPIC -Wno-narrowing -Wall -Wextra -Werror=return-type -Wno-missing-field-initializers -Wno-type-limits -Wno-array-bounds -Wno-unknown-pragmas -Wno-sign-compare -Wno-unused-parameter -Wno-unused-variable -Wno-unused-function -Wno-unused-result -Wno-unused-local-typedefs -Wno-strict-overflow -Wno-strict-aliasing -Wno-error=deprecated-declarations -Wno-stringop-overflow -Wno-psabi -Wno-error=pedantic -Wno-error=redundant-decls -Wno-error=old-style-cast -fdiagnostics-color=always -faligned-new -Wno-unused-but-set-variable -Wno-maybe-uninitialized -fno-math-errno -fno-trapping-math -Werror=format -Wno-stringop-overflow, PERF_WITH_AVX=1, PERF_WITH_AVX2=1, PERF_WITH_AVX512=1, USE_CUDA=ON, USE_EXCEPTION_PTR=1, USE_GFLAGS=OFF, USE_GLOG=OFF, USE_MKL=ON, USE_MKLDNN=ON, USE_MPI=OFF, USE_NCCL=ON, USE_NNPACK=ON, USE_OPENMP=ON, 

TorchVision: 0.8.2
OpenCV: 4.5.5
MMCV: 1.4.5
MMCV Compiler: GCC 7.3
MMCV CUDA Compiler: 10.1
pyskl: 0.1.0+
------------------------------------------------------------

2022-08-05 11:27:28,733 - pyskl - INFO - Config: model = dict(
    type='RecognizerGCN',
    backbone=dict(
        type='STGCNSkip',
        gcn_adaptive='init',
        gcn_with_res=True,
        tcn_type='mstcn',
        graph_cfg=dict(layout='cocolr', mode='spatial_lr3a')),
    cls_head=dict(type='GCNHead', num_classes=60, in_channels=256))
dataset_type = 'PoseDataset'
ann_file = 'data/nturgbd/ntu60_hrnet.pkl'
train_pipeline = [
    dict(type='PreNormalize2D'),
    dict(type='GenSkeFeat', dataset='coco', feats=['j']),
    dict(type='UniformSample', clip_len=100),
    dict(type='PoseDecode'),
    dict(type='FormatGCNInput', num_person=2),
    dict(type='Collect', keys=['keypoint', 'label'], meta_keys=[]),
    dict(type='ToTensor', keys=['keypoint'])
]
val_pipeline = [
    dict(type='PreNormalize2D'),
    dict(type='GenSkeFeat', dataset='coco', feats=['j']),
    dict(type='UniformSample', clip_len=100, num_clips=1, test_mode=True),
    dict(type='PoseDecode'),
    dict(type='FormatGCNInput', num_person=2),
    dict(type='Collect', keys=['keypoint', 'label'], meta_keys=[]),
    dict(type='ToTensor', keys=['keypoint'])
]
test_pipeline = [
    dict(type='PreNormalize2D'),
    dict(type='GenSkeFeat', dataset='coco', feats=['j']),
    dict(type='UniformSample', clip_len=100, num_clips=10, test_mode=True),
    dict(type='PoseDecode'),
    dict(type='FormatGCNInput', num_person=2),
    dict(type='Collect', keys=['keypoint', 'label'], meta_keys=[]),
    dict(type='ToTensor', keys=['keypoint'])
]
data = dict(
    videos_per_gpu=128,
    workers_per_gpu=2,
    test_dataloader=dict(videos_per_gpu=1),
    train=dict(
        type='RepeatDataset',
        times=5,
        dataset=dict(
            type='PoseDataset',
            ann_file='data/nturgbd/ntu60_hrnet.pkl',
            pipeline=[
                dict(type='PreNormalize2D'),
                dict(type='GenSkeFeat', dataset='coco', feats=['j']),
                dict(type='UniformSample', clip_len=100),
                dict(type='PoseDecode'),
                dict(type='FormatGCNInput', num_person=2),
                dict(type='Collect', keys=['keypoint', 'label'], meta_keys=[]),
                dict(type='ToTensor', keys=['keypoint'])
            ],
            split='xsub_train')),
    val=dict(
        type='PoseDataset',
        ann_file='data/nturgbd/ntu60_hrnet.pkl',
        pipeline=[
            dict(type='PreNormalize2D'),
            dict(type='GenSkeFeat', dataset='coco', feats=['j']),
            dict(
                type='UniformSample',
                clip_len=100,
                num_clips=1,
                test_mode=True),
            dict(type='PoseDecode'),
            dict(type='FormatGCNInput', num_person=2),
            dict(type='Collect', keys=['keypoint', 'label'], meta_keys=[]),
            dict(type='ToTensor', keys=['keypoint'])
        ],
        split='xsub_val'),
    test=dict(
        type='PoseDataset',
        ann_file='data/nturgbd/ntu60_hrnet.pkl',
        pipeline=[
            dict(type='PreNormalize2D'),
            dict(type='GenSkeFeat', dataset='coco', feats=['j']),
            dict(
                type='UniformSample',
                clip_len=100,
                num_clips=10,
                test_mode=True),
            dict(type='PoseDecode'),
            dict(type='FormatGCNInput', num_person=2),
            dict(type='Collect', keys=['keypoint', 'label'], meta_keys=[]),
            dict(type='ToTensor', keys=['keypoint'])
        ],
        split='xsub_val'))
optimizer = dict(
    type='SGD', lr=0.2, momentum=0.9, weight_decay=0.0005, nesterov=True)
optimizer_config = dict(grad_clip=None)
lr_config = dict(policy='CosineAnnealing', min_lr=0, by_epoch=False)
total_epochs = 120
checkpoint_config = dict(interval=120)
evaluation = dict(interval=1, metrics=['top_k_accuracy'], topk=(1, 2))
log_config = dict(interval=100, hooks=[dict(type='TextLoggerHook')])
log_level = 'INFO'
work_dir = './work_dirs/stgcn++/stgcn++_ntu60_xsub_hrnet/j-hrnet-cliplen100-gpu2-time5-bs128-lr02-2gcntcn'
dist_params = dict(backend='nccl')
gpu_ids = range(0, 2)

2022-08-05 11:27:28,734 - pyskl - INFO - Set random seed to 1337, deterministic: False
2022-08-05 11:27:32,142 - pyskl - INFO - 40091 videos remain after valid thresholding
2022-08-05 11:27:36,367 - pyskl - INFO - 16487 videos remain after valid thresholding
2022-08-05 11:27:36,380 - pyskl - INFO - Start running, host: chaixiujuan@gpu05, work_dir: /lustre/chaixiujuan/gzb/mmlab/debugpyskl/work_dirs/stgcn++/stgcn++_ntu60_xsub_hrnet/j-hrnet-cliplen100-gpu2-time5-bs128-lr02-2gcntcn
2022-08-05 11:27:36,381 - pyskl - INFO - Hooks will be executed in the following order:
before_run:
(VERY_HIGH   ) CosineAnnealingLrUpdaterHook       
(NORMAL      ) CheckpointHook                     
(NORMAL      ) DistEvalHook                       
(VERY_LOW    ) TextLoggerHook                     
 -------------------- 
before_train_epoch:
(VERY_HIGH   ) CosineAnnealingLrUpdaterHook       
(NORMAL      ) DistSamplerSeedHook                
(NORMAL      ) DistEvalHook                       
(LOW         ) IterTimerHook                      
(VERY_LOW    ) TextLoggerHook                     
 -------------------- 
before_train_iter:
(VERY_HIGH   ) CosineAnnealingLrUpdaterHook       
(NORMAL      ) DistEvalHook                       
(LOW         ) IterTimerHook                      
 -------------------- 
after_train_iter:
(ABOVE_NORMAL) OptimizerHook                      
(NORMAL      ) CheckpointHook                     
(NORMAL      ) DistEvalHook                       
(LOW         ) IterTimerHook                      
(VERY_LOW    ) TextLoggerHook                     
 -------------------- 
after_train_epoch:
(NORMAL      ) CheckpointHook                     
(NORMAL      ) DistEvalHook                       
(VERY_LOW    ) TextLoggerHook                     
 -------------------- 
before_val_epoch:
(NORMAL      ) DistSamplerSeedHook                
(LOW         ) IterTimerHook                      
(VERY_LOW    ) TextLoggerHook                     
 -------------------- 
before_val_iter:
(LOW         ) IterTimerHook                      
 -------------------- 
after_val_iter:
(LOW         ) IterTimerHook                      
 -------------------- 
after_val_epoch:
(VERY_LOW    ) TextLoggerHook                     
 -------------------- 
after_run:
(VERY_LOW    ) TextLoggerHook                     
 -------------------- 
2022-08-05 11:27:36,381 - pyskl - INFO - workflow: [('train', 1)], max: 120 epochs
2022-08-05 11:27:36,381 - pyskl - INFO - Checkpoints will be saved to /lustre/chaixiujuan/gzb/mmlab/debugpyskl/work_dirs/stgcn++/stgcn++_ntu60_xsub_hrnet/j-hrnet-cliplen100-gpu2-time5-bs128-lr02-2gcntcn by HardDiskBackend.
2022-08-05 11:29:22,841 - pyskl - INFO - Epoch [1][100/784]	lr: 2.000e-01, eta: 1 day, 3:47:25, time: 1.065, data_time: 0.185, memory: 14093, top1_acc: 0.1230, top5_acc: 0.3849, loss_cls: 3.2023, loss: 3.2023
2022-08-05 11:30:48,724 - pyskl - INFO - Epoch [1][200/784]	lr: 2.000e-01, eta: 1 day, 1:04:42, time: 0.859, data_time: 0.000, memory: 14093, top1_acc: 0.3854, top5_acc: 0.7822, loss_cls: 1.9599, loss: 1.9599
2022-08-05 11:32:14,609 - pyskl - INFO - Epoch [1][300/784]	lr: 2.000e-01, eta: 1 day, 0:09:31, time: 0.859, data_time: 0.000, memory: 14093, top1_acc: 0.5754, top5_acc: 0.9225, loss_cls: 1.2846, loss: 1.2846
2022-08-05 11:33:40,555 - pyskl - INFO - Epoch [1][400/784]	lr: 2.000e-01, eta: 23:41:27, time: 0.859, data_time: 0.000, memory: 14093, top1_acc: 0.6690, top5_acc: 0.9571, loss_cls: 0.9919, loss: 0.9919
2022-08-05 11:35:06,428 - pyskl - INFO - Epoch [1][500/784]	lr: 2.000e-01, eta: 23:23:49, time: 0.859, data_time: 0.000, memory: 14093, top1_acc: 0.7255, top5_acc: 0.9730, loss_cls: 0.8075, loss: 0.8075
2022-08-05 11:36:32,350 - pyskl - INFO - Epoch [1][600/784]	lr: 2.000e-01, eta: 23:11:42, time: 0.859, data_time: 0.000, memory: 14093, top1_acc: 0.7622, top5_acc: 0.9786, loss_cls: 0.7132, loss: 0.7132
2022-08-05 11:37:58,329 - pyskl - INFO - Epoch [1][700/784]	lr: 2.000e-01, eta: 23:02:46, time: 0.860, data_time: 0.000, memory: 14093, top1_acc: 0.7867, top5_acc: 0.9843, loss_cls: 0.6253, loss: 0.6253
2022-08-05 11:39:41,342 - pyskl - INFO - Evaluating top_k_accuracy ...
2022-08-05 11:39:41,408 - pyskl - INFO - 
top1_acc	0.0730
top2_acc	0.1268
2022-08-05 11:39:41,486 - pyskl - INFO - Now best checkpoint is saved as best_top1_acc_epoch_1.pth.
2022-08-05 11:39:41,486 - pyskl - INFO - Best top1_acc is 0.0730 at 1 epoch.
2022-08-05 11:39:41,491 - pyskl - INFO - Epoch(val) [1][65]	top1_acc: 0.0730, top2_acc: 0.1268
2022-08-05 11:41:25,684 - pyskl - INFO - Epoch [2][100/784]	lr: 2.000e-01, eta: 21:15:51, time: 1.042, data_time: 0.181, memory: 14093, top1_acc: 0.7682, top5_acc: 0.9765, loss_cls: 0.7038, loss: 0.7038
2022-08-05 11:42:51,618 - pyskl - INFO - Epoch [2][200/784]	lr: 1.999e-01, eta: 21:20:28, time: 0.859, data_time: 0.000, memory: 14093, top1_acc: 0.8304, top5_acc: 0.9903, loss_cls: 0.4989, loss: 0.4989
2022-08-05 11:44:17,428 - pyskl - INFO - Epoch [2][300/784]	lr: 1.999e-01, eta: 21:23:47, time: 0.858, data_time: 0.000, memory: 14093, top1_acc: 0.8443, top5_acc: 0.9909, loss_cls: 0.4680, loss: 0.4680
2022-08-05 11:45:43,244 - pyskl - INFO - Epoch [2][400/784]	lr: 1.999e-01, eta: 21:26:19, time: 0.858, data_time: 0.000, memory: 14093, top1_acc: 0.8587, top5_acc: 0.9926, loss_cls: 0.4260, loss: 0.4260
2022-08-05 11:47:09,129 - pyskl - INFO - Epoch [2][500/784]	lr: 1.999e-01, eta: 21:28:18, time: 0.859, data_time: 0.000, memory: 14093, top1_acc: 0.8595, top5_acc: 0.9933, loss_cls: 0.4187, loss: 0.4187
2022-08-05 11:48:35,080 - pyskl - INFO - Epoch [2][600/784]	lr: 1.999e-01, eta: 21:29:52, time: 0.859, data_time: 0.000, memory: 14093, top1_acc: 0.8738, top5_acc: 0.9945, loss_cls: 0.3858, loss: 0.3858
2022-08-05 11:50:01,016 - pyskl - INFO - Epoch [2][700/784]	lr: 1.999e-01, eta: 21:31:01, time: 0.859, data_time: 0.000, memory: 14093, top1_acc: 0.8782, top5_acc: 0.9950, loss_cls: 0.3676, loss: 0.3676
2022-08-05 11:51:43,107 - pyskl - INFO - Evaluating top_k_accuracy ...
2022-08-05 11:51:43,192 - pyskl - INFO - 
top1_acc	0.1706
top2_acc	0.2674
2022-08-05 11:51:43,193 - pyskl - INFO - The previous best checkpoint /lustre/chaixiujuan/gzb/mmlab/debugpyskl/work_dirs/stgcn++/stgcn++_ntu60_xsub_hrnet/j-hrnet-cliplen100-gpu2-time5-bs128-lr02-2gcntcn/best_top1_acc_epoch_1.pth was removed
2022-08-05 11:51:43,272 - pyskl - INFO - Now best checkpoint is saved as best_top1_acc_epoch_2.pth.
2022-08-05 11:51:43,273 - pyskl - INFO - Best top1_acc is 0.1706 at 2 epoch.
2022-08-05 11:51:43,277 - pyskl - INFO - Epoch(val) [2][65]	top1_acc: 0.1706, top2_acc: 0.2674
2022-08-05 11:53:27,067 - pyskl - INFO - Epoch [3][100/784]	lr: 1.998e-01, eta: 20:42:10, time: 1.038, data_time: 0.178, memory: 14093, top1_acc: 0.8572, top5_acc: 0.9913, loss_cls: 0.4455, loss: 0.4455
2022-08-05 11:54:52,880 - pyskl - INFO - Epoch [3][200/784]	lr: 1.998e-01, eta: 20:45:18, time: 0.858, data_time: 0.000, memory: 14093, top1_acc: 0.8873, top5_acc: 0.9962, loss_cls: 0.3367, loss: 0.3367
2022-08-05 11:56:18,640 - pyskl - INFO - Epoch [3][300/784]	lr: 1.998e-01, eta: 20:47:55, time: 0.858, data_time: 0.000, memory: 14093, top1_acc: 0.8952, top5_acc: 0.9967, loss_cls: 0.3119, loss: 0.3119
2022-08-05 11:57:44,485 - pyskl - INFO - Epoch [3][400/784]	lr: 1.998e-01, eta: 20:50:11, time: 0.858, data_time: 0.000, memory: 14093, top1_acc: 0.9000, top5_acc: 0.9965, loss_cls: 0.3035, loss: 0.3035
2022-08-05 11:59:10,354 - pyskl - INFO - Epoch [3][500/784]	lr: 1.998e-01, eta: 20:52:07, time: 0.859, data_time: 0.000, memory: 14093, top1_acc: 0.9025, top5_acc: 0.9965, loss_cls: 0.3015, loss: 0.3015
2022-08-05 12:00:36,216 - pyskl - INFO - Epoch [3][600/784]	lr: 1.997e-01, eta: 20:53:44, time: 0.859, data_time: 0.000, memory: 14093, top1_acc: 0.9014, top5_acc: 0.9962, loss_cls: 0.3016, loss: 0.3016
2022-08-05 12:02:02,187 - pyskl - INFO - Epoch [3][700/784]	lr: 1.997e-01, eta: 20:55:09, time: 0.860, data_time: 0.000, memory: 14093, top1_acc: 0.9054, top5_acc: 0.9967, loss_cls: 0.2874, loss: 0.2874
2022-08-05 12:03:44,708 - pyskl - INFO - Evaluating top_k_accuracy ...
2022-08-05 12:03:44,776 - pyskl - INFO - 
top1_acc	0.4168
top2_acc	0.5983
2022-08-05 12:03:44,777 - pyskl - INFO - The previous best checkpoint /lustre/chaixiujuan/gzb/mmlab/debugpyskl/work_dirs/stgcn++/stgcn++_ntu60_xsub_hrnet/j-hrnet-cliplen100-gpu2-time5-bs128-lr02-2gcntcn/best_top1_acc_epoch_2.pth was removed
2022-08-05 12:03:44,844 - pyskl - INFO - Now best checkpoint is saved as best_top1_acc_epoch_3.pth.
2022-08-05 12:03:44,845 - pyskl - INFO - Best top1_acc is 0.4168 at 3 epoch.
2022-08-05 12:03:44,849 - pyskl - INFO - Epoch(val) [3][65]	top1_acc: 0.4168, top2_acc: 0.5983
2022-08-05 12:05:28,417 - pyskl - INFO - Epoch [4][100/784]	lr: 1.997e-01, eta: 20:23:08, time: 1.036, data_time: 0.175, memory: 14093, top1_acc: 0.8725, top5_acc: 0.9921, loss_cls: 0.3976, loss: 0.3976
2022-08-05 12:06:54,245 - pyskl - INFO - Epoch [4][200/784]	lr: 1.996e-01, eta: 20:25:14, time: 0.858, data_time: 0.000, memory: 14093, top1_acc: 0.9124, top5_acc: 0.9965, loss_cls: 0.2712, loss: 0.2712
2022-08-05 12:08:20,220 - pyskl - INFO - Epoch [4][300/784]	lr: 1.996e-01, eta: 20:27:08, time: 0.860, data_time: 0.001, memory: 14093, top1_acc: 0.9169, top5_acc: 0.9973, loss_cls: 0.2564, loss: 0.2564
2022-08-05 12:09:46,460 - pyskl - INFO - Epoch [4][400/784]	lr: 1.996e-01, eta: 20:28:57, time: 0.862, data_time: 0.000, memory: 14093, top1_acc: 0.9188, top5_acc: 0.9979, loss_cls: 0.2499, loss: 0.2499
2022-08-05 12:11:12,698 - pyskl - INFO - Epoch [4][500/784]	lr: 1.995e-01, eta: 20:30:32, time: 0.862, data_time: 0.000, memory: 14093, top1_acc: 0.9199, top5_acc: 0.9973, loss_cls: 0.2485, loss: 0.2485
2022-08-05 12:12:38,547 - pyskl - INFO - Epoch [4][600/784]	lr: 1.995e-01, eta: 20:31:43, time: 0.858, data_time: 0.000, memory: 14093, top1_acc: 0.9153, top5_acc: 0.9975, loss_cls: 0.2600, loss: 0.2600
2022-08-05 12:14:04,466 - pyskl - INFO - Epoch [4][700/784]	lr: 1.995e-01, eta: 20:32:46, time: 0.859, data_time: 0.000, memory: 14093, top1_acc: 0.9200, top5_acc: 0.9975, loss_cls: 0.2484, loss: 0.2484
2022-08-05 12:15:46,536 - pyskl - INFO - Evaluating top_k_accuracy ...
2022-08-05 12:15:46,604 - pyskl - INFO - 
top1_acc	0.2102
top2_acc	0.3225
2022-08-05 12:15:46,607 - pyskl - INFO - Epoch(val) [4][65]	top1_acc: 0.2102, top2_acc: 0.3225
2022-08-05 12:17:30,428 - pyskl - INFO - Epoch [5][100/784]	lr: 1.994e-01, eta: 20:08:53, time: 1.038, data_time: 0.177, memory: 14093, top1_acc: 0.8829, top5_acc: 0.9932, loss_cls: 0.3658, loss: 0.3658
2022-08-05 12:18:56,559 - pyskl - INFO - Epoch [5][200/784]	lr: 1.994e-01, eta: 20:10:25, time: 0.861, data_time: 0.000, memory: 14093, top1_acc: 0.9254, top5_acc: 0.9982, loss_cls: 0.2336, loss: 0.2336
2022-08-05 12:20:22,642 - pyskl - INFO - Epoch [5][300/784]	lr: 1.993e-01, eta: 20:11:44, time: 0.861, data_time: 0.000, memory: 14093, top1_acc: 0.9283, top5_acc: 0.9984, loss_cls: 0.2239, loss: 0.2239
2022-08-05 12:21:48,660 - pyskl - INFO - Epoch [5][400/784]	lr: 1.993e-01, eta: 20:12:53, time: 0.860, data_time: 0.000, memory: 14093, top1_acc: 0.9284, top5_acc: 0.9980, loss_cls: 0.2237, loss: 0.2237
2022-08-05 12:23:14,532 - pyskl - INFO - Epoch [5][500/784]	lr: 1.993e-01, eta: 20:13:49, time: 0.859, data_time: 0.000, memory: 14093, top1_acc: 0.9322, top5_acc: 0.9984, loss_cls: 0.2119, loss: 0.2119
2022-08-05 12:24:40,531 - pyskl - INFO - Epoch [5][600/784]	lr: 1.992e-01, eta: 20:14:41, time: 0.860, data_time: 0.000, memory: 14093, top1_acc: 0.9280, top5_acc: 0.9980, loss_cls: 0.2261, loss: 0.2261
2022-08-05 12:26:06,573 - pyskl - INFO - Epoch [5][700/784]	lr: 1.992e-01, eta: 20:15:27, time: 0.860, data_time: 0.000, memory: 14093, top1_acc: 0.9269, top5_acc: 0.9981, loss_cls: 0.2270, loss: 0.2270
2022-08-05 12:27:49,689 - pyskl - INFO - Evaluating top_k_accuracy ...
2022-08-05 12:27:49,756 - pyskl - INFO - 
top1_acc	0.2954
top2_acc	0.4397
2022-08-05 12:27:49,759 - pyskl - INFO - Epoch(val) [5][65]	top1_acc: 0.2954, top2_acc: 0.4397
2022-08-05 12:29:34,392 - pyskl - INFO - Epoch [6][100/784]	lr: 1.991e-01, eta: 19:56:31, time: 1.046, data_time: 0.186, memory: 14093, top1_acc: 0.8841, top5_acc: 0.9909, loss_cls: 0.3722, loss: 0.3722
2022-08-05 12:31:00,365 - pyskl - INFO - Epoch [6][200/784]	lr: 1.991e-01, eta: 19:57:28, time: 0.860, data_time: 0.000, memory: 14093, top1_acc: 0.9248, top5_acc: 0.9977, loss_cls: 0.2327, loss: 0.2327
2022-08-05 12:32:26,357 - pyskl - INFO - Epoch [6][300/784]	lr: 1.990e-01, eta: 19:58:18, time: 0.860, data_time: 0.000, memory: 14093, top1_acc: 0.9339, top5_acc: 0.9986, loss_cls: 0.2105, loss: 0.2105
2022-08-05 12:33:52,377 - pyskl - INFO - Epoch [6][400/784]	lr: 1.990e-01, eta: 19:59:03, time: 0.860, data_time: 0.000, memory: 14093, top1_acc: 0.9335, top5_acc: 0.9985, loss_cls: 0.2113, loss: 0.2113
2022-08-05 12:35:18,346 - pyskl - INFO - Epoch [6][500/784]	lr: 1.989e-01, eta: 19:59:41, time: 0.860, data_time: 0.000, memory: 14093, top1_acc: 0.9345, top5_acc: 0.9980, loss_cls: 0.2081, loss: 0.2081
2022-08-05 12:36:44,327 - pyskl - INFO - Epoch [6][600/784]	lr: 1.989e-01, eta: 20:00:13, time: 0.860, data_time: 0.000, memory: 14093, top1_acc: 0.9390, top5_acc: 0.9989, loss_cls: 0.1976, loss: 0.1976
2022-08-05 12:38:10,388 - pyskl - INFO - Epoch [6][700/784]	lr: 1.988e-01, eta: 20:00:42, time: 0.861, data_time: 0.000, memory: 14093, top1_acc: 0.9353, top5_acc: 0.9984, loss_cls: 0.2093, loss: 0.2093
2022-08-05 12:39:53,095 - pyskl - INFO - Evaluating top_k_accuracy ...
2022-08-05 12:39:53,174 - pyskl - INFO - 
top1_acc	0.0334
top2_acc	0.0699
2022-08-05 12:39:53,177 - pyskl - INFO - Epoch(val) [6][65]	top1_acc: 0.0334, top2_acc: 0.0699
2022-08-05 12:41:37,237 - pyskl - INFO - Epoch [7][100/784]	lr: 1.987e-01, eta: 19:44:34, time: 1.041, data_time: 0.181, memory: 14093, top1_acc: 0.8873, top5_acc: 0.9926, loss_cls: 0.3577, loss: 0.3577
2022-08-05 12:43:03,212 - pyskl - INFO - Epoch [7][200/784]	lr: 1.987e-01, eta: 19:45:10, time: 0.860, data_time: 0.000, memory: 14093, top1_acc: 0.9320, top5_acc: 0.9985, loss_cls: 0.2152, loss: 0.2152
2022-08-05 12:44:29,324 - pyskl - INFO - Epoch [7][300/784]	lr: 1.986e-01, eta: 19:45:44, time: 0.861, data_time: 0.000, memory: 14093, top1_acc: 0.9391, top5_acc: 0.9984, loss_cls: 0.2005, loss: 0.2005
2022-08-05 12:45:55,389 - pyskl - INFO - Epoch [7][400/784]	lr: 1.986e-01, eta: 19:46:12, time: 0.861, data_time: 0.000, memory: 14093, top1_acc: 0.9409, top5_acc: 0.9986, loss_cls: 0.1912, loss: 0.1912
2022-08-05 12:47:21,431 - pyskl - INFO - Epoch [7][500/784]	lr: 1.985e-01, eta: 19:46:35, time: 0.860, data_time: 0.000, memory: 14093, top1_acc: 0.9394, top5_acc: 0.9987, loss_cls: 0.1956, loss: 0.1956
2022-08-05 12:48:47,415 - pyskl - INFO - Epoch [7][600/784]	lr: 1.984e-01, eta: 19:46:54, time: 0.860, data_time: 0.000, memory: 14093, top1_acc: 0.9404, top5_acc: 0.9988, loss_cls: 0.1968, loss: 0.1968
2022-08-05 12:50:13,510 - pyskl - INFO - Epoch [7][700/784]	lr: 1.984e-01, eta: 19:47:10, time: 0.861, data_time: 0.000, memory: 14093, top1_acc: 0.9387, top5_acc: 0.9987, loss_cls: 0.1968, loss: 0.1968
2022-08-05 12:51:55,567 - pyskl - INFO - Evaluating top_k_accuracy ...
2022-08-05 12:51:55,634 - pyskl - INFO - 
top1_acc	0.0661
top2_acc	0.2074
2022-08-05 12:51:55,637 - pyskl - INFO - Epoch(val) [7][65]	top1_acc: 0.0661, top2_acc: 0.2074
2022-08-05 12:53:39,590 - pyskl - INFO - Epoch [8][100/784]	lr: 1.983e-01, eta: 19:33:08, time: 1.039, data_time: 0.175, memory: 14093, top1_acc: 0.9062, top5_acc: 0.9956, loss_cls: 0.2955, loss: 0.2955
2022-08-05 12:55:05,528 - pyskl - INFO - Epoch [8][200/784]	lr: 1.982e-01, eta: 19:33:28, time: 0.859, data_time: 0.000, memory: 14093, top1_acc: 0.9380, top5_acc: 0.9986, loss_cls: 0.2027, loss: 0.2027
2022-08-05 12:56:31,430 - pyskl - INFO - Epoch [8][300/784]	lr: 1.981e-01, eta: 19:33:43, time: 0.859, data_time: 0.000, memory: 14093, top1_acc: 0.9454, top5_acc: 0.9991, loss_cls: 0.1785, loss: 0.1785
2022-08-05 12:57:57,380 - pyskl - INFO - Epoch [8][400/784]	lr: 1.981e-01, eta: 19:33:56, time: 0.859, data_time: 0.000, memory: 14093, top1_acc: 0.9390, top5_acc: 0.9987, loss_cls: 0.1918, loss: 0.1918
2022-08-05 12:59:23,305 - pyskl - INFO - Epoch [8][500/784]	lr: 1.980e-01, eta: 19:34:05, time: 0.859, data_time: 0.000, memory: 14093, top1_acc: 0.9444, top5_acc: 0.9990, loss_cls: 0.1861, loss: 0.1861
2022-08-05 13:00:49,287 - pyskl - INFO - Epoch [8][600/784]	lr: 1.979e-01, eta: 19:34:12, time: 0.860, data_time: 0.000, memory: 14093, top1_acc: 0.9413, top5_acc: 0.9988, loss_cls: 0.1896, loss: 0.1896
2022-08-05 13:02:15,327 - pyskl - INFO - Epoch [8][700/784]	lr: 1.979e-01, eta: 19:34:17, time: 0.860, data_time: 0.000, memory: 14093, top1_acc: 0.9404, top5_acc: 0.9988, loss_cls: 0.1920, loss: 0.1920
2022-08-05 13:03:57,667 - pyskl - INFO - Evaluating top_k_accuracy ...
2022-08-05 13:03:57,746 - pyskl - INFO - 
top1_acc	0.0187
top2_acc	0.0839
2022-08-05 13:03:57,750 - pyskl - INFO - Epoch(val) [8][65]	top1_acc: 0.0187, top2_acc: 0.0839
2022-08-05 13:05:41,608 - pyskl - INFO - Epoch [9][100/784]	lr: 1.977e-01, eta: 19:21:49, time: 1.039, data_time: 0.179, memory: 14093, top1_acc: 0.8866, top5_acc: 0.9934, loss_cls: 0.3613, loss: 0.3613
2022-08-05 13:07:07,543 - pyskl - INFO - Epoch [9][200/784]	lr: 1.977e-01, eta: 19:21:57, time: 0.859, data_time: 0.000, memory: 14093, top1_acc: 0.9348, top5_acc: 0.9988, loss_cls: 0.2078, loss: 0.2078
2022-08-05 13:08:33,480 - pyskl - INFO - Epoch [9][300/784]	lr: 1.976e-01, eta: 19:22:02, time: 0.859, data_time: 0.000, memory: 14093, top1_acc: 0.9404, top5_acc: 0.9989, loss_cls: 0.1891, loss: 0.1891
2022-08-05 13:09:59,368 - pyskl - INFO - Epoch [9][400/784]	lr: 1.975e-01, eta: 19:22:03, time: 0.859, data_time: 0.000, memory: 14093, top1_acc: 0.9467, top5_acc: 0.9988, loss_cls: 0.1772, loss: 0.1772
2022-08-05 13:11:25,329 - pyskl - INFO - Epoch [9][500/784]	lr: 1.975e-01, eta: 19:22:03, time: 0.860, data_time: 0.000, memory: 14093, top1_acc: 0.9429, top5_acc: 0.9987, loss_cls: 0.1887, loss: 0.1887
2022-08-05 13:12:51,423 - pyskl - INFO - Epoch [9][600/784]	lr: 1.974e-01, eta: 19:22:03, time: 0.861, data_time: 0.000, memory: 14093, top1_acc: 0.9400, top5_acc: 0.9989, loss_cls: 0.1900, loss: 0.1900
2022-08-05 13:14:17,471 - pyskl - INFO - Epoch [9][700/784]	lr: 1.973e-01, eta: 19:21:59, time: 0.860, data_time: 0.000, memory: 14093, top1_acc: 0.9418, top5_acc: 0.9988, loss_cls: 0.1893, loss: 0.1893
2022-08-05 13:16:00,276 - pyskl - INFO - Evaluating top_k_accuracy ...
2022-08-05 13:16:00,341 - pyskl - INFO - 
top1_acc	0.0679
top2_acc	0.1135
2022-08-05 13:16:00,343 - pyskl - INFO - Epoch(val) [9][65]	top1_acc: 0.0679, top2_acc: 0.1135
2022-08-05 13:17:45,109 - pyskl - INFO - Epoch [10][100/784]	lr: 1.972e-01, eta: 19:10:55, time: 1.048, data_time: 0.187, memory: 14093, top1_acc: 0.8721, top5_acc: 0.9907, loss_cls: 0.4042, loss: 0.4042
2022-08-05 13:19:11,061 - pyskl - INFO - Epoch [10][200/784]	lr: 1.971e-01, eta: 19:10:54, time: 0.860, data_time: 0.000, memory: 14093, top1_acc: 0.9307, top5_acc: 0.9986, loss_cls: 0.2164, loss: 0.2164
2022-08-05 13:20:37,067 - pyskl - INFO - Epoch [10][300/784]	lr: 1.970e-01, eta: 19:10:50, time: 0.860, data_time: 0.000, memory: 14093, top1_acc: 0.9432, top5_acc: 0.9987, loss_cls: 0.1826, loss: 0.1826
2022-08-05 13:22:02,960 - pyskl - INFO - Epoch [10][400/784]	lr: 1.969e-01, eta: 19:10:44, time: 0.859, data_time: 0.000, memory: 14093, top1_acc: 0.9438, top5_acc: 0.9990, loss_cls: 0.1799, loss: 0.1799
2022-08-05 13:23:28,990 - pyskl - INFO - Epoch [10][500/784]	lr: 1.968e-01, eta: 19:10:36, time: 0.860, data_time: 0.000, memory: 14093, top1_acc: 0.9436, top5_acc: 0.9991, loss_cls: 0.1803, loss: 0.1803
2022-08-05 13:24:55,017 - pyskl - INFO - Epoch [10][600/784]	lr: 1.968e-01, eta: 19:10:27, time: 0.860, data_time: 0.000, memory: 14093, top1_acc: 0.9461, top5_acc: 0.9988, loss_cls: 0.1752, loss: 0.1752
2022-08-05 13:26:21,017 - pyskl - INFO - Epoch [10][700/784]	lr: 1.967e-01, eta: 19:10:15, time: 0.860, data_time: 0.000, memory: 14093, top1_acc: 0.9429, top5_acc: 0.9992, loss_cls: 0.1902, loss: 0.1902
2022-08-05 13:28:03,848 - pyskl - INFO - Evaluating top_k_accuracy ...
2022-08-05 13:28:03,932 - pyskl - INFO - 
top1_acc	0.4438
top2_acc	0.6000
2022-08-05 13:28:03,934 - pyskl - INFO - The previous best checkpoint /lustre/chaixiujuan/gzb/mmlab/debugpyskl/work_dirs/stgcn++/stgcn++_ntu60_xsub_hrnet/j-hrnet-cliplen100-gpu2-time5-bs128-lr02-2gcntcn/best_top1_acc_epoch_3.pth was removed
2022-08-05 13:28:04,013 - pyskl - INFO - Now best checkpoint is saved as best_top1_acc_epoch_10.pth.
2022-08-05 13:28:04,014 - pyskl - INFO - Best top1_acc is 0.4438 at 10 epoch.
2022-08-05 13:28:04,018 - pyskl - INFO - Epoch(val) [10][65]	top1_acc: 0.4438, top2_acc: 0.6000
2022-08-05 13:29:47,535 - pyskl - INFO - Epoch [11][100/784]	lr: 1.965e-01, eta: 18:59:55, time: 1.035, data_time: 0.176, memory: 14093, top1_acc: 0.9188, top5_acc: 0.9971, loss_cls: 0.2622, loss: 0.2622
2022-08-05 13:31:13,523 - pyskl - INFO - Epoch [11][200/784]	lr: 1.964e-01, eta: 18:59:46, time: 0.860, data_time: 0.000, memory: 14093, top1_acc: 0.9407, top5_acc: 0.9986, loss_cls: 0.1900, loss: 0.1900
2022-08-05 13:32:39,536 - pyskl - INFO - Epoch [11][300/784]	lr: 1.963e-01, eta: 18:59:36, time: 0.860, data_time: 0.000, memory: 14093, top1_acc: 0.9445, top5_acc: 0.9990, loss_cls: 0.1768, loss: 0.1768
2022-08-05 13:34:05,475 - pyskl - INFO - Epoch [11][400/784]	lr: 1.962e-01, eta: 18:59:23, time: 0.859, data_time: 0.000, memory: 14093, top1_acc: 0.9463, top5_acc: 0.9991, loss_cls: 0.1737, loss: 0.1737
2022-08-05 13:35:31,408 - pyskl - INFO - Epoch [11][500/784]	lr: 1.961e-01, eta: 18:59:08, time: 0.859, data_time: 0.000, memory: 14093, top1_acc: 0.9430, top5_acc: 0.9991, loss_cls: 0.1809, loss: 0.1809
2022-08-05 13:36:57,366 - pyskl - INFO - Epoch [11][600/784]	lr: 1.961e-01, eta: 18:58:51, time: 0.860, data_time: 0.000, memory: 14093, top1_acc: 0.9489, top5_acc: 0.9992, loss_cls: 0.1669, loss: 0.1669
2022-08-05 13:38:23,408 - pyskl - INFO - Epoch [11][700/784]	lr: 1.960e-01, eta: 18:58:34, time: 0.860, data_time: 0.000, memory: 14093, top1_acc: 0.9423, top5_acc: 0.9988, loss_cls: 0.1884, loss: 0.1884
2022-08-05 13:40:04,919 - pyskl - INFO - Evaluating top_k_accuracy ...
2022-08-05 13:40:04,986 - pyskl - INFO - 
top1_acc	0.0557
top2_acc	0.1071
2022-08-05 13:40:04,989 - pyskl - INFO - Epoch(val) [11][65]	top1_acc: 0.0557, top2_acc: 0.1071
2022-08-05 13:41:48,690 - pyskl - INFO - Epoch [12][100/784]	lr: 1.958e-01, eta: 18:49:04, time: 1.037, data_time: 0.177, memory: 14093, top1_acc: 0.8650, top5_acc: 0.9868, loss_cls: 0.4338, loss: 0.4338
2022-08-05 13:43:14,668 - pyskl - INFO - Epoch [12][200/784]	lr: 1.957e-01, eta: 18:48:49, time: 0.860, data_time: 0.000, memory: 14093, top1_acc: 0.9372, top5_acc: 0.9985, loss_cls: 0.1998, loss: 0.1998
2022-08-05 13:44:40,591 - pyskl - INFO - Epoch [12][300/784]	lr: 1.956e-01, eta: 18:48:31, time: 0.859, data_time: 0.000, memory: 14093, top1_acc: 0.9454, top5_acc: 0.9992, loss_cls: 0.1779, loss: 0.1779
2022-08-05 13:46:06,581 - pyskl - INFO - Epoch [12][400/784]	lr: 1.955e-01, eta: 18:48:12, time: 0.860, data_time: 0.000, memory: 14093, top1_acc: 0.9460, top5_acc: 0.9990, loss_cls: 0.1717, loss: 0.1717
2022-08-05 13:47:32,575 - pyskl - INFO - Epoch [12][500/784]	lr: 1.954e-01, eta: 18:47:52, time: 0.860, data_time: 0.000, memory: 14093, top1_acc: 0.9495, top5_acc: 0.9991, loss_cls: 0.1653, loss: 0.1653
2022-08-05 13:48:58,574 - pyskl - INFO - Epoch [12][600/784]	lr: 1.953e-01, eta: 18:47:31, time: 0.860, data_time: 0.000, memory: 14093, top1_acc: 0.9404, top5_acc: 0.9988, loss_cls: 0.1913, loss: 0.1913
2022-08-05 13:50:24,547 - pyskl - INFO - Epoch [12][700/784]	lr: 1.952e-01, eta: 18:47:08, time: 0.860, data_time: 0.000, memory: 14093, top1_acc: 0.9423, top5_acc: 0.9988, loss_cls: 0.1864, loss: 0.1864
2022-08-05 13:52:07,606 - pyskl - INFO - Evaluating top_k_accuracy ...
2022-08-05 13:52:07,673 - pyskl - INFO - 
top1_acc	0.0380
top2_acc	0.1384
2022-08-05 13:52:07,676 - pyskl - INFO - Epoch(val) [12][65]	top1_acc: 0.0380, top2_acc: 0.1384
2022-08-05 13:53:52,115 - pyskl - INFO - Epoch [13][100/784]	lr: 1.950e-01, eta: 18:38:24, time: 1.044, data_time: 0.184, memory: 14093, top1_acc: 0.8868, top5_acc: 0.9918, loss_cls: 0.3647, loss: 0.3647
2022-08-05 13:55:18,107 - pyskl - INFO - Epoch [13][200/784]	lr: 1.949e-01, eta: 18:38:03, time: 0.860, data_time: 0.000, memory: 14093, top1_acc: 0.9440, top5_acc: 0.9987, loss_cls: 0.1886, loss: 0.1886
2022-08-05 13:56:44,064 - pyskl - INFO - Epoch [13][300/784]	lr: 1.948e-01, eta: 18:37:41, time: 0.860, data_time: 0.000, memory: 14093, top1_acc: 0.9438, top5_acc: 0.9989, loss_cls: 0.1791, loss: 0.1791
